  Log Name: Security
  Source: Microsoft-Windows-Security-Auditing
  Date: 2020-03-21T15:36:09.013
  Event ID: 4624
  Task: Logon
  Level: Information
  Opcode: Info
  Keyword: Audit Success
  User: N/A
  User Name: N/A
  Computer: DESKTOP-UR71QBS
  Description: 
An account was successfully logged on.

Subject:
	Security ID:		S-1-5-18
	Account Name:		DESKTOP-UR71QBS$
	Account Domain:		WORKGROUP
	Logon ID:		0x3E7

Logon Information:
	Logon Type:		5
	Restricted Admin Mode:	-
	Virtual Account:		No
	Elevated Token:		Yes

Impersonation Level:		Impersonation

New Logon:
	Security ID:		S-1-5-18
	Account Name:		SYSTEM
	Account Domain:		NT AUTHORITY
	Logon ID:		0x3E7
	Linked Logon ID:		0x0
	Network Account Name:	-
	Network Account Domain:	-
	Logon GUID:		{00000000-0000-0000-0000-000000000000}

Process Information:
	Process ID:		0x280
	Process Name:		C:\Windows\System32\services.exe

Network Information:
	Workstation Name:	-
	Source Network Address:	-
	Source Port:		-

Detailed Authentication Information:
	Logon Process:		Advapi  
	Authentication Package:	Negotiate
	Transited Services:	-
	Package Name (NTLM only):	-
	Key Length:		0

This event is generated when a logon session is created. It is generated on the computer that was accessed.

The subject fields indicate the account on the local system which requested the logon. This is most commonly a service such as the Server service, or a local process such as Winlogon.exe or Services.exe.

The logon type field indicates the kind of logon that occurred. The most common types are 2 (interactive) and 3 (network).

The New Logon fields indicate the account for whom the new logon was created, i.e. the account that was logged on.

The network fields indicate where a remote logon request originated. Workstation name is not always available and may be left blank in some cases.

The impersonation level field indicates the extent to which a process in the logon session can impersonate.

The authentication information fields provide detailed information about this specific logon request.
	- Logon GUID is a unique identifier that can be used to correlate this event with a KDC event.
	- Transited services indicate which intermediate services have participated in this logon request.
	- Package name indicates which sub-protocol was used among the NTLM protocols.
	- Key length indicates the length of the generated session key. This will be 0 if no session key was requested.

Event[222]:
  Log Name: Security
  Source: Microsoft-Windows-Security-Auditing
  Date: 2020-03-21T15:36:09.013
  Event ID: 4672
  Task: Special Logon
  Level: Information
  Opcode: Info
  Keyword: Audit Success
  User: N/A
  User Name: N/A
  Computer: DESKTOP-UR71QBS
  Description: 
Special privileges assigned to new logon.

Subject:
	Security ID:		S-1-5-18
	Account Name:		SYSTEM
	Account Domain:		NT AUTHORITY
	Logon ID:		0x3E7

Privileges:		SeAssignPrimaryTokenPrivilege
			SeTcbPrivilege
			SeSecurityPrivilege
			SeTakeOwnershipPrivilege
			SeLoadDriverPrivilege
			SeBackupPrivilege
			SeRestorePrivilege
			SeDebugPrivilege
			SeAuditPrivilege
			SeSystemEnvironmentPrivilege
			SeImpersonatePrivilege
			SeDelegateSessionUserImpersonatePrivilege



Event[2411]:
  Log Name: Security
  Source: Microsoft-Windows-Security-Auditing
  Date: 2020-06-26T13:37:58.226
  Event ID: 4624
  Task: Logon
  Level: Information
  Opcode: Info
  Keyword: Audit Success
  User: N/A
  User Name: N/A
  Computer: DESKTOP-UR71QBS
  Description: 
An account was successfully logged on.

Subject:
	Security ID:		S-1-5-18
	Account Name:		DESKTOP-UR71QBS$
	Account Domain:		WORKGROUP
	Logon ID:		0x3E7

Logon Information:
	Logon Type:		5
	Restricted Admin Mode:	-
	Virtual Account:		No
	Elevated Token:		Yes

Impersonation Level:		Impersonation

New Logon:
	Security ID:		S-1-5-18
	Account Name:		SYSTEM
	Account Domain:		NT AUTHORITY
	Logon ID:		0x3E7
	Linked Logon ID:		0x0
	Network Account Name:	-
	Network Account Domain:	-
	Logon GUID:		{00000000-0000-0000-0000-000000000000}

Process Information:
	Process ID:		0x274
	Process Name:		C:\Windows\System32\services.exe

Network Information:
	Workstation Name:	-
	Source Network Address:	-
	Source Port:		-

Detailed Authentication Information:
	Logon Process:		Advapi  
	Authentication Package:	Negotiate
	Transited Services:	-
	Package Name (NTLM only):	-
	Key Length:		0

This event is generated when a logon session is created. It is generated on the computer that was accessed.

The subject fields indicate the account on the local system which requested the logon. This is most commonly a service such as the Server service, or a local process such as Winlogon.exe or Services.exe.

The logon type field indicates the kind of logon that occurred. The most common types are 2 (interactive) and 3 (network).

The New Logon fields indicate the account for whom the new logon was created, i.e. the account that was logged on.

The network fields indicate where a remote logon request originated. Workstation name is not always available and may be left blank in some cases.

The impersonation level field indicates the extent to which a process in the logon session can impersonate.

The authentication information fields provide detailed information about this specific logon request.
	- Logon GUID is a unique identifier that can be used to correlate this event with a KDC event.
	- Transited services indicate which intermediate services have participated in this logon request.
	- Package name indicates which sub-protocol was used among the NTLM protocols.
	- Key length indicates the length of the generated session key. This will be 0 if no session key was requested.

Event[2412]:
  Log Name: Security
  Source: Microsoft-Windows-Security-Auditing
  Date: 2020-06-26T13:37:58.226
  Event ID: 4672
  Task: Special Logon
  Level: Information
  Opcode: Info
  Keyword: Audit Success
  User: N/A
  User Name: N/A
  Computer: DESKTOP-UR71QBS
  Description: 
Special privileges assigned to new logon.

Subject:
	Security ID:		S-1-5-18
	Account Name:		SYSTEM
	Account Domain:		NT AUTHORITY
	Logon ID:		0x3E7

Privileges:		SeAssignPrimaryTokenPrivilege
			SeTcbPrivilege
			SeSecurityPrivilege
			SeTakeOwnershipPrivilege
			SeLoadDriverPrivilege
			SeBackupPrivilege
			SeRestorePrivilege
			SeDebugPrivilege
			SeAuditPrivilege
			SeSystemEnvironmentPrivilege
			SeImpersonatePrivilege
			SeDelegateSessionUserImpersonatePrivilege

Event[2413]:
  Log Name: Security
  Source: Microsoft-Windows-Security-Auditing
  Date: 2020-06-26T13:38:06.125
  Event ID: 4624
  Task: Logon
  Level: Information
  Opcode: Info
  Keyword: Audit Success
  User: N/A
  User Name: N/A
  Computer: DESKTOP-UR71QBS
  Description: 
An account was successfully logged on.

Subject:
	Security ID:		S-1-5-18
	Account Name:		DESKTOP-UR71QBS$
	Account Domain:		WORKGROUP
	Logon ID:		0x3E7

Logon Information:
	Logon Type:		5
	Restricted Admin Mode:	-
	Virtual Account:		No
	Elevated Token:		Yes

Impersonation Level:		Impersonation

New Logon:
	Security ID:		S-1-5-18
	Account Name:		SYSTEM
	Account Domain:		NT AUTHORITY
	Logon ID:		0x3E7
	Linked Logon ID:		0x0
	Network Account Name:	-
	Network Account Domain:	-
	Logon GUID:		{00000000-0000-0000-0000-000000000000}

Process Information:
	Process ID:		0x274
	Process Name:		C:\Windows\System32\services.exe

Network Information:
	Workstation Name:	-
	Source Network Address:	-
	Source Port:		-

Detailed Authentication Information:
	Logon Process:		Advapi  
	Authentication Package:	Negotiate
	Transited Services:	-
	Package Name (NTLM only):	-
	Key Length:		0

This event is generated when a logon session is created. It is generated on the computer that was accessed.

The subject fields indicate the account on the local system which requested the logon. This is most commonly a service such as the Server service, or a local process such as Winlogon.exe or Services.exe.

The logon type field indicates the kind of logon that occurred. The most common types are 2 (interactive) and 3 (network).

The New Logon fields indicate the account for whom the new logon was created, i.e. the account that was logged on.

The network fields indicate where a remote logon request originated. Workstation name is not always available and may be left blank in some cases.

The impersonation level field indicates the extent to which a process in the logon session can impersonate.

The authentication information fields provide detailed information about this specific logon request.
	- Logon GUID is a unique identifier that can be used to correlate this event with a KDC event.
	- Transited services indicate which intermediate services have participated in this logon request.
	- Package name indicates which sub-protocol was used among the NTLM protocols.
	- Key length indicates the length of the generated session key. This will be 0 if no session key was requested.

Event[2414]:
  Log Name: Security
  Source: Microsoft-Windows-Security-Auditing
  Date: 2020-06-26T13:38:06.125
  Event ID: 4672
  Task: Special Logon
  Level: Information
  Opcode: Info
  Keyword: Audit Success
  User: N/A
  User Name: N/A
  Computer: DESKTOP-UR71QBS
  Description: 
Special privileges assigned to new logon.

Subject:
	Security ID:		S-1-5-18
	Account Name:		SYSTEM
	Account Domain:		NT AUTHORITY
	Logon ID:		0x3E7

Privileges:		SeAssignPrimaryTokenPrivilege
			SeTcbPrivilege
			SeSecurityPrivilege
			SeTakeOwnershipPrivilege
			SeLoadDriverPrivilege
			SeBackupPrivilege
			SeRestorePrivilege
			SeDebugPrivilege
			SeAuditPrivilege
			SeSystemEnvironmentPrivilege
			SeImpersonatePrivilege
			SeDelegateSessionUserImpersonatePrivilege

Event[2415]:
  Log Name: Security
  Source: Microsoft-Windows-Security-Auditing
  Date: 2020-06-26T13:41:32.623
  Event ID: 4719
  Task: Audit Policy Change
  Level: Information
  Opcode: Info
  Keyword: Audit Success
  User: N/A
  User Name: N/A
  Computer: DESKTOP-UR71QBS
  Description: 
System audit policy was changed.

Subject:
	Security ID:		S-1-5-18
	Account Name:		DESKTOP-UR71QBS$
	Account Domain:		WORKGROUP
	Logon ID:		0x3E7

Audit Policy Change:
	Category:		System
	Subcategory:		Security State Change
	Subcategory GUID:	{0cce9210-69ae-11d9-bed3-505054503030}
	Changes:		Success removed

Event[2416]:
  Log Name: Security
  Source: Microsoft-Windows-Security-Auditing
  Date: 2020-06-26T13:41:32.623
  Event ID: 4719
  Task: Audit Policy Change
  Level: Information
  Opcode: Info
  Keyword: Audit Success
  User: N/A
  User Name: N/A
  Computer: DESKTOP-UR71QBS
  Description: 
System audit policy was changed.

Subject:
	Security ID:		S-1-5-18
	Account Name:		DESKTOP-UR71QBS$
	Account Domain:		WORKGROUP
	Logon ID:		0x3E7

Audit Policy Change:
	Category:		System
	Subcategory:		System Integrity
	Subcategory GUID:	{0cce9212-69ae-11d9-bed3-505054503030}
	Changes:		Success removed, Failure removed

Event[2417]:
  Log Name: Security
  Source: Microsoft-Windows-Security-Auditing
  Date: 2020-06-26T13:41:32.623
  Event ID: 4719
  Task: Audit Policy Change
  Level: Information
  Opcode: Info
  Keyword: Audit Success
  User: N/A
  User Name: N/A
  Computer: DESKTOP-UR71QBS
  Description: 
System audit policy was changed.

Subject:
	Security ID:		S-1-5-18
	Account Name:		DESKTOP-UR71QBS$
	Account Domain:		WORKGROUP
	Logon ID:		0x3E7

Audit Policy Change:
	Category:		System
	Subcategory:		Other System Events
	Subcategory GUID:	{0cce9214-69ae-11d9-bed3-505054503030}
	Changes:		Success removed, Failure removed

Event[2418]:
  Log Name: Security
  Source: Microsoft-Windows-Security-Auditing
  Date: 2020-06-26T13:41:32.623
  Event ID: 4719
  Task: Audit Policy Change
  Level: Information
  Opcode: Info
  Keyword: Audit Success
  User: N/A
  User Name: N/A
  Computer: DESKTOP-UR71QBS
  Description: 
System audit policy was changed.

Subject:
	Security ID:		S-1-5-18
	Account Name:		DESKTOP-UR71QBS$
	Account Domain:		WORKGROUP
	Logon ID:		0x3E7

Audit Policy Change:
	Category:		Logon/Logoff
	Subcategory:		Logon
	Subcategory GUID:	{0cce9215-69ae-11d9-bed3-505054503030}
	Changes:		Success removed, Failure removed

Event[2419]:
  Log Name: Security
  Source: Microsoft-Windows-Security-Auditing
  Date: 2020-06-26T13:41:32.623
  Event ID: 4719
  Task: Audit Policy Change
  Level: Information
  Opcode: Info
  Keyword: Audit Success
  User: N/A
  User Name: N/A
  Computer: DESKTOP-UR71QBS
  Description: 
System audit policy was changed.

Subject:
	Security ID:		S-1-5-18
	Account Name:		DESKTOP-UR71QBS$
	Account Domain:		WORKGROUP
	Logon ID:		0x3E7

Audit Policy Change:
	Category:		Logon/Logoff
	Subcategory:		Logoff
	Subcategory GUID:	{0cce9216-69ae-11d9-bed3-505054503030}
	Changes:		Success removed

Event[2420]:
  Log Name: Security
  Source: Microsoft-Windows-Security-Auditing
  Date: 2020-06-26T13:41:32.623
  Event ID: 4719
  Task: Audit Policy Change
  Level: Information
  Opcode: Info
  Keyword: Audit Success
  User: N/A
  User Name: N/A
  Computer: DESKTOP-UR71QBS
  Description: 
System audit policy was changed.

Subject:
	Security ID:		S-1-5-18
	Account Name:		DESKTOP-UR71QBS$
	Account Domain:		WORKGROUP
	Logon ID:		0x3E7

Audit Policy Change:
	Category:		Logon/Logoff
	Subcategory:		Account Lockout
	Subcategory GUID:	{0cce9217-69ae-11d9-bed3-505054503030}
	Changes:		Success removed

Event[2421]:
  Log Name: Security
  Source: Microsoft-Windows-Security-Auditing
  Date: 2020-06-26T13:41:32.623
  Event ID: 4719
  Task: Audit Policy Change
  Level: Information
  Opcode: Info
  Keyword: Audit Success
  User: N/A
  User Name: N/A
  Computer: DESKTOP-UR71QBS
  Description: 
System audit policy was changed.

Subject:
	Security ID:		S-1-5-18
	Account Name:		DESKTOP-UR71QBS$
	Account Domain:		WORKGROUP
	Logon ID:		0x3E7

Audit Policy Change:
	Category:		Logon/Logoff
	Subcategory:		Special Logon
	Subcategory GUID:	{0cce921b-69ae-11d9-bed3-505054503030}
	Changes:		Success removed

Event[2422]:
  Log Name: Security
  Source: Microsoft-Windows-Security-Auditing
  Date: 2020-06-26T13:41:32.623
  Event ID: 4719
  Task: Audit Policy Change
  Level: Information
  Opcode: Info
  Keyword: Audit Success
  User: N/A
  User Name: N/A
  Computer: DESKTOP-UR71QBS
  Description: 
System audit policy was changed.

Subject:
	Security ID:		S-1-5-18
	Account Name:		DESKTOP-UR71QBS$
	Account Domain:		WORKGROUP
	Logon ID:		0x3E7

Audit Policy Change:
	Category:		Logon/Logoff
	Subcategory:		Network Policy Server
	Subcategory GUID:	{0cce9243-69ae-11d9-bed3-505054503030}
	Changes:		Success removed, Failure removed

Event[2423]:
  Log Name: Security
  Source: Microsoft-Windows-Security-Auditing
  Date: 2020-06-26T13:41:32.623
  Event ID: 4719
  Task: Audit Policy Change
  Level: Information
  Opcode: Info
  Keyword: Audit Success
  User: N/A
  User Name: N/A
  Computer: DESKTOP-UR71QBS
  Description: 
System audit policy was changed.

Subject:
	Security ID:		S-1-5-18
	Account Name:		DESKTOP-UR71QBS$
	Account Domain:		WORKGROUP
	Logon ID:		0x3E7

Audit Policy Change:
	Category:		Privilege Use
	Subcategory:		Non Sensitive Privilege Use
	Subcategory GUID:	{0cce9229-69ae-11d9-bed3-505054503030}
	Changes:		Success Added, Failure added

Event[2424]:
  Log Name: Security
  Source: Microsoft-Windows-Security-Auditing
  Date: 2020-06-26T13:41:32.623
  Event ID: 4719
  Task: Audit Policy Change
  Level: Information
  Opcode: Info
  Keyword: Audit Success
  User: N/A
  User Name: N/A
  Computer: DESKTOP-UR71QBS
  Description: 
System audit policy was changed.

Subject:
	Security ID:		S-1-5-18
	Account Name:		DESKTOP-UR71QBS$
	Account Domain:		WORKGROUP
	Logon ID:		0x3E7

Audit Policy Change:
	Category:		Policy Change
	Subcategory:		Audit Policy Change
	Subcategory GUID:	{0cce922f-69ae-11d9-bed3-505054503030}
	Changes:		Success removed

Event[2425]:
  Log Name: Security
  Source: Microsoft-Windows-Security-Auditing
  Date: 2020-06-26T13:41:32.623
  Event ID: 4719
  Task: Audit Policy Change
  Level: Information
  Opcode: Info
  Keyword: Audit Success
  User: N/A
  User Name: N/A
  Computer: DESKTOP-UR71QBS
  Description: 
System audit policy was changed.

Subject:
	Security ID:		S-1-5-18
	Account Name:		DESKTOP-UR71QBS$
	Account Domain:		WORKGROUP
	Logon ID:		0x3E7

Audit Policy Change:
	Category:		Policy Change
	Subcategory:		Authentication Policy Change
	Subcategory GUID:	{0cce9230-69ae-11d9-bed3-505054503030}
	Changes:		Success removed

Event[2426]:
  Log Name: Security
  Source: Microsoft-Windows-Security-Auditing
  Date: 2020-06-26T13:41:32.623
  Event ID: 4719
  Task: Audit Policy Change
  Level: Information
  Opcode: Info
  Keyword: Audit Success
  User: N/A
  User Name: N/A
  Computer: DESKTOP-UR71QBS
  Description: 
System audit policy was changed.

Subject:
	Security ID:		S-1-5-18
	Account Name:		DESKTOP-UR71QBS$
	Account Domain:		WORKGROUP
	Logon ID:		0x3E7

Audit Policy Change:
	Category:		Account Management
	Subcategory:		User Account Management
	Subcategory GUID:	{0cce9235-69ae-11d9-bed3-505054503030}
	Changes:		Success removed

Event[2427]:
  Log Name: Security
  Source: Microsoft-Windows-Security-Auditing
  Date: 2020-06-26T13:41:32.623
  Event ID: 4719
  Task: Audit Policy Change
  Level: Information
  Opcode: Info
  Keyword: Audit Success
  User: N/A
  User Name: N/A
  Computer: DESKTOP-UR71QBS
  Description: 
System audit policy was changed.

Subject:
	Security ID:		S-1-5-18
	Account Name:		DESKTOP-UR71QBS$
	Account Domain:		WORKGROUP
	Logon ID:		0x3E7

Audit Policy Change:
	Category:		Account Management
	Subcategory:		Security Group Management
	Subcategory GUID:	{0cce9237-69ae-11d9-bed3-505054503030}
	Changes:		Success removed

Event[2428]:
  Log Name: Security
  Source: Microsoft-Windows-Security-Auditing
  Date: 2020-06-26T13:41:49.015
  Event ID: 4673
  Task: Non Sensitive Privilege Use
  Level: Information
  Opcode: Info
  Keyword: Audit Failure
  User: N/A
  User Name: N/A
  Computer: DESKTOP-UR71QBS
  Description: 
A privileged service was called.

Subject:
	Security ID:		S-1-5-21-999993552-654098596-4043940906-1001
	Account Name:		John
	Account Domain:		DESKTOP-UR71QBS
	Logon ID:		0x1A51E

Service:
	Server:	Security
	Service Name:	-

Process:
	Process ID:	0x12d8
	Process Name:	C:\Windows\System32\backgroundTaskHost.exe

Service Request Information:
	Privileges:		SeProfileSingleProcessPrivilege

Event[2429]:
  Log Name: Security
  Source: Microsoft-Windows-Security-Auditing
  Date: 2020-06-26T13:41:49.183
  Event ID: 4673
  Task: Non Sensitive Privilege Use
  Level: Information
  Opcode: Info
  Keyword: Audit Failure
  User: N/A
  User Name: N/A
  Computer: DESKTOP-UR71QBS
  Description: 
A privileged service was called.

Subject:
	Security ID:		S-1-5-21-999993552-654098596-4043940906-1001
	Account Name:		John
	Account Domain:		DESKTOP-UR71QBS
	Logon ID:		0x1A51E

Service:
	Server:	Security
	Service Name:	-

Process:
	Process ID:	0x530
	Process Name:	C:\Windows\System32\RuntimeBroker.exe

Service Request Information:
	Privileges:		SeProfileSingleProcessPrivilege

Event[2430]:
  Log Name: Security
  Source: Microsoft-Windows-Security-Auditing
  Date: 2020-06-26T13:41:49.822
  Event ID: 4719
  Task: Audit Policy Change
  Level: Information
  Opcode: Info
  Keyword: Audit Success
  User: N/A
  User Name: N/A
  Computer: DESKTOP-UR71QBS
  Description: 
System audit policy was changed.

Subject:
	Security ID:		S-1-5-18
	Account Name:		DESKTOP-UR71QBS$
	Account Domain:		WORKGROUP
	Logon ID:		0x3E7

Audit Policy Change:
	Category:		Object Access
	Subcategory:		File Share
	Subcategory GUID:	{0cce9224-69ae-11d9-bed3-505054503030}
	Changes:		Success Added, Failure added

Event[2431]:
  Log Name: Security
  Source: Microsoft-Windows-Security-Auditing
  Date: 2020-06-26T13:41:56.588
  Event ID: 4719
  Task: Audit Policy Change
  Level: Information
  Opcode: Info
  Keyword: Audit Success
  User: N/A
  User Name: N/A
  Computer: DESKTOP-UR71QBS
  Description: 
System audit policy was changed.

Subject:
	Security ID:		S-1-5-18
	Account Name:		DESKTOP-UR71QBS$
	Account Domain:		WORKGROUP
	Logon ID:		0x3E7

Audit Policy Change:
	Category:		Object Access
	Subcategory:		File System
	Subcategory GUID:	{0cce921d-69ae-11d9-bed3-505054503030}
	Changes:		Success Added, Failure added

Event[2432]:
  Log Name: Security
  Source: Microsoft-Windows-Security-Auditing
  Date: 2020-06-26T13:42:27.565
  Event ID: 4673
  Task: Non Sensitive Privilege Use
  Level: Information
  Opcode: Info
  Keyword: Audit Failure
  User: N/A
  User Name: N/A
  Computer: DESKTOP-UR71QBS
  Description: 
A privileged service was called.

Subject:
	Security ID:		S-1-5-21-999993552-654098596-4043940906-1001
	Account Name:		John
	Account Domain:		DESKTOP-UR71QBS
	Logon ID:		0x1A51E

Service:
	Server:	Security
	Service Name:	-

Process:
	Process ID:	0x1c50
	Process Name:	C:\Windows\System32\MusNotifyIcon.exe

Service Request Information:
	Privileges:		SeProfileSingleProcessPrivilege

Event[2433]:
  Log Name: Security
  Source: Microsoft-Windows-Security-Auditing
  Date: 2020-06-26T13:42:27.858
  Event ID: 4673
  Task: Non Sensitive Privilege Use
  Level: Information
  Opcode: Info
  Keyword: Audit Failure
  User: N/A
  User Name: N/A
  Computer: DESKTOP-UR71QBS
  Description: 
A privileged service was called.

Subject:
	Security ID:		S-1-5-21-999993552-654098596-4043940906-1001
	Account Name:		John
	Account Domain:		DESKTOP-UR71QBS
	Logon ID:		0x1A51E

Service:
	Server:	Security
	Service Name:	-

Process:
	Process ID:	0x1af4
	Process Name:	C:\Windows\System32\MusNotificationUx.exe

Service Request Information:
	Privileges:		SeProfileSingleProcessPrivilege

Event[2434]:
  Log Name: Security
  Source: Microsoft-Windows-Security-Auditing
  Date: 2020-06-26T13:42:27.881
  Event ID: 4673
  Task: Non Sensitive Privilege Use
  Level: Information
  Opcode: Info
  Keyword: Audit Failure
  User: N/A
  User Name: N/A
  Computer: DESKTOP-UR71QBS
  Description: 
A privileged service was called.

Subject:
	Security ID:		S-1-5-21-999993552-654098596-4043940906-1001
	Account Name:		John
	Account Domain:		DESKTOP-UR71QBS
	Logon ID:		0x1A51E

Service:
	Server:	Security
	Service Name:	-

Process:
	Process ID:	0x720
	Process Name:	C:\Windows\System32\MusNotificationUx.exe

Service Request Information:
	Privileges:		SeProfileSingleProcessPrivilege

Event[2435]:
  Log Name: Security
  Source: Microsoft-Windows-Security-Auditing
  Date: 2020-06-26T13:42:28.937
  Event ID: 4673
  Task: Non Sensitive Privilege Use
  Level: Information
  Opcode: Info
  Keyword: Audit Failure
  User: N/A
  User Name: N/A
  Computer: DESKTOP-UR71QBS
  Description: 
A privileged service was called.

Subject:
	Security ID:		S-1-5-21-999993552-654098596-4043940906-1001
	Account Name:		John
	Account Domain:		DESKTOP-UR71QBS
	Logon ID:		0x1A51E

Service:
	Server:	Security
	Service Name:	-

Process:
	Process ID:	0x1ca8
	Process Name:	C:\Windows\System32\MusNotifyIcon.exe

Service Request Information:
	Privileges:		SeProfileSingleProcessPrivilege

Event[2436]:
  Log Name: Security
  Source: Microsoft-Windows-Security-Auditing
  Date: 2020-06-26T13:42:28.937
  Event ID: 4673
  Task: Non Sensitive Privilege Use
  Level: Information
  Opcode: Info
  Keyword: Audit Failure
  User: N/A
  User Name: N/A
  Computer: DESKTOP-UR71QBS
  Description: 
A privileged service was called.

Subject:
	Security ID:		S-1-5-21-999993552-654098596-4043940906-1001
	Account Name:		John
	Account Domain:		DESKTOP-UR71QBS
	Logon ID:		0x1A51E

Service:
	Server:	Security
	Service Name:	-

Process:
	Process ID:	0x8d0
	Process Name:	C:\Windows\System32\MusNotifyIcon.exe

Service Request Information:
	Privileges:		SeProfileSingleProcessPrivilege

Event[2437]:
  Log Name: Security
  Source: Microsoft-Windows-Security-Auditing
  Date: 2020-06-26T13:42:29.762
  Event ID: 4673
  Task: Non Sensitive Privilege Use
  Level: Information
  Opcode: Info
  Keyword: Audit Failure
  User: N/A
  User Name: N/A
  Computer: DESKTOP-UR71QBS
  Description: 
A privileged service was called.

Subject:
	Security ID:		S-1-5-21-999993552-654098596-4043940906-1001
	Account Name:		John
	Account Domain:		DESKTOP-UR71QBS
	Logon ID:		0x1A51E

Service:
	Server:	Security
	Service Name:	-

Process:
	Process ID:	0x210
	Process Name:	C:\Windows\System32\taskhostw.exe

Service Request Information:
	Privileges:		SeProfileSingleProcessPrivilege

Event[2438]:
  Log Name: Security
  Source: Microsoft-Windows-Security-Auditing
  Date: 2020-06-26T13:42:31.427
  Event ID: 4719
  Task: Audit Policy Change
  Level: Information
  Opcode: Info
  Keyword: Audit Success
  User: N/A
  User Name: N/A
  Computer: DESKTOP-UR71QBS
  Description: 
System audit policy was changed.

Subject:
	Security ID:		S-1-5-18
	Account Name:		DESKTOP-UR71QBS$
	Account Domain:		WORKGROUP
	Logon ID:		0x3E7

Audit Policy Change:
	Category:		Privilege Use
	Subcategory:		Other Privilege Use Events
	Subcategory GUID:	{0cce922a-69ae-11d9-bed3-505054503030}
	Changes:		Success Added, Failure added

Event[2439]:
  Log Name: Security
  Source: Microsoft-Windows-Security-Auditing
  Date: 2020-06-26T13:42:37.592
  Event ID: 4719
  Task: Audit Policy Change
  Level: Information
  Opcode: Info
  Keyword: Audit Success
  User: N/A
  User Name: N/A
  Computer: DESKTOP-UR71QBS
  Description: 
System audit policy was changed.

Subject:
	Security ID:		S-1-5-18
	Account Name:		DESKTOP-UR71QBS$
	Account Domain:		WORKGROUP
	Logon ID:		0x3E7

Audit Policy Change:
	Category:		Privilege Use
	Subcategory:		Sensitive Privilege Use
	Subcategory GUID:	{0cce9228-69ae-11d9-bed3-505054503030}
	Changes:		Success Added, Failure added

Event[2440]:
  Log Name: Security
  Source: Microsoft-Windows-Security-Auditing
  Date: 2020-06-26T13:42:37.592
  Event ID: 4674
  Task: Sensitive Privilege Use
  Level: Information
  Opcode: Info
  Keyword: Audit Failure
  User: N/A
  User Name: N/A
  Computer: DESKTOP-UR71QBS
  Description: 
An operation was attempted on a privileged object.

Subject:
	Security ID:		S-1-5-19
	Account Name:		LOCAL SERVICE
	Account Domain:		NT AUTHORITY
	Logon ID:		0x3E5

Object:
	Object Server:	LSA
	Object Type:	-
	Object Name:	-
	Object Handle:	0x0

Process Information:
	Process ID:	0x284
	Process Name:	C:\Windows\System32\lsass.exe

Requested Operation:
	Desired Access:	16777216
	Privileges:		SeSecurityPrivilege

Event[2441]:
  Log Name: Security
  Source: Microsoft-Windows-Security-Auditing
  Date: 2020-06-26T13:42:37.593
  Event ID: 4674
  Task: Sensitive Privilege Use
  Level: Information
  Opcode: Info
  Keyword: Audit Failure
  User: N/A
  User Name: N/A
  Computer: DESKTOP-UR71QBS
  Description: 
An operation was attempted on a privileged object.

Subject:
	Security ID:		S-1-5-19
	Account Name:		LOCAL SERVICE
	Account Domain:		NT AUTHORITY
	Logon ID:		0x3E5

Object:
	Object Server:	LSA
	Object Type:	-
	Object Name:	-
	Object Handle:	0x0

Process Information:
	Process ID:	0x284
	Process Name:	C:\Windows\System32\lsass.exe

Requested Operation:
	Desired Access:	16777216
	Privileges:		SeSecurityPrivilege

Event[2442]:
  Log Name: Security
  Source: Microsoft-Windows-Security-Auditing
  Date: 2020-06-26T13:42:37.593
  Event ID: 4674
  Task: Sensitive Privilege Use
  Level: Information
  Opcode: Info
  Keyword: Audit Failure
  User: N/A
  User Name: N/A
  Computer: DESKTOP-UR71QBS
  Description: 
An operation was attempted on a privileged object.

Subject:
	Security ID:		S-1-5-19
	Account Name:		LOCAL SERVICE
	Account Domain:		NT AUTHORITY
	Logon ID:		0x3E5

Object:
	Object Server:	LSA
	Object Type:	-
	Object Name:	-
	Object Handle:	0x0

Process Information:
	Process ID:	0x284
	Process Name:	C:\Windows\System32\lsass.exe

Requested Operation:
	Desired Access:	16777216
	Privileges:		SeSecurityPrivilege

Event[2443]:
  Log Name: Security
  Source: Microsoft-Windows-Security-Auditing
  Date: 2020-06-26T13:42:37.593
  Event ID: 4674
  Task: Sensitive Privilege Use
  Level: Information
  Opcode: Info
  Keyword: Audit Failure
  User: N/A
  User Name: N/A
  Computer: DESKTOP-UR71QBS
  Description: 
An operation was attempted on a privileged object.

Subject:
	Security ID:		S-1-5-19
	Account Name:		LOCAL SERVICE
	Account Domain:		NT AUTHORITY
	Logon ID:		0x3E5

Object:
	Object Server:	LSA
	Object Type:	-
	Object Name:	-
	Object Handle:	0x0

Process Information:
	Process ID:	0x284
	Process Name:	C:\Windows\System32\lsass.exe

Requested Operation:
	Desired Access:	16777216
	Privileges:		SeSecurityPrivilege

Event[2444]:
  Log Name: Security
  Source: Microsoft-Windows-Security-Auditing
  Date: 2020-06-26T13:42:38.112
  Event ID: 4673
  Task: Sensitive Privilege Use
  Level: Information
  Opcode: Info
  Keyword: Audit Success
  User: N/A
  User Name: N/A
  Computer: DESKTOP-UR71QBS
  Description: 
A privileged service was called.

Subject:
	Security ID:		S-1-5-18
	Account Name:		DESKTOP-UR71QBS$
	Account Domain:		WORKGROUP
	Logon ID:		0x3E7

Service:
	Server:	NT Local Security Authority / Authentication Service
	Service Name:	LsaRegisterLogonProcess()

Process:
	Process ID:	0x284
	Process Name:	C:\Windows\System32\lsass.exe

Service Request Information:
	Privileges:		SeTcbPrivilege

Event[2445]:
  Log Name: Security
  Source: Microsoft-Windows-Security-Auditing
  Date: 2020-06-26T13:43:00.050
  Event ID: 4673
  Task: Sensitive Privilege Use
  Level: Information
  Opcode: Info
  Keyword: Audit Failure
  User: N/A
  User Name: N/A
  Computer: DESKTOP-UR71QBS
  Description: 
A privileged service was called.

Subject:
	Security ID:		S-1-5-19
	Account Name:		LOCAL SERVICE
	Account Domain:		NT AUTHORITY
	Logon ID:		0x3E5

Service:
	Server:	Security
	Service Name:	-

Process:
	Process ID:	0xe54
	Process Name:	C:\Windows\System32\svchost.exe

Service Request Information:
	Privileges:		SeProfileSingleProcessPrivilege

Event[2446]:
  Log Name: Security
  Source: Microsoft-Windows-Security-Auditing
  Date: 2020-06-26T13:43:00.050
  Event ID: 4673
  Task: Sensitive Privilege Use
  Level: Information
  Opcode: Info
  Keyword: Audit Failure
  User: N/A
  User Name: N/A
  Computer: DESKTOP-UR71QBS
  Description: 
A privileged service was called.

Subject:
	Security ID:		S-1-5-19
	Account Name:		LOCAL SERVICE
	Account Domain:		NT AUTHORITY
	Logon ID:		0x3E5

Service:
	Server:	Security
	Service Name:	-

Process:
	Process ID:	0xe54
	Process Name:	C:\Windows\System32\svchost.exe

Service Request Information:
	Privileges:		SeProfileSingleProcessPrivilege

Event[2447]:
  Log Name: Security
  Source: Microsoft-Windows-Security-Auditing
  Date: 2020-06-26T13:43:06.567
  Event ID: 4673
  Task: Sensitive Privilege Use
  Level: Information
  Opcode: Info
  Keyword: Audit Failure
  User: N/A
  User Name: N/A
  Computer: DESKTOP-UR71QBS
  Description: 
A privileged service was called.

Subject:
	Security ID:		S-1-5-21-999993552-654098596-4043940906-1001
	Account Name:		John
	Account Domain:		DESKTOP-UR71QBS
	Logon ID:		0x1A51E

Service:
	Server:	Security
	Service Name:	-

Process:
	Process ID:	0x1270
	Process Name:	C:\Windows\explorer.exe

Service Request Information:
	Privileges:		SeTcbPrivilege

Event[2448]:
  Log Name: Security
  Source: Microsoft-Windows-Security-Auditing
  Date: 2020-06-26T13:43:06.833
  Event ID: 4673
  Task: Sensitive Privilege Use
  Level: Information
  Opcode: Info
  Keyword: Audit Failure
  User: N/A
  User Name: N/A
  Computer: DESKTOP-UR71QBS
  Description: 
A privileged service was called.

Subject:
	Security ID:		S-1-5-21-999993552-654098596-4043940906-1001
	Account Name:		John
	Account Domain:		DESKTOP-UR71QBS
	Logon ID:		0x1A51E

Service:
	Server:	Security
	Service Name:	-

Process:
	Process ID:	0x19f8
	Process Name:	C:\Windows\System32\dllhost.exe

Service Request Information:
	Privileges:		SeProfileSingleProcessPrivilege

Event[2449]:
  Log Name: Security
  Source: Microsoft-Windows-Security-Auditing
  Date: 2020-06-26T13:43:06.833
  Event ID: 4673
  Task: Sensitive Privilege Use
  Level: Information
  Opcode: Info
  Keyword: Audit Failure
  User: N/A
  User Name: N/A
  Computer: DESKTOP-UR71QBS
  Description: 
A privileged service was called.

Subject:
	Security ID:		S-1-5-21-999993552-654098596-4043940906-1001
	Account Name:		John
	Account Domain:		DESKTOP-UR71QBS
	Logon ID:		0x1A51E

Service:
	Server:	Security
	Service Name:	-

Process:
	Process ID:	0x19f8
	Process Name:	C:\Windows\System32\dllhost.exe

Service Request Information:
	Privileges:		SeProfileSingleProcessPrivilege

Event[2450]:
  Log Name: Security
  Source: Microsoft-Windows-Security-Auditing
  Date: 2020-06-26T13:43:06.833
  Event ID: 4673
  Task: Sensitive Privilege Use
  Level: Information
  Opcode: Info
  Keyword: Audit Failure
  User: N/A
  User Name: N/A
  Computer: DESKTOP-UR71QBS
  Description: 
A privileged service was called.

Subject:
	Security ID:		S-1-5-21-999993552-654098596-4043940906-1001
	Account Name:		John
	Account Domain:		DESKTOP-UR71QBS
	Logon ID:		0x1A51E

Service:
	Server:	Security
	Service Name:	-

Process:
	Process ID:	0x19f8
	Process Name:	C:\Windows\System32\dllhost.exe

Service Request Information:
	Privileges:		SeProfileSingleProcessPrivilege

Event[2451]:
  Log Name: Security
  Source: Microsoft-Windows-Security-Auditing
  Date: 2020-06-26T13:43:06.833
  Event ID: 4673
  Task: Sensitive Privilege Use
  Level: Information
  Opcode: Info
  Keyword: Audit Failure
  User: N/A
  User Name: N/A
  Computer: DESKTOP-UR71QBS
  Description: 
A privileged service was called.

Subject:
	Security ID:		S-1-5-21-999993552-654098596-4043940906-1001
	Account Name:		John
	Account Domain:		DESKTOP-UR71QBS
	Logon ID:		0x1A51E

Service:
	Server:	Security
	Service Name:	-

Process:
	Process ID:	0x19f8
	Process Name:	C:\Windows\System32\dllhost.exe

Service Request Information:
	Privileges:		SeProfileSingleProcessPrivilege

Event[2452]:
  Log Name: Security
  Source: Microsoft-Windows-Security-Auditing
  Date: 2020-06-26T13:43:06.834
  Event ID: 4673
  Task: Sensitive Privilege Use
  Level: Information
  Opcode: Info
  Keyword: Audit Failure
  User: N/A
  User Name: N/A
  Computer: DESKTOP-UR71QBS
  Description: 
A privileged service was called.

Subject:
	Security ID:		S-1-5-21-999993552-654098596-4043940906-1001
	Account Name:		John
	Account Domain:		DESKTOP-UR71QBS
	Logon ID:		0x1A51E

Service:
	Server:	Security
	Service Name:	-

Process:
	Process ID:	0x19f8
	Process Name:	C:\Windows\System32\dllhost.exe

Service Request Information:
	Privileges:		SeProfileSingleProcessPrivilege

Event[2453]:
  Log Name: Security
  Source: Microsoft-Windows-Security-Auditing
  Date: 2020-06-26T13:43:06.834
  Event ID: 4673
  Task: Sensitive Privilege Use
  Level: Information
  Opcode: Info
  Keyword: Audit Failure
  User: N/A
  User Name: N/A
  Computer: DESKTOP-UR71QBS
  Description: 
A privileged service was called.

Subject:
	Security ID:		S-1-5-21-999993552-654098596-4043940906-1001
	Account Name:		John
	Account Domain:		DESKTOP-UR71QBS
	Logon ID:		0x1A51E

Service:
	Server:	Security
	Service Name:	-

Process:
	Process ID:	0x19f8
	Process Name:	C:\Windows\System32\dllhost.exe

Service Request Information:
	Privileges:		SeProfileSingleProcessPrivilege

Event[2454]:
  Log Name: Security
  Source: Microsoft-Windows-Security-Auditing
  Date: 2020-06-26T13:43:06.834
  Event ID: 4673
  Task: Sensitive Privilege Use
  Level: Information
  Opcode: Info
  Keyword: Audit Failure
  User: N/A
  User Name: N/A
  Computer: DESKTOP-UR71QBS
  Description: 
A privileged service was called.

Subject:
	Security ID:		S-1-5-21-999993552-654098596-4043940906-1001
	Account Name:		John
	Account Domain:		DESKTOP-UR71QBS
	Logon ID:		0x1A51E

Service:
	Server:	Security
	Service Name:	-

Process:
	Process ID:	0x19f8
	Process Name:	C:\Windows\System32\dllhost.exe

Service Request Information:
	Privileges:		SeProfileSingleProcessPrivilege

Event[2455]:
  Log Name: Security
  Source: Microsoft-Windows-Security-Auditing
  Date: 2020-06-26T13:43:06.834
  Event ID: 4673
  Task: Sensitive Privilege Use
  Level: Information
  Opcode: Info
  Keyword: Audit Failure
  User: N/A
  User Name: N/A
  Computer: DESKTOP-UR71QBS
  Description: 
A privileged service was called.

Subject:
	Security ID:		S-1-5-21-999993552-654098596-4043940906-1001
	Account Name:		John
	Account Domain:		DESKTOP-UR71QBS
	Logon ID:		0x1A51E

Service:
	Server:	Security
	Service Name:	-

Process:
	Process ID:	0x19f8
	Process Name:	C:\Windows\System32\dllhost.exe

Service Request Information:
	Privileges:		SeProfileSingleProcessPrivilege

Event[2456]:
  Log Name: Security
  Source: Microsoft-Windows-Security-Auditing
  Date: 2020-06-26T13:43:06.834
  Event ID: 4673
  Task: Sensitive Privilege Use
  Level: Information
  Opcode: Info
  Keyword: Audit Failure
  User: N/A
  User Name: N/A
  Computer: DESKTOP-UR71QBS
  Description: 
A privileged service was called.

Subject:
	Security ID:		S-1-5-21-999993552-654098596-4043940906-1001
	Account Name:		John
	Account Domain:		DESKTOP-UR71QBS
	Logon ID:		0x1A51E

Service:
	Server:	Security
	Service Name:	-

Process:
	Process ID:	0x19f8
	Process Name:	C:\Windows\System32\dllhost.exe

Service Request Information:
	Privileges:		SeProfileSingleProcessPrivilege

Event[2457]:
  Log Name: Security
  Source: Microsoft-Windows-Security-Auditing
  Date: 2020-06-26T13:43:06.834
  Event ID: 4673
  Task: Sensitive Privilege Use
  Level: Information
  Opcode: Info
  Keyword: Audit Failure
  User: N/A
  User Name: N/A
  Computer: DESKTOP-UR71QBS
  Description: 
A privileged service was called.

Subject:
	Security ID:		S-1-5-21-999993552-654098596-4043940906-1001
	Account Name:		John
	Account Domain:		DESKTOP-UR71QBS
	Logon ID:		0x1A51E

Service:
	Server:	Security
	Service Name:	-

Process:
	Process ID:	0x19f8
	Process Name:	C:\Windows\System32\dllhost.exe

Service Request Information:
	Privileges:		SeProfileSingleProcessPrivilege

Event[2458]:
  Log Name: Security
  Source: Microsoft-Windows-Security-Auditing
  Date: 2020-06-26T13:43:06.834
  Event ID: 4673
  Task: Sensitive Privilege Use
  Level: Information
  Opcode: Info
  Keyword: Audit Failure
  User: N/A
  User Name: N/A
  Computer: DESKTOP-UR71QBS
  Description: 
A privileged service was called.

Subject:
	Security ID:		S-1-5-21-999993552-654098596-4043940906-1001
	Account Name:		John
	Account Domain:		DESKTOP-UR71QBS
	Logon ID:		0x1A51E

Service:
	Server:	Security
	Service Name:	-

Process:
	Process ID:	0x19f8
	Process Name:	C:\Windows\System32\dllhost.exe

Service Request Information:
	Privileges:		SeProfileSingleProcessPrivilege

Event[2459]:
  Log Name: Security
  Source: Microsoft-Windows-Security-Auditing
  Date: 2020-06-26T13:43:06.834
  Event ID: 4673
  Task: Sensitive Privilege Use
  Level: Information
  Opcode: Info
  Keyword: Audit Failure
  User: N/A
  User Name: N/A
  Computer: DESKTOP-UR71QBS
  Description: 
A privileged service was called.

Subject:
	Security ID:		S-1-5-21-999993552-654098596-4043940906-1001
	Account Name:		John
	Account Domain:		DESKTOP-UR71QBS
	Logon ID:		0x1A51E

Service:
	Server:	Security
	Service Name:	-

Process:
	Process ID:	0x19f8
	Process Name:	C:\Windows\System32\dllhost.exe

Service Request Information:
	Privileges:		SeProfileSingleProcessPrivilege

Event[2460]:
  Log Name: Security
  Source: Microsoft-Windows-Security-Auditing
  Date: 2020-06-26T13:43:06.834
  Event ID: 4673
  Task: Sensitive Privilege Use
  Level: Information
  Opcode: Info
  Keyword: Audit Failure
  User: N/A
  User Name: N/A
  Computer: DESKTOP-UR71QBS
  Description: 
A privileged service was called.

Subject:
	Security ID:		S-1-5-21-999993552-654098596-4043940906-1001
	Account Name:		John
	Account Domain:		DESKTOP-UR71QBS
	Logon ID:		0x1A51E

Service:
	Server:	Security
	Service Name:	-

Process:
	Process ID:	0x19f8
	Process Name:	C:\Windows\System32\dllhost.exe

Service Request Information:
	Privileges:		SeProfileSingleProcessPrivilege

Event[2461]:
  Log Name: Security
  Source: Microsoft-Windows-Security-Auditing
  Date: 2020-06-26T13:43:06.834
  Event ID: 4673
  Task: Sensitive Privilege Use
  Level: Information
  Opcode: Info
  Keyword: Audit Failure
  User: N/A
  User Name: N/A
  Computer: DESKTOP-UR71QBS
  Description: 
A privileged service was called.

Subject:
	Security ID:		S-1-5-21-999993552-654098596-4043940906-1001
	Account Name:		John
	Account Domain:		DESKTOP-UR71QBS
	Logon ID:		0x1A51E

Service:
	Server:	Security
	Service Name:	-

Process:
	Process ID:	0x19f8
	Process Name:	C:\Windows\System32\dllhost.exe

Service Request Information:
	Privileges:		SeProfileSingleProcessPrivilege

Event[2462]:
  Log Name: Security
  Source: Microsoft-Windows-Security-Auditing
  Date: 2020-06-26T13:43:07.008
  Event ID: 4673
  Task: Sensitive Privilege Use
  Level: Information
  Opcode: Info
  Keyword: Audit Success
  User: N/A
  User Name: N/A
  Computer: DESKTOP-UR71QBS
  Description: 
A privileged service was called.

Subject:
	Security ID:		S-1-5-18
	Account Name:		DESKTOP-UR71QBS$
	Account Domain:		WORKGROUP
	Logon ID:		0x3E7

Service:
	Server:	NT Local Security Authority / Authentication Service
	Service Name:	LsaRegisterLogonProcess()

Process:
	Process ID:	0x284
	Process Name:	C:\Windows\System32\lsass.exe

Service Request Information:
	Privileges:		SeTcbPrivilege

Event[2463]:
  Log Name: Security
  Source: Microsoft-Windows-Security-Auditing
  Date: 2020-06-26T13:43:08.370
  Event ID: 4673
  Task: Sensitive Privilege Use
  Level: Information
  Opcode: Info
  Keyword: Audit Success
  User: N/A
  User Name: N/A
  Computer: DESKTOP-UR71QBS
  Description: 
A privileged service was called.

Subject:
	Security ID:		S-1-5-18
	Account Name:		DESKTOP-UR71QBS$
	Account Domain:		WORKGROUP
	Logon ID:		0x3E7

Service:
	Server:	NT Local Security Authority / Authentication Service
	Service Name:	LsaRegisterLogonProcess()

Process:
	Process ID:	0x284
	Process Name:	C:\Windows\System32\lsass.exe

Service Request Information:
	Privileges:		SeTcbPrivilege

Event[2464]:
  Log Name: Security
  Source: Microsoft-Windows-Security-Auditing
  Date: 2020-06-26T13:43:08.421
  Event ID: 4674
  Task: Sensitive Privilege Use
  Level: Information
  Opcode: Info
  Keyword: Audit Success
  User: N/A
  User Name: N/A
  Computer: DESKTOP-UR71QBS
  Description: 
An operation was attempted on a privileged object.

Subject:
	Security ID:		S-1-5-21-999993552-654098596-4043940906-1001
	Account Name:		John
	Account Domain:		DESKTOP-UR71QBS
	Logon ID:		0x1A51E

Object:
	Object Server:	Win32 SystemShutdown module
	Object Type:	-
	Object Name:	-
	Object Handle:	0x0

Process Information:
	Process ID:	0x1e8
	Process Name:	C:\Windows\System32\wininit.exe

Requested Operation:
	Desired Access:	0
	Privileges:		SeShutdownPrivilege

Event[2465]:
  Log Name: Security
  Source: Microsoft-Windows-Security-Auditing
  Date: 2020-06-26T13:43:08.821
  Event ID: 4673
  Task: Sensitive Privilege Use
  Level: Information
  Opcode: Info
  Keyword: Audit Failure
  User: N/A
  User Name: N/A
  Computer: DESKTOP-UR71QBS
  Description: 
A privileged service was called.

Subject:
	Security ID:		S-1-5-21-999993552-654098596-4043940906-1001
	Account Name:		John
	Account Domain:		DESKTOP-UR71QBS
	Logon ID:		0x1A51E

Service:
	Server:	Security
	Service Name:	-

Process:
	Process ID:	0x1d24
	Process Name:	C:\Users\John\AppData\Local\Microsoft\OneDrive\OneDrive.exe

Service Request Information:
	Privileges:		SeTcbPrivilege

Event[2466]:
  Log Name: Security
  Source: Microsoft-Windows-Security-Auditing
  Date: 2020-06-26T13:43:09.164
  Event ID: 4673
  Task: Sensitive Privilege Use
  Level: Information
  Opcode: Info
  Keyword: Audit Failure
  User: N/A
  User Name: N/A
  Computer: DESKTOP-UR71QBS
  Description: 
A privileged service was called.

Subject:
	Security ID:		S-1-5-19
	Account Name:		LOCAL SERVICE
	Account Domain:		NT AUTHORITY
	Logon ID:		0x3E5

Service:
	Server:	Security
	Service Name:	-

Process:
	Process ID:	0xe54
	Process Name:	C:\Windows\System32\svchost.exe

Service Request Information:
	Privileges:		SeProfileSingleProcessPrivilege

Event[2467]:
  Log Name: Security
  Source: Microsoft-Windows-Security-Auditing
  Date: 2020-06-26T13:43:09.907
  Event ID: 4673
  Task: Sensitive Privilege Use
  Level: Information
  Opcode: Info
  Keyword: Audit Success
  User: N/A
  User Name: N/A
  Computer: DESKTOP-UR71QBS
  Description: 
A privileged service was called.

Subject:
	Security ID:		S-1-5-18
	Account Name:		DESKTOP-UR71QBS$
	Account Domain:		WORKGROUP
	Logon ID:		0x3E7

Service:
	Server:	Security Account Manager
	Service Name:	Security Account Manager

Process:
	Process ID:	0x284
	Process Name:	C:\Windows\System32\lsass.exe

Service Request Information:
	Privileges:		SeTcbPrivilege

Event[2468]:
  Log Name: Security
  Source: Microsoft-Windows-Security-Auditing
  Date: 2020-06-26T13:43:09.907
  Event ID: 4673
  Task: Sensitive Privilege Use
  Level: Information
  Opcode: Info
  Keyword: Audit Success
  User: N/A
  User Name: N/A
  Computer: DESKTOP-UR71QBS
  Description: 
A privileged service was called.

Subject:
	Security ID:		S-1-5-18
	Account Name:		DESKTOP-UR71QBS$
	Account Domain:		WORKGROUP
	Logon ID:		0x3E7

Service:
	Server:	Security Account Manager
	Service Name:	Security Account Manager

Process:
	Process ID:	0x284
	Process Name:	C:\Windows\System32\lsass.exe

Service Request Information:
	Privileges:		SeTcbPrivilege

Event[2469]:
  Log Name: Security
  Source: Microsoft-Windows-Security-Auditing
  Date: 2020-06-26T13:43:09.907
  Event ID: 4673
  Task: Sensitive Privilege Use
  Level: Information
  Opcode: Info
  Keyword: Audit Success
  User: N/A
  User Name: N/A
  Computer: DESKTOP-UR71QBS
  Description: 
A privileged service was called.

Subject:
	Security ID:		S-1-5-18
	Account Name:		DESKTOP-UR71QBS$
	Account Domain:		WORKGROUP
	Logon ID:		0x3E7

Service:
	Server:	Security Account Manager
	Service Name:	Security Account Manager

Process:
	Process ID:	0x284
	Process Name:	C:\Windows\System32\lsass.exe

Service Request Information:
	Privileges:		SeTcbPrivilege

Event[2470]:
  Log Name: Security
  Source: Microsoft-Windows-Security-Auditing
  Date: 2020-06-26T13:43:09.907
  Event ID: 4673
  Task: Sensitive Privilege Use
  Level: Information
  Opcode: Info
  Keyword: Audit Success
  User: N/A
  User Name: N/A
  Computer: DESKTOP-UR71QBS
  Description: 
A privileged service was called.

Subject:
	Security ID:		S-1-5-18
	Account Name:		DESKTOP-UR71QBS$
	Account Domain:		WORKGROUP
	Logon ID:		0x3E7

Service:
	Server:	Security Account Manager
	Service Name:	Security Account Manager

Process:
	Process ID:	0x284
	Process Name:	C:\Windows\System32\lsass.exe

Service Request Information:
	Privileges:		SeTcbPrivilege

Event[2471]:
  Log Name: Security
  Source: Microsoft-Windows-Security-Auditing
  Date: 2020-06-26T13:43:09.907
  Event ID: 4673
  Task: Sensitive Privilege Use
  Level: Information
  Opcode: Info
  Keyword: Audit Success
  User: N/A
  User Name: N/A
  Computer: DESKTOP-UR71QBS
  Description: 
A privileged service was called.

Subject:
	Security ID:		S-1-5-18
	Account Name:		DESKTOP-UR71QBS$
	Account Domain:		WORKGROUP
	Logon ID:		0x3E7

Service:
	Server:	Security Account Manager
	Service Name:	Security Account Manager

Process:
	Process ID:	0x284
	Process Name:	C:\Windows\System32\lsass.exe

Service Request Information:
	Privileges:		SeTcbPrivilege

Event[2472]:
  Log Name: Security
  Source: Microsoft-Windows-Security-Auditing
  Date: 2020-06-26T13:43:09.907
  Event ID: 4673
  Task: Sensitive Privilege Use
  Level: Information
  Opcode: Info
  Keyword: Audit Success
  User: N/A
  User Name: N/A
  Computer: DESKTOP-UR71QBS
  Description: 
A privileged service was called.

Subject:
	Security ID:		S-1-5-18
	Account Name:		DESKTOP-UR71QBS$
	Account Domain:		WORKGROUP
	Logon ID:		0x3E7

Service:
	Server:	Security Account Manager
	Service Name:	Security Account Manager

Process:
	Process ID:	0x284
	Process Name:	C:\Windows\System32\lsass.exe

Service Request Information:
	Privileges:		SeTcbPrivilege

Event[2473]:
  Log Name: Security
  Source: Microsoft-Windows-Eventlog
  Date: 2020-06-26T13:43:11.427
  Event ID: 1100
  Task: Service shutdown
  Level: Information
  Opcode: Info
  Keyword: Audit Success
  User: N/A
  User Name: N/A
  Computer: DESKTOP-UR71QBS
  Description: 
The event logging service has shut down.

Event[2474]:
  Log Name: Security
  Source: Microsoft-Windows-Security-Auditing
  Date: 2020-06-26T13:43:11.113
  Event ID: 4673
  Task: Sensitive Privilege Use
  Level: Information
  Opcode: Info
  Keyword: Audit Success
  User: N/A
  User Name: N/A
  Computer: DESKTOP-UR71QBS
  Description: 
A privileged service was called.

Subject:
	Security ID:		S-1-5-18
	Account Name:		DESKTOP-UR71QBS$
	Account Domain:		WORKGROUP
	Logon ID:		0x3E7

Service:
	Server:	NT Local Security Authority / Authentication Service
	Service Name:	LsaRegisterLogonProcess()

Process:
	Process ID:	0x284
	Process Name:	C:\Windows\System32\lsass.exe

Service Request Information:
	Privileges:		SeTcbPrivilege

Event[2475]:
  Log Name: Security
  Source: Microsoft-Windows-Security-Auditing
  Date: 2020-06-26T13:43:11.468
  Event ID: 4673
  Task: Sensitive Privilege Use
  Level: Information
  Opcode: Info
  Keyword: Audit Failure
  User: N/A
  User Name: N/A
  Computer: DESKTOP-UR71QBS
  Description: 
A privileged service was called.

Subject:
	Security ID:		S-1-5-19
	Account Name:		LOCAL SERVICE
	Account Domain:		NT AUTHORITY
	Logon ID:		0x3E5

Service:
	Server:	Security
	Service Name:	-

Process:
	Process ID:	0xe54
	Process Name:	C:\Windows\System32\svchost.exe

Service Request Information:
	Privileges:		SeProfileSingleProcessPrivilege

Event[2476]:
