  Log Name: Security
  Source: Microsoft-Windows-Security-Auditing
  Date: 2020-06-26T13:43:32.746
  Event ID: 4673
  Task: Sensitive Privilege Use
  Level: Information
  Opcode: Info
  Keyword: Audit Success
  User: N/A
  User Name: N/A
  Computer: DESKTOP-UR71QBS
  Description: 
A privileged service was called.

Subject:
	Security ID:		S-1-5-18
	Account Name:		DESKTOP-UR71QBS$
	Account Domain:		WORKGROUP
	Logon ID:		0x3E7

Service:
	Server:	NT Local Security Authority / Authentication Service
	Service Name:	LsaRegisterLogonProcess()

Process:
	Process ID:	0x280
	Process Name:	C:\Windows\System32\lsass.exe

Service Request Information:
	Privileges:		SeTcbPrivilege

Event[2534]:
  Log Name: Security
  Source: Microsoft-Windows-Security-Auditing
  Date: 2020-06-26T13:43:32.753
  Event ID: 4673
  Task: Sensitive Privilege Use
  Level: Information
  Opcode: Info
  Keyword: Audit Success
  User: N/A
  User Name: N/A
  Computer: DESKTOP-UR71QBS
  Description: 
A privileged service was called.

Subject:
	Security ID:		S-1-5-18
	Account Name:		DESKTOP-UR71QBS$
	Account Domain:		WORKGROUP
	Logon ID:		0x3E7

Service:
	Server:	NT Local Security Authority / Authentication Service
	Service Name:	LsaRegisterLogonProcess()

Process:
	Process ID:	0x280
	Process Name:	C:\Windows\System32\lsass.exe

Service Request Information:
	Privileges:		SeTcbPrivilege

Event[2535]:
  Log Name: Security
  Source: Microsoft-Windows-Security-Auditing
  Date: 2020-06-26T13:43:32.762
  Event ID: 4673
  Task: Sensitive Privilege Use
  Level: Information
  Opcode: Info
  Keyword: Audit Success
  User: N/A
  User Name: N/A
  Computer: DESKTOP-UR71QBS
  Description: 
A privileged service was called.

Subject:
	Security ID:		S-1-5-18
	Account Name:		DESKTOP-UR71QBS$
	Account Domain:		WORKGROUP
	Logon ID:		0x3E7

Service:
	Server:	NT Local Security Authority / Authentication Service
	Service Name:	LsaRegisterLogonProcess()

Process:
	Process ID:	0x280
	Process Name:	C:\Windows\System32\lsass.exe

Service Request Information:
	Privileges:		SeTcbPrivilege

Event[2536]:
  Log Name: Security
  Source: Microsoft-Windows-Security-Auditing
  Date: 2020-06-26T13:43:32.762
  Event ID: 4673
  Task: Sensitive Privilege Use
  Level: Information
  Opcode: Info
  Keyword: Audit Success
  User: N/A
  User Name: N/A
  Computer: DESKTOP-UR71QBS
  Description: 
A privileged service was called.

Subject:
	Security ID:		S-1-5-18
	Account Name:		DESKTOP-UR71QBS$
	Account Domain:		WORKGROUP
	Logon ID:		0x3E7

Service:
	Server:	NT Local Security Authority / Authentication Service
	Service Name:	LsaRegisterLogonProcess()

Process:
	Process ID:	0x280
	Process Name:	C:\Windows\System32\lsass.exe

Service Request Information:
	Privileges:		SeTcbPrivilege

Event[2537]:
  Log Name: Security
  Source: Microsoft-Windows-Security-Auditing
  Date: 2020-06-26T13:43:32.792
  Event ID: 4673
  Task: Sensitive Privilege Use
  Level: Information
  Opcode: Info
  Keyword: Audit Success
  User: N/A
  User Name: N/A
  Computer: DESKTOP-UR71QBS
  Description: 
A privileged service was called.

Subject:
	Security ID:		S-1-5-18
	Account Name:		DESKTOP-UR71QBS$
	Account Domain:		WORKGROUP
	Logon ID:		0x3E7

Service:
	Server:	NT Local Security Authority / Authentication Service
	Service Name:	LsaRegisterLogonProcess()

Process:
	Process ID:	0x280
	Process Name:	C:\Windows\System32\lsass.exe

Service Request Information:
	Privileges:		SeTcbPrivilege

Event[2538]:
  Log Name: Security
  Source: Microsoft-Windows-Security-Auditing
  Date: 2020-06-26T13:43:32.809
  Event ID: 4673
  Task: Sensitive Privilege Use
  Level: Information
  Opcode: Info
  Keyword: Audit Failure
  User: N/A
  User Name: N/A
  Computer: DESKTOP-UR71QBS
  Description: 
A privileged service was called.

Subject:
	Security ID:		S-1-5-96-0-0
	Account Name:		UMFD-0
	Account Domain:		Font Driver Host
	Logon ID:		0xBD14

Service:
	Server:	Security
	Service Name:	-

Process:
	Process ID:	0x2ec
	Process Name:	C:\Windows\System32\fontdrvhost.exe

Service Request Information:
	Privileges:		SeProfileSingleProcessPrivilege

Event[2539]:
  Log Name: Security
  Source: Microsoft-Windows-Security-Auditing
  Date: 2020-06-26T13:43:32.809
  Event ID: 4673
  Task: Sensitive Privilege Use
  Level: Information
  Opcode: Info
  Keyword: Audit Failure
  User: N/A
  User Name: N/A
  Computer: DESKTOP-UR71QBS
  Description: 
A privileged service was called.

Subject:
	Security ID:		S-1-5-96-0-1
	Account Name:		UMFD-1
	Account Domain:		Font Driver Host
	Logon ID:		0xBD2A

Service:
	Server:	Security
	Service Name:	-

Process:
	Process ID:	0x2f4
	Process Name:	C:\Windows\System32\fontdrvhost.exe

Service Request Information:
	Privileges:		SeProfileSingleProcessPrivilege

Event[2540]:
  Log Name: Security
  Source: Microsoft-Windows-Security-Auditing
  Date: 2020-06-26T13:43:32.861
  Event ID: 4673
  Task: Sensitive Privilege Use
  Level: Information
  Opcode: Info
  Keyword: Audit Failure
  User: N/A
  User Name: N/A
  Computer: DESKTOP-UR71QBS
  Description: 
A privileged service was called.

Subject:
	Security ID:		S-1-5-19
	Account Name:		LOCAL SERVICE
	Account Domain:		NT AUTHORITY
	Logon ID:		0x3E5

Service:
	Server:	Security
	Service Name:	-

Process:
	Process ID:	0x360
	Process Name:	C:\Windows\System32\WUDFHost.exe

Service Request Information:
	Privileges:		SeProfileSingleProcessPrivilege

Event[2541]:
  Log Name: Security
  Source: Microsoft-Windows-Security-Auditing
  Date: 2020-06-26T13:43:32.999
  Event ID: 4673
  Task: Sensitive Privilege Use
  Level: Information
  Opcode: Info
  Keyword: Audit Failure
  User: N/A
  User Name: N/A
  Computer: DESKTOP-UR71QBS
  Description: 
A privileged service was called.

Subject:
	Security ID:		S-1-5-20
	Account Name:		DESKTOP-UR71QBS$
	Account Domain:		WORKGROUP
	Logon ID:		0x3E4

Service:
	Server:	Security
	Service Name:	-

Process:
	Process ID:	0x39c
	Process Name:	C:\Windows\System32\svchost.exe

Service Request Information:
	Privileges:		SeProfileSingleProcessPrivilege

Event[2542]:
  Log Name: Security
  Source: Microsoft-Windows-Security-Auditing
  Date: 2020-06-26T13:43:33.001
  Event ID: 4673
  Task: Sensitive Privilege Use
  Level: Information
  Opcode: Info
  Keyword: Audit Success
  User: N/A
  User Name: N/A
  Computer: DESKTOP-UR71QBS
  Description: 
A privileged service was called.

Subject:
	Security ID:		S-1-5-18
	Account Name:		DESKTOP-UR71QBS$
	Account Domain:		WORKGROUP
	Logon ID:		0x3E7

Service:
	Server:	NT Local Security Authority / Authentication Service
	Service Name:	LsaRegisterLogonProcess()

Process:
	Process ID:	0x280
	Process Name:	C:\Windows\System32\lsass.exe

Service Request Information:
	Privileges:		SeTcbPrivilege

Event[2543]:
  Log Name: Security
  Source: Microsoft-Windows-Security-Auditing
  Date: 2020-06-26T13:43:33.061
  Event ID: 4673
  Task: Sensitive Privilege Use
  Level: Information
  Opcode: Info
  Keyword: Audit Failure
  User: N/A
  User Name: N/A
  Computer: DESKTOP-UR71QBS
  Description: 
A privileged service was called.

Subject:
	Security ID:		S-1-5-19
	Account Name:		LOCAL SERVICE
	Account Domain:		NT AUTHORITY
	Logon ID:		0x3E5

Service:
	Server:	Security
	Service Name:	-

Process:
	Process ID:	0x360
	Process Name:	C:\Windows\System32\WUDFHost.exe

Service Request Information:
	Privileges:		SeTcbPrivilege

Event[2544]:
  Log Name: Security
  Source: Microsoft-Windows-Security-Auditing
  Date: 2020-06-26T13:43:33.131
  Event ID: 4673
  Task: Sensitive Privilege Use
  Level: Information
  Opcode: Info
  Keyword: Audit Success
  User: N/A
  User Name: N/A
  Computer: DESKTOP-UR71QBS
  Description: 
A privileged service was called.

Subject:
	Security ID:		S-1-5-18
	Account Name:		DESKTOP-UR71QBS$
	Account Domain:		WORKGROUP
	Logon ID:		0x3E7

Service:
	Server:	NT Local Security Authority / Authentication Service
	Service Name:	LsaRegisterLogonProcess()

Process:
	Process ID:	0x280
	Process Name:	C:\Windows\System32\lsass.exe

Service Request Information:
	Privileges:		SeTcbPrivilege

Event[2545]:
  Log Name: Security
  Source: Microsoft-Windows-Security-Auditing
  Date: 2020-06-26T13:43:33.233
  Event ID: 4673
  Task: Sensitive Privilege Use
  Level: Information
  Opcode: Info
  Keyword: Audit Failure
  User: N/A
  User Name: N/A
  Computer: DESKTOP-UR71QBS
  Description: 
A privileged service was called.

Subject:
	Security ID:		S-1-5-90-0-1
	Account Name:		DWM-1
	Account Domain:		Window Manager
	Logon ID:		0x12CCE

Service:
	Server:	Security
	Service Name:	-

Process:
	Process ID:	0x1b4
	Process Name:	C:\Windows\System32\dwm.exe

Service Request Information:
	Privileges:		SeProfileSingleProcessPrivilege

Event[2546]:
  Log Name: Security
  Source: Microsoft-Windows-Security-Auditing
  Date: 2020-06-26T13:43:33.291
  Event ID: 4673
  Task: Sensitive Privilege Use
  Level: Information
  Opcode: Info
  Keyword: Audit Failure
  User: N/A
  User Name: N/A
  Computer: DESKTOP-UR71QBS
  Description: 
A privileged service was called.

Subject:
	Security ID:		S-1-5-18
	Account Name:		DESKTOP-UR71QBS$
	Account Domain:		WORKGROUP
	Logon ID:		0x3E7

Service:
	Server:	Security Account Manager
	Service Name:	Security Account Manager

Process:
	Process ID:	0x280
	Process Name:	C:\Windows\System32\lsass.exe

Service Request Information:
	Privileges:		SeTcbPrivilege

Event[2547]:
  Log Name: Security
  Source: Microsoft-Windows-Security-Auditing
  Date: 2020-06-26T13:43:33.293
  Event ID: 4673
  Task: Sensitive Privilege Use
  Level: Information
  Opcode: Info
  Keyword: Audit Failure
  User: N/A
  User Name: N/A
  Computer: DESKTOP-UR71QBS
  Description: 
A privileged service was called.

Subject:
	Security ID:		S-1-5-18
	Account Name:		DESKTOP-UR71QBS$
	Account Domain:		WORKGROUP
	Logon ID:		0x3E7

Service:
	Server:	Security Account Manager
	Service Name:	Security Account Manager

Process:
	Process ID:	0x280
	Process Name:	C:\Windows\System32\lsass.exe

Service Request Information:
	Privileges:		SeTcbPrivilege

Event[2548]:
  Log Name: Security
  Source: Microsoft-Windows-Security-Auditing
  Date: 2020-06-26T13:43:33.294
  Event ID: 4673
  Task: Sensitive Privilege Use
  Level: Information
  Opcode: Info
  Keyword: Audit Failure
  User: N/A
  User Name: N/A
  Computer: DESKTOP-UR71QBS
  Description: 
A privileged service was called.

Subject:
	Security ID:		S-1-5-18
	Account Name:		DESKTOP-UR71QBS$
	Account Domain:		WORKGROUP
	Logon ID:		0x3E7

Service:
	Server:	Security Account Manager
	Service Name:	Security Account Manager

Process:
	Process ID:	0x280
	Process Name:	C:\Windows\System32\lsass.exe

Service Request Information:
	Privileges:		SeTcbPrivilege

Event[2549]:
  Log Name: Security
  Source: Microsoft-Windows-Security-Auditing
  Date: 2020-06-26T13:43:33.296
  Event ID: 4673
  Task: Sensitive Privilege Use
  Level: Information
  Opcode: Info
  Keyword: Audit Failure
  User: N/A
  User Name: N/A
  Computer: DESKTOP-UR71QBS
  Description: 
A privileged service was called.

Subject:
	Security ID:		S-1-5-18
	Account Name:		DESKTOP-UR71QBS$
	Account Domain:		WORKGROUP
	Logon ID:		0x3E7

Service:
	Server:	Security Account Manager
	Service Name:	Security Account Manager

Process:
	Process ID:	0x280
	Process Name:	C:\Windows\System32\lsass.exe

Service Request Information:
	Privileges:		SeTcbPrivilege

Event[2550]:
  Log Name: Security
  Source: Microsoft-Windows-Security-Auditing
  Date: 2020-06-26T13:43:33.298
  Event ID: 4673
  Task: Sensitive Privilege Use
  Level: Information
  Opcode: Info
  Keyword: Audit Failure
  User: N/A
  User Name: N/A
  Computer: DESKTOP-UR71QBS
  Description: 
A privileged service was called.

Subject:
	Security ID:		S-1-5-18
	Account Name:		DESKTOP-UR71QBS$
	Account Domain:		WORKGROUP
	Logon ID:		0x3E7

Service:
	Server:	Security Account Manager
	Service Name:	Security Account Manager

Process:
	Process ID:	0x280
	Process Name:	C:\Windows\System32\lsass.exe

Service Request Information:
	Privileges:		SeTcbPrivilege

Event[2551]:
  Log Name: Security
  Source: Microsoft-Windows-Security-Auditing
  Date: 2020-06-26T13:43:33.302
  Event ID: 4673
  Task: Sensitive Privilege Use
  Level: Information
  Opcode: Info
  Keyword: Audit Failure
  User: N/A
  User Name: N/A
  Computer: DESKTOP-UR71QBS
  Description: 
A privileged service was called.

Subject:
	Security ID:		S-1-5-18
	Account Name:		DESKTOP-UR71QBS$
	Account Domain:		WORKGROUP
	Logon ID:		0x3E7

Service:
	Server:	Security Account Manager
	Service Name:	Security Account Manager

Process:
	Process ID:	0x280
	Process Name:	C:\Windows\System32\lsass.exe

Service Request Information:
	Privileges:		SeTcbPrivilege

Event[2552]:
  Log Name: Security
  Source: Microsoft-Windows-Security-Auditing
  Date: 2020-06-26T13:43:33.402
  Event ID: 4673
  Task: Sensitive Privilege Use
  Level: Information
  Opcode: Info
  Keyword: Audit Failure
  User: N/A
  User Name: N/A
  Computer: DESKTOP-UR71QBS
  Description: 
A privileged service was called.

Subject:
	Security ID:		S-1-5-19
	Account Name:		LOCAL SERVICE
	Account Domain:		NT AUTHORITY
	Logon ID:		0x3E5

Service:
	Server:	Security
	Service Name:	-

Process:
	Process ID:	0x404
	Process Name:	C:\Windows\System32\svchost.exe

Service Request Information:
	Privileges:		SeProfileSingleProcessPrivilege

Event[2553]:
  Log Name: Security
  Source: Microsoft-Windows-Security-Auditing
  Date: 2020-06-26T13:43:33.404
  Event ID: 4673
  Task: Sensitive Privilege Use
  Level: Information
  Opcode: Info
  Keyword: Audit Failure
  User: N/A
  User Name: N/A
  Computer: DESKTOP-UR71QBS
  Description: 
A privileged service was called.

Subject:
	Security ID:		S-1-5-19
	Account Name:		LOCAL SERVICE
	Account Domain:		NT AUTHORITY
	Logon ID:		0x3E5

Service:
	Server:	Security
	Service Name:	-

Process:
	Process ID:	0x41c
	Process Name:	C:\Windows\System32\svchost.exe

Service Request Information:
	Privileges:		SeProfileSingleProcessPrivilege

Event[2554]:
  Log Name: Security
  Source: Microsoft-Windows-Security-Auditing
  Date: 2020-06-26T13:43:33.468
  Event ID: 4673
  Task: Sensitive Privilege Use
  Level: Information
  Opcode: Info
  Keyword: Audit Success
  User: N/A
  User Name: N/A
  Computer: DESKTOP-UR71QBS
  Description: 
A privileged service was called.

Subject:
	Security ID:		S-1-5-90-0-1
	Account Name:		DWM-1
	Account Domain:		Window Manager
	Logon ID:		0x12CCE

Service:
	Server:	Security
	Service Name:	-

Process:
	Process ID:	0x1b4
	Process Name:	C:\Windows\System32\dwm.exe

Service Request Information:
	Privileges:		SeIncreaseBasePriorityPrivilege

Event[2555]:
  Log Name: Security
  Source: Microsoft-Windows-Security-Auditing
  Date: 2020-06-26T13:43:33.468
  Event ID: 4673
  Task: Sensitive Privilege Use
  Level: Information
  Opcode: Info
  Keyword: Audit Success
  User: N/A
  User Name: N/A
  Computer: DESKTOP-UR71QBS
  Description: 
A privileged service was called.

Subject:
	Security ID:		S-1-5-90-0-1
	Account Name:		DWM-1
	Account Domain:		Window Manager
	Logon ID:		0x12CCE

Service:
	Server:	Security
	Service Name:	-

Process:
	Process ID:	0x1b4
	Process Name:	C:\Windows\System32\dwm.exe

Service Request Information:
	Privileges:		SeIncreaseBasePriorityPrivilege

Event[2556]:
  Log Name: Security
  Source: Microsoft-Windows-Security-Auditing
  Date: 2020-06-26T13:43:33.515
  Event ID: 4673
  Task: Sensitive Privilege Use
  Level: Information
  Opcode: Info
  Keyword: Audit Failure
  User: N/A
  User Name: N/A
  Computer: DESKTOP-UR71QBS
  Description: 
A privileged service was called.

Subject:
	Security ID:		S-1-5-19
	Account Name:		LOCAL SERVICE
	Account Domain:		NT AUTHORITY
	Logon ID:		0x3E5

Service:
	Server:	Security
	Service Name:	-

Process:
	Process ID:	0x46c
	Process Name:	C:\Windows\System32\svchost.exe

Service Request Information:
	Privileges:		SeProfileSingleProcessPrivilege

Event[2557]:
  Log Name: Security
  Source: Microsoft-Windows-Security-Auditing
  Date: 2020-06-26T13:43:33.653
  Event ID: 4673
  Task: Sensitive Privilege Use
  Level: Information
  Opcode: Info
  Keyword: Audit Success
  User: N/A
  User Name: N/A
  Computer: DESKTOP-UR71QBS
  Description: 
A privileged service was called.

Subject:
	Security ID:		S-1-5-18
	Account Name:		DESKTOP-UR71QBS$
	Account Domain:		WORKGROUP
	Logon ID:		0x3E7

Service:
	Server:	NT Local Security Authority / Authentication Service
	Service Name:	LsaRegisterLogonProcess()

Process:
	Process ID:	0x280
	Process Name:	C:\Windows\System32\lsass.exe

Service Request Information:
	Privileges:		SeTcbPrivilege

Event[2558]:
  Log Name: Security
  Source: Microsoft-Windows-Security-Auditing
  Date: 2020-06-26T13:43:33.663
  Event ID: 4673
  Task: Sensitive Privilege Use
  Level: Information
  Opcode: Info
  Keyword: Audit Success
  User: N/A
  User Name: N/A
  Computer: DESKTOP-UR71QBS
  Description: 
A privileged service was called.

Subject:
	Security ID:		S-1-5-18
	Account Name:		DESKTOP-UR71QBS$
	Account Domain:		WORKGROUP
	Logon ID:		0x3E7

Service:
	Server:	NT Local Security Authority / Authentication Service
	Service Name:	LsaRegisterLogonProcess()

Process:
	Process ID:	0x280
	Process Name:	C:\Windows\System32\lsass.exe

Service Request Information:
	Privileges:		SeTcbPrivilege

Event[2559]:
  Log Name: Security
  Source: Microsoft-Windows-Security-Auditing
  Date: 2020-06-26T13:43:33.665
  Event ID: 4673
  Task: Sensitive Privilege Use
  Level: Information
  Opcode: Info
  Keyword: Audit Failure
  User: N/A
  User Name: N/A
  Computer: DESKTOP-UR71QBS
  Description: 
A privileged service was called.

Subject:
	Security ID:		S-1-5-19
	Account Name:		LOCAL SERVICE
	Account Domain:		NT AUTHORITY
	Logon ID:		0x3E5

Service:
	Server:	Security
	Service Name:	-

Process:
	Process ID:	0x4e8
	Process Name:	C:\Windows\System32\svchost.exe

Service Request Information:
	Privileges:		SeProfileSingleProcessPrivilege

Event[2560]:
  Log Name: Security
  Source: Microsoft-Windows-Security-Auditing
  Date: 2020-06-26T13:43:33.769
  Event ID: 4673
  Task: Sensitive Privilege Use
  Level: Information
  Opcode: Info
  Keyword: Audit Failure
  User: N/A
  User Name: N/A
  Computer: DESKTOP-UR71QBS
  Description: 
A privileged service was called.

Subject:
	Security ID:		S-1-5-19
	Account Name:		LOCAL SERVICE
	Account Domain:		NT AUTHORITY
	Logon ID:		0x3E5

Service:
	Server:	Security
	Service Name:	-

Process:
	Process ID:	0x570
	Process Name:	C:\Windows\System32\svchost.exe

Service Request Information:
	Privileges:		SeProfileSingleProcessPrivilege

Event[2561]:
  Log Name: Security
  Source: Microsoft-Windows-Security-Auditing
  Date: 2020-06-26T13:43:33.871
  Event ID: 4673
  Task: Sensitive Privilege Use
  Level: Information
  Opcode: Info
  Keyword: Audit Failure
  User: N/A
  User Name: N/A
  Computer: DESKTOP-UR71QBS
  Description: 
A privileged service was called.

Subject:
	Security ID:		S-1-5-19
	Account Name:		LOCAL SERVICE
	Account Domain:		NT AUTHORITY
	Logon ID:		0x3E5

Service:
	Server:	Security
	Service Name:	-

Process:
	Process ID:	0x5bc
	Process Name:	C:\Windows\System32\svchost.exe

Service Request Information:
	Privileges:		SeProfileSingleProcessPrivilege

Event[2562]:
  Log Name: Security
  Source: Microsoft-Windows-Security-Auditing
  Date: 2020-06-26T13:43:33.949
  Event ID: 4673
  Task: Sensitive Privilege Use
  Level: Information
  Opcode: Info
  Keyword: Audit Failure
  User: N/A
  User Name: N/A
  Computer: DESKTOP-UR71QBS
  Description: 
A privileged service was called.

Subject:
	Security ID:		S-1-5-19
	Account Name:		LOCAL SERVICE
	Account Domain:		NT AUTHORITY
	Logon ID:		0x3E5

Service:
	Server:	Security
	Service Name:	-

Process:
	Process ID:	0x5f4
	Process Name:	C:\Windows\System32\svchost.exe

Service Request Information:
	Privileges:		SeProfileSingleProcessPrivilege

Event[2563]:
  Log Name: Security
  Source: Microsoft-Windows-Security-Auditing
  Date: 2020-06-26T13:43:34.007
  Event ID: 4673
  Task: Sensitive Privilege Use
  Level: Information
  Opcode: Info
  Keyword: Audit Failure
  User: N/A
  User Name: N/A
  Computer: DESKTOP-UR71QBS
  Description: 
A privileged service was called.

Subject:
	Security ID:		S-1-5-19
	Account Name:		LOCAL SERVICE
	Account Domain:		NT AUTHORITY
	Logon ID:		0x3E5

Service:
	Server:	Security
	Service Name:	-

Process:
	Process ID:	0x570
	Process Name:	C:\Windows\System32\svchost.exe

Service Request Information:
	Privileges:		SeTcbPrivilege

Event[2564]:
  Log Name: Security
  Source: Microsoft-Windows-Security-Auditing
  Date: 2020-06-26T13:43:34.008
  Event ID: 4673
  Task: Sensitive Privilege Use
  Level: Information
  Opcode: Info
  Keyword: Audit Failure
  User: N/A
  User Name: N/A
  Computer: DESKTOP-UR71QBS
  Description: 
A privileged service was called.

Subject:
	Security ID:		S-1-5-19
	Account Name:		LOCAL SERVICE
	Account Domain:		NT AUTHORITY
	Logon ID:		0x3E5

Service:
	Server:	Security
	Service Name:	-

Process:
	Process ID:	0x570
	Process Name:	C:\Windows\System32\svchost.exe

Service Request Information:
	Privileges:		SeTcbPrivilege

Event[2565]:
  Log Name: Security
  Source: Microsoft-Windows-Security-Auditing
  Date: 2020-06-26T13:43:34.028
  Event ID: 4673
  Task: Sensitive Privilege Use
  Level: Information
  Opcode: Info
  Keyword: Audit Failure
  User: N/A
  User Name: N/A
  Computer: DESKTOP-UR71QBS
  Description: 
A privileged service was called.

Subject:
	Security ID:		S-1-5-19
	Account Name:		LOCAL SERVICE
	Account Domain:		NT AUTHORITY
	Logon ID:		0x3E5

Service:
	Server:	Security
	Service Name:	-

Process:
	Process ID:	0x668
	Process Name:	C:\Windows\System32\svchost.exe

Service Request Information:
	Privileges:		SeProfileSingleProcessPrivilege

Event[2566]:
  Log Name: Security
  Source: Microsoft-Windows-Security-Auditing
  Date: 2020-06-26T13:43:34.262
  Event ID: 4673
  Task: Sensitive Privilege Use
  Level: Information
  Opcode: Info
  Keyword: Audit Failure
  User: N/A
  User Name: N/A
  Computer: DESKTOP-UR71QBS
  Description: 
A privileged service was called.

Subject:
	Security ID:		S-1-5-20
	Account Name:		DESKTOP-UR71QBS$
	Account Domain:		WORKGROUP
	Logon ID:		0x3E4

Service:
	Server:	Security
	Service Name:	-

Process:
	Process ID:	0x74c
	Process Name:	C:\Windows\System32\svchost.exe

Service Request Information:
	Privileges:		SeProfileSingleProcessPrivilege

Event[2567]:
  Log Name: Security
  Source: Microsoft-Windows-Security-Auditing
  Date: 2020-06-26T13:43:34.268
  Event ID: 4673
  Task: Sensitive Privilege Use
  Level: Information
  Opcode: Info
  Keyword: Audit Failure
  User: N/A
  User Name: N/A
  Computer: DESKTOP-UR71QBS
  Description: 
A privileged service was called.

Subject:
	Security ID:		S-1-5-19
	Account Name:		LOCAL SERVICE
	Account Domain:		NT AUTHORITY
	Logon ID:		0x3E5

Service:
	Server:	Security
	Service Name:	-

Process:
	Process ID:	0x754
	Process Name:	C:\Windows\System32\svchost.exe

Service Request Information:
	Privileges:		SeProfileSingleProcessPrivilege

Event[2568]:
  Log Name: Security
  Source: Microsoft-Windows-Security-Auditing
  Date: 2020-06-26T13:43:34.296
  Event ID: 4673
  Task: Sensitive Privilege Use
  Level: Information
  Opcode: Info
  Keyword: Audit Failure
  User: N/A
  User Name: N/A
  Computer: DESKTOP-UR71QBS
  Description: 
A privileged service was called.

Subject:
	Security ID:		S-1-5-19
	Account Name:		LOCAL SERVICE
	Account Domain:		NT AUTHORITY
	Logon ID:		0x3E5

Service:
	Server:	Security
	Service Name:	-

Process:
	Process ID:	0x798
	Process Name:	C:\Windows\System32\svchost.exe

Service Request Information:
	Privileges:		SeProfileSingleProcessPrivilege

Event[2569]:
  Log Name: Security
  Source: Microsoft-Windows-Security-Auditing
  Date: 2020-06-26T13:43:34.333
  Event ID: 4673
  Task: Sensitive Privilege Use
  Level: Information
  Opcode: Info
  Keyword: Audit Failure
  User: N/A
  User Name: N/A
  Computer: DESKTOP-UR71QBS
  Description: 
A privileged service was called.

Subject:
	Security ID:		S-1-5-20
	Account Name:		DESKTOP-UR71QBS$
	Account Domain:		WORKGROUP
	Logon ID:		0x3E4

Service:
	Server:	Security
	Service Name:	-

Process:
	Process ID:	0x7ec
	Process Name:	C:\Windows\System32\svchost.exe

Service Request Information:
	Privileges:		SeProfileSingleProcessPrivilege

Event[2570]:
  Log Name: Security
  Source: Microsoft-Windows-Security-Auditing
  Date: 2020-06-26T13:43:34.399
  Event ID: 4673
  Task: Sensitive Privilege Use
  Level: Information
  Opcode: Info
  Keyword: Audit Failure
  User: N/A
  User Name: N/A
  Computer: DESKTOP-UR71QBS
  Description: 
A privileged service was called.

Subject:
	Security ID:		S-1-5-18
	Account Name:		DESKTOP-UR71QBS$
	Account Domain:		WORKGROUP
	Logon ID:		0x3E7

Service:
	Server:	Security Account Manager
	Service Name:	Security Account Manager

Process:
	Process ID:	0x280
	Process Name:	C:\Windows\System32\lsass.exe

Service Request Information:
	Privileges:		SeTcbPrivilege

Event[2571]:
  Log Name: Security
  Source: Microsoft-Windows-Security-Auditing
  Date: 2020-06-26T13:43:34.412
  Event ID: 4673
  Task: Sensitive Privilege Use
  Level: Information
  Opcode: Info
  Keyword: Audit Success
  User: N/A
  User Name: N/A
  Computer: DESKTOP-UR71QBS
  Description: 
A privileged service was called.

Subject:
	Security ID:		S-1-5-18
	Account Name:		DESKTOP-UR71QBS$
	Account Domain:		WORKGROUP
	Logon ID:		0x3E7

Service:
	Server:	NT Local Security Authority / Authentication Service
	Service Name:	LsaRegisterLogonProcess()

Process:
	Process ID:	0x280
	Process Name:	C:\Windows\System32\lsass.exe

Service Request Information:
	Privileges:		SeTcbPrivilege

Event[2572]:
  Log Name: Security
  Source: Microsoft-Windows-Security-Auditing
  Date: 2020-06-26T13:43:34.418
  Event ID: 4673
  Task: Sensitive Privilege Use
  Level: Information
  Opcode: Info
  Keyword: Audit Success
  User: N/A
  User Name: N/A
  Computer: DESKTOP-UR71QBS
  Description: 
A privileged service was called.

Subject:
	Security ID:		S-1-5-18
	Account Name:		DESKTOP-UR71QBS$
	Account Domain:		WORKGROUP
	Logon ID:		0x3E7

Service:
	Server:	NT Local Security Authority / Authentication Service
	Service Name:	LsaRegisterLogonProcess()

Process:
	Process ID:	0x280
	Process Name:	C:\Windows\System32\lsass.exe

Service Request Information:
	Privileges:		SeTcbPrivilege

Event[2573]:
  Log Name: Security
  Source: Microsoft-Windows-Security-Auditing
  Date: 2020-06-26T13:43:34.418
  Event ID: 4673
  Task: Sensitive Privilege Use
  Level: Information
  Opcode: Info
  Keyword: Audit Success
  User: N/A
  User Name: N/A
  Computer: DESKTOP-UR71QBS
  Description: 
A privileged service was called.

Subject:
	Security ID:		S-1-5-18
	Account Name:		DESKTOP-UR71QBS$
	Account Domain:		WORKGROUP
	Logon ID:		0x3E7

Service:
	Server:	NT Local Security Authority / Authentication Service
	Service Name:	LsaRegisterLogonProcess()

Process:
	Process ID:	0x280
	Process Name:	C:\Windows\System32\lsass.exe

Service Request Information:
	Privileges:		SeTcbPrivilege

Event[2574]:
  Log Name: Security
  Source: Microsoft-Windows-Security-Auditing
  Date: 2020-06-26T13:43:34.430
  Event ID: 4673
  Task: Sensitive Privilege Use
  Level: Information
  Opcode: Info
  Keyword: Audit Success
  User: N/A
  User Name: N/A
  Computer: DESKTOP-UR71QBS
  Description: 
A privileged service was called.

Subject:
	Security ID:		S-1-5-18
	Account Name:		DESKTOP-UR71QBS$
	Account Domain:		WORKGROUP
	Logon ID:		0x3E7

Service:
	Server:	NT Local Security Authority / Authentication Service
	Service Name:	LsaRegisterLogonProcess()

Process:
	Process ID:	0x280
	Process Name:	C:\Windows\System32\lsass.exe

Service Request Information:
	Privileges:		SeTcbPrivilege

Event[2575]:
  Log Name: Security
  Source: Microsoft-Windows-Security-Auditing
  Date: 2020-06-26T13:43:34.440
  Event ID: 4673
  Task: Sensitive Privilege Use
  Level: Information
  Opcode: Info
  Keyword: Audit Failure
  User: N/A
  User Name: N/A
  Computer: DESKTOP-UR71QBS
  Description: 
A privileged service was called.

Subject:
	Security ID:		S-1-5-19
	Account Name:		LOCAL SERVICE
	Account Domain:		NT AUTHORITY
	Logon ID:		0x3E5

Service:
	Server:	Security
	Service Name:	-

Process:
	Process ID:	0x830
	Process Name:	C:\Windows\System32\svchost.exe

Service Request Information:
	Privileges:		SeProfileSingleProcessPrivilege

Event[2576]:
  Log Name: Security
  Source: Microsoft-Windows-Security-Auditing
  Date: 2020-06-26T13:43:34.572
  Event ID: 4673
  Task: Sensitive Privilege Use
  Level: Information
  Opcode: Info
  Keyword: Audit Failure
  User: N/A
  User Name: N/A
  Computer: DESKTOP-UR71QBS
  Description: 
A privileged service was called.

Subject:
	Security ID:		S-1-5-19
	Account Name:		LOCAL SERVICE
	Account Domain:		NT AUTHORITY
	Logon ID:		0x3E5

Service:
	Server:	Security
	Service Name:	-

Process:
	Process ID:	0x888
	Process Name:	C:\Windows\System32\svchost.exe

Service Request Information:
	Privileges:		SeProfileSingleProcessPrivilege

Event[2577]:
  Log Name: Security
  Source: Microsoft-Windows-Security-Auditing
  Date: 2020-06-26T13:43:34.586
  Event ID: 4673
  Task: Sensitive Privilege Use
  Level: Information
  Opcode: Info
  Keyword: Audit Failure
  User: N/A
  User Name: N/A
  Computer: DESKTOP-UR71QBS
  Description: 
A privileged service was called.

Subject:
	Security ID:		S-1-5-21-999993552-654098596-4043940906-1001
	Account Name:		John
	Account Domain:		DESKTOP-UR71QBS
	Logon ID:		0x1A1C3

Service:
	Server:	Security
	Service Name:	-

Process:
	Process ID:	0x4b0
	Process Name:	C:\Windows\System32\svchost.exe

Service Request Information:
	Privileges:		SeTcbPrivilege

Event[2578]:
  Log Name: Security
  Source: Microsoft-Windows-Security-Auditing
  Date: 2020-06-26T13:43:34.677
  Event ID: 4673
  Task: Sensitive Privilege Use
  Level: Information
  Opcode: Info
  Keyword: Audit Failure
  User: N/A
  User Name: N/A
  Computer: DESKTOP-UR71QBS
  Description: 
A privileged service was called.

Subject:
	Security ID:		S-1-5-19
	Account Name:		LOCAL SERVICE
	Account Domain:		NT AUTHORITY
	Logon ID:		0x3E5

Service:
	Server:	Security
	Service Name:	-

Process:
	Process ID:	0x8d4
	Process Name:	C:\Windows\System32\svchost.exe

Service Request Information:
	Privileges:		SeProfileSingleProcessPrivilege

Event[2579]:
  Log Name: Security
  Source: Microsoft-Windows-Security-Auditing
  Date: 2020-06-26T13:43:34.734
  Event ID: 4673
  Task: Sensitive Privilege Use
  Level: Information
  Opcode: Info
  Keyword: Audit Failure
  User: N/A
  User Name: N/A
  Computer: DESKTOP-UR71QBS
  Description: 
A privileged service was called.

Subject:
	Security ID:		S-1-5-19
	Account Name:		LOCAL SERVICE
	Account Domain:		NT AUTHORITY
	Logon ID:		0x3E5

Service:
	Server:	Security
	Service Name:	-

Process:
	Process ID:	0x91c
	Process Name:	C:\Windows\System32\svchost.exe

Service Request Information:
	Privileges:		SeProfileSingleProcessPrivilege

Event[2580]:
  Log Name: Security
  Source: Microsoft-Windows-Security-Auditing
  Date: 2020-06-26T13:43:34.764
  Event ID: 4673
  Task: Sensitive Privilege Use
  Level: Information
  Opcode: Info
  Keyword: Audit Failure
  User: N/A
  User Name: N/A
  Computer: DESKTOP-UR71QBS
  Description: 
A privileged service was called.

Subject:
	Security ID:		S-1-5-19
	Account Name:		LOCAL SERVICE
	Account Domain:		NT AUTHORITY
	Logon ID:		0x3E5

Service:
	Server:	Security
	Service Name:	-

Process:
	Process ID:	0x930
	Process Name:	C:\Windows\System32\svchost.exe

Service Request Information:
	Privileges:		SeProfileSingleProcessPrivilege

Event[2581]:
  Log Name: Security
  Source: Microsoft-Windows-Security-Auditing
  Date: 2020-06-26T13:43:34.857
  Event ID: 4673
  Task: Sensitive Privilege Use
  Level: Information
  Opcode: Info
  Keyword: Audit Failure
  User: N/A
  User Name: N/A
  Computer: DESKTOP-UR71QBS
  Description: 
A privileged service was called.

Subject:
	Security ID:		S-1-5-20
	Account Name:		DESKTOP-UR71QBS$
	Account Domain:		WORKGROUP
	Logon ID:		0x3E4

Service:
	Server:	Security
	Service Name:	-

Process:
	Process ID:	0x9a0
	Process Name:	C:\Windows\System32\svchost.exe

Service Request Information:
	Privileges:		SeProfileSingleProcessPrivilege

Event[2582]:
  Log Name: Security
  Source: Microsoft-Windows-Security-Auditing
  Date: 2020-06-26T13:43:34.879
  Event ID: 4673
  Task: Sensitive Privilege Use
  Level: Information
  Opcode: Info
  Keyword: Audit Failure
  User: N/A
  User Name: N/A
  Computer: DESKTOP-UR71QBS
  Description: 
A privileged service was called.

Subject:
	Security ID:		S-1-5-21-999993552-654098596-4043940906-1001
	Account Name:		John
	Account Domain:		DESKTOP-UR71QBS
	Logon ID:		0x1A1C3

Service:
	Server:	Security
	Service Name:	-

Process:
	Process ID:	0x4b0
	Process Name:	C:\Windows\System32\svchost.exe

Service Request Information:
	Privileges:		SeTcbPrivilege

Event[2583]:
  Log Name: Security
  Source: Microsoft-Windows-Security-Auditing
  Date: 2020-06-26T13:43:34.880
  Event ID: 4673
  Task: Sensitive Privilege Use
  Level: Information
  Opcode: Info
  Keyword: Audit Failure
  User: N/A
  User Name: N/A
  Computer: DESKTOP-UR71QBS
  Description: 
A privileged service was called.

Subject:
	Security ID:		S-1-5-19
	Account Name:		LOCAL SERVICE
	Account Domain:		NT AUTHORITY
	Logon ID:		0x3E5

Service:
	Server:	Security
	Service Name:	-

Process:
	Process ID:	0x9b4
	Process Name:	C:\Windows\System32\svchost.exe

Service Request Information:
	Privileges:		SeProfileSingleProcessPrivilege

Event[2584]:
  Log Name: Security
  Source: Microsoft-Windows-Security-Auditing
  Date: 2020-06-26T13:43:34.905
  Event ID: 4673
  Task: Sensitive Privilege Use
  Level: Information
  Opcode: Info
  Keyword: Audit Failure
  User: N/A
  User Name: N/A
  Computer: DESKTOP-UR71QBS
  Description: 
A privileged service was called.

Subject:
	Security ID:		S-1-5-21-999993552-654098596-4043940906-1001
	Account Name:		John
	Account Domain:		DESKTOP-UR71QBS
	Logon ID:		0x1A1C3

Service:
	Server:	Security
	Service Name:	-

Process:
	Process ID:	0x9f0
	Process Name:	C:\Windows\System32\sihost.exe

Service Request Information:
	Privileges:		SeProfileSingleProcessPrivilege

Event[2585]:
  Log Name: Security
  Source: Microsoft-Windows-Security-Auditing
  Date: 2020-06-26T13:43:34.937
  Event ID: 4673
  Task: Sensitive Privilege Use
  Level: Information
  Opcode: Info
  Keyword: Audit Failure
  User: N/A
  User Name: N/A
  Computer: DESKTOP-UR71QBS
  Description: 
A privileged service was called.

Subject:
	Security ID:		S-1-5-21-999993552-654098596-4043940906-1001
	Account Name:		John
	Account Domain:		DESKTOP-UR71QBS
	Logon ID:		0x1A1C3

Service:
	Server:	Security
	Service Name:	-

Process:
	Process ID:	0xa14
	Process Name:	C:\Windows\System32\svchost.exe

Service Request Information:
	Privileges:		SeProfileSingleProcessPrivilege

Event[2586]:
  Log Name: Security
  Source: Microsoft-Windows-Security-Auditing
  Date: 2020-06-26T13:43:34.954
  Event ID: 4673
  Task: Sensitive Privilege Use
  Level: Information
  Opcode: Info
  Keyword: Audit Success
  User: N/A
  User Name: N/A
  Computer: DESKTOP-UR71QBS
  Description: 
A privileged service was called.

Subject:
	Security ID:		S-1-5-18
	Account Name:		DESKTOP-UR71QBS$
	Account Domain:		WORKGROUP
	Logon ID:		0x3E7

Service:
	Server:	NT Local Security Authority / Authentication Service
	Service Name:	LsaRegisterLogonProcess()

Process:
	Process ID:	0x280
	Process Name:	C:\Windows\System32\lsass.exe

Service Request Information:
	Privileges:		SeTcbPrivilege

Event[2587]:
  Log Name: Security
  Source: Microsoft-Windows-Security-Auditing
  Date: 2020-06-26T13:43:35.025
  Event ID: 4674
  Task: Sensitive Privilege Use
  Level: Information
  Opcode: Info
  Keyword: Audit Failure
  User: N/A
  User Name: N/A
  Computer: DESKTOP-UR71QBS
  Description: 
An operation was attempted on a privileged object.

Subject:
	Security ID:		S-1-5-19
	Account Name:		LOCAL SERVICE
	Account Domain:		NT AUTHORITY
	Logon ID:		0x3E5

Object:
	Object Server:	LSA
	Object Type:	-
	Object Name:	-
	Object Handle:	0x0

Process Information:
	Process ID:	0x280
	Process Name:	C:\Windows\System32\lsass.exe

Requested Operation:
	Desired Access:	16777216
	Privileges:		SeSecurityPrivilege

Event[2588]:
  Log Name: Security
  Source: Microsoft-Windows-Security-Auditing
  Date: 2020-06-26T13:43:35.025
  Event ID: 4674
  Task: Sensitive Privilege Use
  Level: Information
  Opcode: Info
  Keyword: Audit Failure
  User: N/A
  User Name: N/A
  Computer: DESKTOP-UR71QBS
  Description: 
An operation was attempted on a privileged object.

Subject:
	Security ID:		S-1-5-19
	Account Name:		LOCAL SERVICE
	Account Domain:		NT AUTHORITY
	Logon ID:		0x3E5

Object:
	Object Server:	LSA
	Object Type:	-
	Object Name:	-
	Object Handle:	0x0

Process Information:
	Process ID:	0x280
	Process Name:	C:\Windows\System32\lsass.exe

Requested Operation:
	Desired Access:	16777216
	Privileges:		SeSecurityPrivilege

Event[2589]:
  Log Name: Security
  Source: Microsoft-Windows-Security-Auditing
  Date: 2020-06-26T13:43:35.025
  Event ID: 4674
  Task: Sensitive Privilege Use
  Level: Information
  Opcode: Info
  Keyword: Audit Failure
  User: N/A
  User Name: N/A
  Computer: DESKTOP-UR71QBS
  Description: 
An operation was attempted on a privileged object.

Subject:
	Security ID:		S-1-5-19
	Account Name:		LOCAL SERVICE
	Account Domain:		NT AUTHORITY
	Logon ID:		0x3E5

Object:
	Object Server:	LSA
	Object Type:	-
	Object Name:	-
	Object Handle:	0x0

Process Information:
	Process ID:	0x280
	Process Name:	C:\Windows\System32\lsass.exe

Requested Operation:
	Desired Access:	16777216
	Privileges:		SeSecurityPrivilege

Event[2590]:
  Log Name: Security
  Source: Microsoft-Windows-Security-Auditing
  Date: 2020-06-26T13:43:35.106
  Event ID: 4673
  Task: Sensitive Privilege Use
  Level: Information
  Opcode: Info
  Keyword: Audit Failure
  User: N/A
  User Name: N/A
  Computer: DESKTOP-UR71QBS
  Description: 
A privileged service was called.

Subject:
	Security ID:		S-1-5-21-999993552-654098596-4043940906-1001
	Account Name:		John
	Account Domain:		DESKTOP-UR71QBS
	Logon ID:		0x1A1C3

Service:
	Server:	Security
	Service Name:	-

Process:
	Process ID:	0xb00
	Process Name:	C:\Windows\System32\svchost.exe

Service Request Information:
	Privileges:		SeProfileSingleProcessPrivilege

Event[2591]:
  Log Name: Security
  Source: Microsoft-Windows-Security-Auditing
  Date: 2020-06-26T13:43:35.193
  Event ID: 4673
  Task: Sensitive Privilege Use
  Level: Information
  Opcode: Info
  Keyword: Audit Success
  User: N/A
  User Name: N/A
  Computer: DESKTOP-UR71QBS
  Description: 
A privileged service was called.

Subject:
	Security ID:		S-1-5-18
	Account Name:		DESKTOP-UR71QBS$
	Account Domain:		WORKGROUP
	Logon ID:		0x3E7

Service:
	Server:	NT Local Security Authority / Authentication Service
	Service Name:	LsaRegisterLogonProcess()

Process:
	Process ID:	0x280
	Process Name:	C:\Windows\System32\lsass.exe

Service Request Information:
	Privileges:		SeTcbPrivilege

Event[2592]:
  Log Name: Security
  Source: Microsoft-Windows-Security-Auditing
  Date: 2020-06-26T13:43:35.217
  Event ID: 4673
  Task: Sensitive Privilege Use
  Level: Information
  Opcode: Info
  Keyword: Audit Failure
  User: N/A
  User Name: N/A
  Computer: DESKTOP-UR71QBS
  Description: 
A privileged service was called.

Subject:
	Security ID:		S-1-5-20
	Account Name:		DESKTOP-UR71QBS$
	Account Domain:		WORKGROUP
	Logon ID:		0x3E4

Service:
	Server:	Security
	Service Name:	-

Process:
	Process ID:	0xb6c
	Process Name:	C:\Windows\System32\svchost.exe

Service Request Information:
	Privileges:		SeProfileSingleProcessPrivilege

Event[2593]:
  Log Name: Security
  Source: Microsoft-Windows-Security-Auditing
  Date: 2020-06-26T13:43:35.322
  Event ID: 4673
  Task: Sensitive Privilege Use
  Level: Information
  Opcode: Info
  Keyword: Audit Failure
  User: N/A
  User Name: N/A
  Computer: DESKTOP-UR71QBS
  Description: 
A privileged service was called.

Subject:
	Security ID:		S-1-5-19
	Account Name:		LOCAL SERVICE
	Account Domain:		NT AUTHORITY
	Logon ID:		0x3E5

Service:
	Server:	Security
	Service Name:	-

Process:
	Process ID:	0xba8
	Process Name:	C:\Windows\System32\svchost.exe

Service Request Information:
	Privileges:		SeProfileSingleProcessPrivilege

Event[2594]:
  Log Name: Security
  Source: Microsoft-Windows-Security-Auditing
  Date: 2020-06-26T13:43:35.371
  Event ID: 4673
  Task: Sensitive Privilege Use
  Level: Information
  Opcode: Info
  Keyword: Audit Failure
  User: N/A
  User Name: N/A
  Computer: DESKTOP-UR71QBS
  Description: 
A privileged service was called.

Subject:
	Security ID:		S-1-5-21-999993552-654098596-4043940906-1001
	Account Name:		John
	Account Domain:		DESKTOP-UR71QBS
	Logon ID:		0x1A1C3

Service:
	Server:	Security
	Service Name:	-

Process:
	Process ID:	0xbb8
	Process Name:	C:\Windows\System32\svchost.exe

Service Request Information:
	Privileges:		SeProfileSingleProcessPrivilege

Event[2595]:
  Log Name: Security
  Source: Microsoft-Windows-Security-Auditing
  Date: 2020-06-26T13:43:35.584
  Event ID: 4673
  Task: Sensitive Privilege Use
  Level: Information
  Opcode: Info
  Keyword: Audit Failure
  User: N/A
  User Name: N/A
  Computer: DESKTOP-UR71QBS
  Description: 
A privileged service was called.

Subject:
	Security ID:		S-1-5-21-999993552-654098596-4043940906-1001
	Account Name:		John
	Account Domain:		DESKTOP-UR71QBS
	Logon ID:		0x1A1C3

Service:
	Server:	Security
	Service Name:	-

Process:
	Process ID:	0x748
	Process Name:	C:\Windows\System32\taskhostw.exe

Service Request Information:
	Privileges:		SeProfileSingleProcessPrivilege

Event[2596]:
  Log Name: Security
  Source: Microsoft-Windows-Security-Auditing
  Date: 2020-06-26T13:43:35.605
  Event ID: 4673
  Task: Sensitive Privilege Use
  Level: Information
  Opcode: Info
  Keyword: Audit Failure
  User: N/A
  User Name: N/A
  Computer: DESKTOP-UR71QBS
  Description: 
A privileged service was called.

Subject:
	Security ID:		S-1-5-21-999993552-654098596-4043940906-1001
	Account Name:		John
	Account Domain:		DESKTOP-UR71QBS
	Logon ID:		0x1A1C3

Service:
	Server:	Security
	Service Name:	-

Process:
	Process ID:	0x8e0
	Process Name:	C:\Windows\System32\taskhostw.exe

Service Request Information:
	Privileges:		SeProfileSingleProcessPrivilege

Event[2597]:
  Log Name: Security
  Source: Microsoft-Windows-Security-Auditing
  Date: 2020-06-26T13:43:35.957
  Event ID: 4673
  Task: Sensitive Privilege Use
  Level: Information
  Opcode: Info
  Keyword: Audit Failure
  User: N/A
  User Name: N/A
  Computer: DESKTOP-UR71QBS
  Description: 
A privileged service was called.

Subject:
	Security ID:		S-1-5-21-999993552-654098596-4043940906-1001
	Account Name:		John
	Account Domain:		DESKTOP-UR71QBS
	Logon ID:		0x1A1C3

Service:
	Server:	Security
	Service Name:	-

Process:
	Process ID:	0xcf4
	Process Name:	C:\Windows\System32\dllhost.exe

Service Request Information:
	Privileges:		SeProfileSingleProcessPrivilege

Event[2598]:
  Log Name: Security
  Source: Microsoft-Windows-Security-Auditing
  Date: 2020-06-26T13:43:36.032
  Event ID: 4673
  Task: Sensitive Privilege Use
  Level: Information
  Opcode: Info
  Keyword: Audit Success
  User: N/A
  User Name: N/A
  Computer: DESKTOP-UR71QBS
  Description: 
A privileged service was called.

Subject:
	Security ID:		S-1-5-18
	Account Name:		DESKTOP-UR71QBS$
	Account Domain:		WORKGROUP
	Logon ID:		0x3E7

Service:
	Server:	NT Local Security Authority / Authentication Service
	Service Name:	LsaRegisterLogonProcess()

Process:
	Process ID:	0x280
	Process Name:	C:\Windows\System32\lsass.exe

Service Request Information:
	Privileges:		SeTcbPrivilege

Event[2599]:
  Log Name: Security
  Source: Microsoft-Windows-Security-Auditing
  Date: 2020-06-26T13:43:36.075
  Event ID: 4673
  Task: Sensitive Privilege Use
  Level: Information
  Opcode: Info
  Keyword: Audit Failure
  User: N/A
  User Name: N/A
  Computer: DESKTOP-UR71QBS
  Description: 
A privileged service was called.

Subject:
	Security ID:		S-1-5-20
	Account Name:		DESKTOP-UR71QBS$
	Account Domain:		WORKGROUP
	Logon ID:		0x3E4

Service:
	Server:	Security
	Service Name:	-

Process:
	Process ID:	0xd5c
	Process Name:	C:\Windows\System32\wbem\WmiPrvSE.exe

Service Request Information:
	Privileges:		SeProfileSingleProcessPrivilege

Event[2600]:
  Log Name: Security
  Source: Microsoft-Windows-Security-Auditing
  Date: 2020-06-26T13:43:36.125
  Event ID: 4673
  Task: Sensitive Privilege Use
  Level: Information
  Opcode: Info
  Keyword: Audit Failure
  User: N/A
  User Name: N/A
  Computer: DESKTOP-UR71QBS
  Description: 
A privileged service was called.

Subject:
	Security ID:		S-1-5-20
	Account Name:		DESKTOP-UR71QBS$
	Account Domain:		WORKGROUP
	Logon ID:		0x3E4

Service:
	Server:	Security
	Service Name:	-

Process:
	Process ID:	0xd68
	Process Name:	C:\Windows\System32\sppsvc.exe

Service Request Information:
	Privileges:		SeProfileSingleProcessPrivilege

Event[2601]:
  Log Name: Security
  Source: Microsoft-Windows-Security-Auditing
  Date: 2020-06-26T13:43:36.379
  Event ID: 4673
  Task: Sensitive Privilege Use
  Level: Information
  Opcode: Info
  Keyword: Audit Failure
  User: N/A
  User Name: N/A
  Computer: DESKTOP-UR71QBS
  Description: 
A privileged service was called.

Subject:
	Security ID:		S-1-5-20
	Account Name:		DESKTOP-UR71QBS$
	Account Domain:		WORKGROUP
	Logon ID:		0x3E4

Service:
	Server:	Security
	Service Name:	-

Process:
	Process ID:	0xdd0
	Process Name:	C:\Windows\System32\svchost.exe

Service Request Information:
	Privileges:		SeProfileSingleProcessPrivilege

Event[2602]:
  Log Name: Security
  Source: Microsoft-Windows-Security-Auditing
  Date: 2020-06-26T13:43:36.550
  Event ID: 4674
  Task: Sensitive Privilege Use
  Level: Information
  Opcode: Info
  Keyword: Audit Failure
  User: N/A
  User Name: N/A
  Computer: DESKTOP-UR71QBS
  Description: 
An operation was attempted on a privileged object.

Subject:
	Security ID:		S-1-5-19
	Account Name:		LOCAL SERVICE
	Account Domain:		NT AUTHORITY
	Logon ID:		0x3E5

Object:
	Object Server:	LSA
	Object Type:	-
	Object Name:	-
	Object Handle:	0x0

Process Information:
	Process ID:	0x280
	Process Name:	C:\Windows\System32\lsass.exe

Requested Operation:
	Desired Access:	16777216
	Privileges:		SeSecurityPrivilege

Event[2603]:
  Log Name: Security
  Source: Microsoft-Windows-Security-Auditing
  Date: 2020-06-26T13:43:36.606
  Event ID: 4673
  Task: Sensitive Privilege Use
  Level: Information
  Opcode: Info
  Keyword: Audit Success
  User: N/A
  User Name: N/A
  Computer: DESKTOP-UR71QBS
  Description: 
A privileged service was called.

Subject:
	Security ID:		S-1-5-18
	Account Name:		DESKTOP-UR71QBS$
	Account Domain:		WORKGROUP
	Logon ID:		0x3E7

Service:
	Server:	NT Local Security Authority / Authentication Service
	Service Name:	LsaRegisterLogonProcess()

Process:
	Process ID:	0x280
	Process Name:	C:\Windows\System32\lsass.exe

Service Request Information:
	Privileges:		SeTcbPrivilege

Event[2604]:
  Log Name: Security
  Source: Microsoft-Windows-Security-Auditing
  Date: 2020-06-26T13:43:36.607
  Event ID: 4673
  Task: Sensitive Privilege Use
  Level: Information
  Opcode: Info
  Keyword: Audit Success
  User: N/A
  User Name: N/A
  Computer: DESKTOP-UR71QBS
  Description: 
A privileged service was called.

Subject:
	Security ID:		S-1-5-18
	Account Name:		DESKTOP-UR71QBS$
	Account Domain:		WORKGROUP
	Logon ID:		0x3E7

Service:
	Server:	NT Local Security Authority / Authentication Service
	Service Name:	LsaRegisterLogonProcess()

Process:
	Process ID:	0x280
	Process Name:	C:\Windows\System32\lsass.exe

Service Request Information:
	Privileges:		SeTcbPrivilege

Event[2605]:
  Log Name: Security
  Source: Microsoft-Windows-Security-Auditing
  Date: 2020-06-26T13:43:36.748
  Event ID: 4673
  Task: Sensitive Privilege Use
  Level: Information
  Opcode: Info
  Keyword: Audit Failure
  User: N/A
  User Name: N/A
  Computer: DESKTOP-UR71QBS
  Description: 
A privileged service was called.

Subject:
	Security ID:		S-1-5-20
	Account Name:		DESKTOP-UR71QBS$
	Account Domain:		WORKGROUP
	Logon ID:		0x3E4

Service:
	Server:	Security
	Service Name:	-

Process:
	Process ID:	0xed8
	Process Name:	C:\Windows\System32\svchost.exe

Service Request Information:
	Privileges:		SeProfileSingleProcessPrivilege

Event[2606]:
  Log Name: Security
  Source: Microsoft-Windows-Security-Auditing
  Date: 2020-06-26T13:43:36.757
  Event ID: 4673
  Task: Sensitive Privilege Use
  Level: Information
  Opcode: Info
  Keyword: Audit Failure
  User: N/A
  User Name: N/A
  Computer: DESKTOP-UR71QBS
  Description: 
A privileged service was called.

Subject:
	Security ID:		S-1-5-19
	Account Name:		LOCAL SERVICE
	Account Domain:		NT AUTHORITY
	Logon ID:		0x3E5

Service:
	Server:	Security
	Service Name:	-

Process:
	Process ID:	0xee4
	Process Name:	C:\Windows\System32\svchost.exe

Service Request Information:
	Privileges:		SeProfileSingleProcessPrivilege

Event[2607]:
  Log Name: Security
  Source: Microsoft-Windows-Security-Auditing
  Date: 2020-06-26T13:43:36.787
  Event ID: 4673
  Task: Sensitive Privilege Use
  Level: Information
  Opcode: Info
  Keyword: Audit Success
  User: N/A
  User Name: N/A
  Computer: DESKTOP-UR71QBS
  Description: 
A privileged service was called.

Subject:
	Security ID:		S-1-5-18
	Account Name:		DESKTOP-UR71QBS$
	Account Domain:		WORKGROUP
	Logon ID:		0x3E7

Service:
	Server:	NT Local Security Authority / Authentication Service
	Service Name:	LsaRegisterLogonProcess()

Process:
	Process ID:	0x280
	Process Name:	C:\Windows\System32\lsass.exe

Service Request Information:
	Privileges:		SeTcbPrivilege

Event[2608]:
