  Log Name: Security
  Source: Microsoft-Windows-Security-Auditing
  Date: 2020-06-26T13:46:08.802
  Event ID: 4673
  Task: Sensitive Privilege Use
  Level: Information
  Opcode: Info
  Keyword: Audit Failure
  User: N/A
  User Name: N/A
  Computer: DESKTOP-UR71QBS
  Description: 
A privileged service was called.

Subject:
	Security ID:		S-1-5-21-999993552-654098596-4043940906-1001
	Account Name:		John
	Account Domain:		DESKTOP-UR71QBS
	Logon ID:		0x1A1C3

Service:
	Server:	Security
	Service Name:	-

Process:
	Process ID:	0x1c8c
	Process Name:	C:\Windows\System32\WindowsPowerShell\v1.0\powershell.exe

Service Request Information:
	Privileges:		SeCreateGlobalPrivilege

Event[3100]:
  Log Name: Security
  Source: Microsoft-Windows-Security-Auditing
  Date: 2020-06-26T13:46:11.504
  Event ID: 4663
  Task: File System
  Level: Information
  Opcode: Info
  Keyword: Audit Success
  User: N/A
  User Name: N/A
  Computer: DESKTOP-UR71QBS
  Description: 
An attempt was made to access an object.

Subject:
	Security ID:		S-1-5-21-999993552-654098596-4043940906-1002
	Account Name:		evilhacker
	Account Domain:		DESKTOP-UR71QBS
	Logon ID:		0x4E7A7

Object:
	Object Server:		Security
	Object Type:		File
	Object Name:		C:\SharedFiles\OfficeParty
	Handle ID:		0x35c0
	Resource Attributes:	S:AI

Process Information:
	Process ID:		0x4
	Process Name:		

Access Request Information:
	Accesses:		ReadAttributes
				
	Access Mask:		0x80

Event[3101]:
  Log Name: Security
  Source: Microsoft-Windows-Security-Auditing
  Date: 2020-06-26T13:46:38.495
  Event ID: 4673
  Task: Sensitive Privilege Use
  Level: Information
  Opcode: Info
  Keyword: Audit Failure
  User: N/A
  User Name: N/A
  Computer: DESKTOP-UR71QBS
  Description: 
A privileged service was called.

Subject:
	Security ID:		S-1-5-19
	Account Name:		LOCAL SERVICE
	Account Domain:		NT AUTHORITY
	Logon ID:		0x3E5

Service:
	Server:	Security
	Service Name:	-

Process:
	Process ID:	0x21fc
	Process Name:	C:\Program Files\Windows Defender\MpCmdRun.exe

Service Request Information:
	Privileges:		SeProfileSingleProcessPrivilege

Event[3102]:
  Log Name: Security
  Source: Microsoft-Windows-Security-Auditing
  Date: 2020-06-26T13:46:38.505
  Event ID: 4673
  Task: Sensitive Privilege Use
  Level: Information
  Opcode: Info
  Keyword: Audit Failure
  User: N/A
  User Name: N/A
  Computer: DESKTOP-UR71QBS
  Description: 
A privileged service was called.

Subject:
	Security ID:		S-1-5-19
	Account Name:		LOCAL SERVICE
	Account Domain:		NT AUTHORITY
	Logon ID:		0x3E5

Service:
	Server:	Security
	Service Name:	-

Process:
	Process ID:	0x21f0
	Process Name:	C:\Windows\System32\conhost.exe

Service Request Information:
	Privileges:		SeProfileSingleProcessPrivilege

Event[3103]:
  Log Name: Security
  Source: Microsoft-Windows-Security-Auditing
  Date: 2020-06-26T13:46:40.651
  Event ID: 4663
  Task: File System
  Level: Information
  Opcode: Info
  Keyword: Audit Success
  User: N/A
  User Name: N/A
  Computer: DESKTOP-UR71QBS
  Description: 
An attempt was made to access an object.

Subject:
	Security ID:		S-1-5-21-999993552-654098596-4043940906-1002
	Account Name:		evilhacker
	Account Domain:		DESKTOP-UR71QBS
	Logon ID:		0x4E7A7

Object:
	Object Server:		Security
	Object Type:		File
	Object Name:		C:\SharedFiles\SecretProject
	Handle ID:		0x3158
	Resource Attributes:	S:AI

Process Information:
	Process ID:		0x4
	Process Name:		

Access Request Information:
	Accesses:		ReadAttributes
				
	Access Mask:		0x80

Event[3104]:
  Log Name: Security
  Source: Microsoft-Windows-Security-Auditing
  Date: 2020-06-26T13:46:40.656
  Event ID: 4663
  Task: File System
  Level: Information
  Opcode: Info
  Keyword: Audit Success
  User: N/A
  User Name: N/A
  Computer: DESKTOP-UR71QBS
  Description: 
An attempt was made to access an object.

Subject:
	Security ID:		S-1-5-21-999993552-654098596-4043940906-1002
	Account Name:		evilhacker
	Account Domain:		DESKTOP-UR71QBS
	Logon ID:		0x4E7A7

Object:
	Object Server:		Security
	Object Type:		File
	Object Name:		C:\SharedFiles\SecretProject\customerlist.txt
	Handle ID:		0x35fc
	Resource Attributes:	S:AI

Process Information:
	Process ID:		0x4
	Process Name:		

Access Request Information:
	Accesses:		READ_CONTROL
				
	Access Mask:		0x20000

Event[3105]:
  Log Name: Security
  Source: Microsoft-Windows-Security-Auditing
  Date: 2020-06-26T13:46:40.667
  Event ID: 4663
  Task: File System
  Level: Information
  Opcode: Info
  Keyword: Audit Success
  User: N/A
  User Name: N/A
  Computer: DESKTOP-UR71QBS
  Description: 
An attempt was made to access an object.

Subject:
	Security ID:		S-1-5-21-999993552-654098596-4043940906-1002
	Account Name:		evilhacker
	Account Domain:		DESKTOP-UR71QBS
	Logon ID:		0x4E7A7

Object:
	Object Server:		Security
	Object Type:		File
	Object Name:		C:\SharedFiles\SecretProject\EmployeeAssignnents.docx
	Handle ID:		0x3438
	Resource Attributes:	S:AI

Process Information:
	Process ID:		0x4
	Process Name:		

Access Request Information:
	Accesses:		READ_CONTROL
				
	Access Mask:		0x20000

Event[3106]:
  Log Name: Security
  Source: Microsoft-Windows-Security-Auditing
  Date: 2020-06-26T13:46:40.669
  Event ID: 4663
  Task: File System
  Level: Information
  Opcode: Info
  Keyword: Audit Success
  User: N/A
  User Name: N/A
  Computer: DESKTOP-UR71QBS
  Description: 
An attempt was made to access an object.

Subject:
	Security ID:		S-1-5-21-999993552-654098596-4043940906-1002
	Account Name:		evilhacker
	Account Domain:		DESKTOP-UR71QBS
	Logon ID:		0x4E7A7

Object:
	Object Server:		Security
	Object Type:		File
	Object Name:		C:\SharedFiles\SecretProject\projectbudget.xlsx
	Handle ID:		0x31e4
	Resource Attributes:	S:AI

Process Information:
	Process ID:		0x4
	Process Name:		

Access Request Information:
	Accesses:		READ_CONTROL
				
	Access Mask:		0x20000

Event[3107]:
  Log Name: Security
  Source: Microsoft-Windows-Security-Auditing
  Date: 2020-06-26T13:46:40.671
  Event ID: 4663
  Task: File System
  Level: Information
  Opcode: Info
  Keyword: Audit Success
  User: N/A
  User Name: N/A
  Computer: DESKTOP-UR71QBS
  Description: 
An attempt was made to access an object.

Subject:
	Security ID:		S-1-5-21-999993552-654098596-4043940906-1002
	Account Name:		evilhacker
	Account Domain:		DESKTOP-UR71QBS
	Logon ID:		0x4E7A7

Object:
	Object Server:		Security
	Object Type:		File
	Object Name:		C:\SharedFiles\SecretProject\projectbudget.xlsx
	Handle ID:		0x31e4
	Resource Attributes:	S:AI

Process Information:
	Process ID:		0x4
	Process Name:		

Access Request Information:
	Accesses:		ReadData (or ListDirectory)
				
	Access Mask:		0x1

Event[3108]:
  Log Name: Security
  Source: Microsoft-Windows-Security-Auditing
  Date: 2020-06-26T13:46:40.674
  Event ID: 4663
  Task: File System
  Level: Information
  Opcode: Info
  Keyword: Audit Success
  User: N/A
  User Name: N/A
  Computer: DESKTOP-UR71QBS
  Description: 
An attempt was made to access an object.

Subject:
	Security ID:		S-1-5-21-999993552-654098596-4043940906-1002
	Account Name:		evilhacker
	Account Domain:		DESKTOP-UR71QBS
	Logon ID:		0x4E7A7

Object:
	Object Server:		Security
	Object Type:		File
	Object Name:		C:\SharedFiles\SecretProject\ProjectDesign.docx
	Handle ID:		0x3464
	Resource Attributes:	S:AI

Process Information:
	Process ID:		0x4
	Process Name:		

Access Request Information:
	Accesses:		READ_CONTROL
				
	Access Mask:		0x20000

Event[3109]:
  Log Name: Security
  Source: Microsoft-Windows-Security-Auditing
  Date: 2020-06-26T13:46:40.677
  Event ID: 4663
  Task: File System
  Level: Information
  Opcode: Info
  Keyword: Audit Success
  User: N/A
  User Name: N/A
  Computer: DESKTOP-UR71QBS
  Description: 
An attempt was made to access an object.

Subject:
	Security ID:		S-1-5-21-999993552-654098596-4043940906-1002
	Account Name:		evilhacker
	Account Domain:		DESKTOP-UR71QBS
	Logon ID:		0x4E7A7

Object:
	Object Server:		Security
	Object Type:		File
	Object Name:		C:\SharedFiles\Accounting
	Handle ID:		0x15d8
	Resource Attributes:	S:AI

Process Information:
	Process ID:		0x4
	Process Name:		

Access Request Information:
	Accesses:		ReadAttributes
				
	Access Mask:		0x80

Event[3110]:
  Log Name: Security
  Source: Microsoft-Windows-Security-Auditing
  Date: 2020-06-26T13:46:40.679
  Event ID: 4663
  Task: File System
  Level: Information
  Opcode: Info
  Keyword: Audit Success
  User: N/A
  User Name: N/A
  Computer: DESKTOP-UR71QBS
  Description: 
An attempt was made to access an object.

Subject:
	Security ID:		S-1-5-21-999993552-654098596-4043940906-1002
	Account Name:		evilhacker
	Account Domain:		DESKTOP-UR71QBS
	Logon ID:		0x4E7A7

Object:
	Object Server:		Security
	Object Type:		File
	Object Name:		C:\SharedFiles\Accounting\CEOobjectives.docx
	Handle ID:		0x3158
	Resource Attributes:	S:AI

Process Information:
	Process ID:		0x4
	Process Name:		

Access Request Information:
	Accesses:		READ_CONTROL
				
	Access Mask:		0x20000

Event[3111]:
  Log Name: Security
  Source: Microsoft-Windows-Security-Auditing
  Date: 2020-06-26T13:46:40.681
  Event ID: 4663
  Task: File System
  Level: Information
  Opcode: Info
  Keyword: Audit Success
  User: N/A
  User Name: N/A
  Computer: DESKTOP-UR71QBS
  Description: 
An attempt was made to access an object.

Subject:
	Security ID:		S-1-5-21-999993552-654098596-4043940906-1002
	Account Name:		evilhacker
	Account Domain:		DESKTOP-UR71QBS
	Logon ID:		0x4E7A7

Object:
	Object Server:		Security
	Object Type:		File
	Object Name:		C:\SharedFiles\Accounting\DisciplineRecords.docx
	Handle ID:		0x3514
	Resource Attributes:	S:AI

Process Information:
	Process ID:		0x4
	Process Name:		

Access Request Information:
	Accesses:		READ_CONTROL
				
	Access Mask:		0x20000

Event[3112]:
  Log Name: Security
  Source: Microsoft-Windows-Security-Auditing
  Date: 2020-06-26T13:46:40.684
  Event ID: 4663
  Task: File System
  Level: Information
  Opcode: Info
  Keyword: Audit Success
  User: N/A
  User Name: N/A
  Computer: DESKTOP-UR71QBS
  Description: 
An attempt was made to access an object.

Subject:
	Security ID:		S-1-5-21-999993552-654098596-4043940906-1002
	Account Name:		evilhacker
	Account Domain:		DESKTOP-UR71QBS
	Logon ID:		0x4E7A7

Object:
	Object Server:		Security
	Object Type:		File
	Object Name:		C:\SharedFiles\Accounting\EmployeeSalaries.xlsx
	Handle ID:		0x347c
	Resource Attributes:	S:AI

Process Information:
	Process ID:		0x4
	Process Name:		

Access Request Information:
	Accesses:		READ_CONTROL
				
	Access Mask:		0x20000

Event[3113]:
  Log Name: Security
  Source: Microsoft-Windows-Security-Auditing
  Date: 2020-06-26T13:46:40.685
  Event ID: 4663
  Task: File System
  Level: Information
  Opcode: Info
  Keyword: Audit Success
  User: N/A
  User Name: N/A
  Computer: DESKTOP-UR71QBS
  Description: 
An attempt was made to access an object.

Subject:
	Security ID:		S-1-5-21-999993552-654098596-4043940906-1002
	Account Name:		evilhacker
	Account Domain:		DESKTOP-UR71QBS
	Logon ID:		0x4E7A7

Object:
	Object Server:		Security
	Object Type:		File
	Object Name:		C:\SharedFiles\Accounting\EmployeeSalaries.xlsx
	Handle ID:		0x347c
	Resource Attributes:	S:AI

Process Information:
	Process ID:		0x4
	Process Name:		

Access Request Information:
	Accesses:		ReadData (or ListDirectory)
				
	Access Mask:		0x1

Event[3114]:
  Log Name: Security
  Source: Microsoft-Windows-Security-Auditing
  Date: 2020-06-26T13:46:40.687
  Event ID: 4663
  Task: File System
  Level: Information
  Opcode: Info
  Keyword: Audit Success
  User: N/A
  User Name: N/A
  Computer: DESKTOP-UR71QBS
  Description: 
An attempt was made to access an object.

Subject:
	Security ID:		S-1-5-21-999993552-654098596-4043940906-1002
	Account Name:		evilhacker
	Account Domain:		DESKTOP-UR71QBS
	Logon ID:		0x4E7A7

Object:
	Object Server:		Security
	Object Type:		File
	Object Name:		C:\SharedFiles\Accounting\EvilPlans.docx
	Handle ID:		0x1f64
	Resource Attributes:	S:AI

Process Information:
	Process ID:		0x4
	Process Name:		

Access Request Information:
	Accesses:		READ_CONTROL
				
	Access Mask:		0x20000

Event[3115]:
  Log Name: Security
  Source: Microsoft-Windows-Security-Auditing
  Date: 2020-06-26T13:46:40.689
  Event ID: 4663
  Task: File System
  Level: Information
  Opcode: Info
  Keyword: Audit Success
  User: N/A
  User Name: N/A
  Computer: DESKTOP-UR71QBS
  Description: 
An attempt was made to access an object.

Subject:
	Security ID:		S-1-5-21-999993552-654098596-4043940906-1002
	Account Name:		evilhacker
	Account Domain:		DESKTOP-UR71QBS
	Logon ID:		0x4E7A7

Object:
	Object Server:		Security
	Object Type:		File
	Object Name:		C:\SharedFiles\Accounting\securitystinks.xlsx
	Handle ID:		0x15d8
	Resource Attributes:	S:AI

Process Information:
	Process ID:		0x4
	Process Name:		

Access Request Information:
	Accesses:		READ_CONTROL
				
	Access Mask:		0x20000

Event[3116]:
  Log Name: Security
  Source: Microsoft-Windows-Security-Auditing
  Date: 2020-06-26T13:46:40.690
  Event ID: 4663
  Task: File System
  Level: Information
  Opcode: Info
  Keyword: Audit Success
  User: N/A
  User Name: N/A
  Computer: DESKTOP-UR71QBS
  Description: 
An attempt was made to access an object.

Subject:
	Security ID:		S-1-5-21-999993552-654098596-4043940906-1002
	Account Name:		evilhacker
	Account Domain:		DESKTOP-UR71QBS
	Logon ID:		0x4E7A7

Object:
	Object Server:		Security
	Object Type:		File
	Object Name:		C:\SharedFiles\Accounting\securitystinks.xlsx
	Handle ID:		0x15d8
	Resource Attributes:	S:AI

Process Information:
	Process ID:		0x4
	Process Name:		

Access Request Information:
	Accesses:		ReadData (or ListDirectory)
				
	Access Mask:		0x1

Event[3117]:
  Log Name: Security
  Source: Microsoft-Windows-Security-Auditing
  Date: 2020-06-26T13:46:40.693
  Event ID: 4663
  Task: File System
  Level: Information
  Opcode: Info
  Keyword: Audit Success
  User: N/A
  User Name: N/A
  Computer: DESKTOP-UR71QBS
  Description: 
An attempt was made to access an object.

Subject:
	Security ID:		S-1-5-21-999993552-654098596-4043940906-1002
	Account Name:		evilhacker
	Account Domain:		DESKTOP-UR71QBS
	Logon ID:		0x4E7A7

Object:
	Object Server:		Security
	Object Type:		File
	Object Name:		C:\SharedFiles\Accounting\tasks.txt
	Handle ID:		0x34ac
	Resource Attributes:	S:AI

Process Information:
	Process ID:		0x4
	Process Name:		

Access Request Information:
	Accesses:		READ_CONTROL
				
	Access Mask:		0x20000

Event[3118]:
  Log Name: Security
  Source: Microsoft-Windows-Security-Auditing
  Date: 2020-06-26T13:46:40.694
  Event ID: 4663
  Task: File System
  Level: Information
  Opcode: Info
  Keyword: Audit Success
  User: N/A
  User Name: N/A
  Computer: DESKTOP-UR71QBS
  Description: 
An attempt was made to access an object.

Subject:
	Security ID:		S-1-5-21-999993552-654098596-4043940906-1002
	Account Name:		evilhacker
	Account Domain:		DESKTOP-UR71QBS
	Logon ID:		0x4E7A7

Object:
	Object Server:		Security
	Object Type:		File
	Object Name:		C:\SharedFiles\CorporatePlans
	Handle ID:		0x34b8
	Resource Attributes:	S:AI

Process Information:
	Process ID:		0x4
	Process Name:		

Access Request Information:
	Accesses:		ReadAttributes
				
	Access Mask:		0x80

Event[3119]:
  Log Name: Security
  Source: Microsoft-Windows-Security-Auditing
  Date: 2020-06-26T13:46:40.696
  Event ID: 4663
  Task: File System
  Level: Information
  Opcode: Info
  Keyword: Audit Success
  User: N/A
  User Name: N/A
  Computer: DESKTOP-UR71QBS
  Description: 
An attempt was made to access an object.

Subject:
	Security ID:		S-1-5-21-999993552-654098596-4043940906-1002
	Account Name:		evilhacker
	Account Domain:		DESKTOP-UR71QBS
	Logon ID:		0x4E7A7

Object:
	Object Server:		Security
	Object Type:		File
	Object Name:		C:\SharedFiles\CorporatePlans\productlist.xlsx
	Handle ID:		0x31bc
	Resource Attributes:	S:AI

Process Information:
	Process ID:		0x4
	Process Name:		

Access Request Information:
	Accesses:		READ_CONTROL
				
	Access Mask:		0x20000

Event[3120]:
  Log Name: Security
  Source: Microsoft-Windows-Security-Auditing
  Date: 2020-06-26T13:46:40.697
  Event ID: 4663
  Task: File System
  Level: Information
  Opcode: Info
  Keyword: Audit Success
  User: N/A
  User Name: N/A
  Computer: DESKTOP-UR71QBS
  Description: 
An attempt was made to access an object.

Subject:
	Security ID:		S-1-5-21-999993552-654098596-4043940906-1002
	Account Name:		evilhacker
	Account Domain:		DESKTOP-UR71QBS
	Logon ID:		0x4E7A7

Object:
	Object Server:		Security
	Object Type:		File
	Object Name:		C:\SharedFiles\CorporatePlans\productlist.xlsx
	Handle ID:		0x31bc
	Resource Attributes:	S:AI

Process Information:
	Process ID:		0x4
	Process Name:		

Access Request Information:
	Accesses:		ReadData (or ListDirectory)
				
	Access Mask:		0x1

Event[3121]:
  Log Name: Security
  Source: Microsoft-Windows-Security-Auditing
  Date: 2020-06-26T13:46:40.699
  Event ID: 4663
  Task: File System
  Level: Information
  Opcode: Info
  Keyword: Audit Success
  User: N/A
  User Name: N/A
  Computer: DESKTOP-UR71QBS
  Description: 
An attempt was made to access an object.

Subject:
	Security ID:		S-1-5-21-999993552-654098596-4043940906-1002
	Account Name:		evilhacker
	Account Domain:		DESKTOP-UR71QBS
	Logon ID:		0x4E7A7

Object:
	Object Server:		Security
	Object Type:		File
	Object Name:		C:\SharedFiles\CorporatePlans\productupgrades.xlsx
	Handle ID:		0x34b8
	Resource Attributes:	S:AI

Process Information:
	Process ID:		0x4
	Process Name:		

Access Request Information:
	Accesses:		READ_CONTROL
				
	Access Mask:		0x20000

Event[3122]:
  Log Name: Security
  Source: Microsoft-Windows-Security-Auditing
  Date: 2020-06-26T13:46:40.700
  Event ID: 4663
  Task: File System
  Level: Information
  Opcode: Info
  Keyword: Audit Success
  User: N/A
  User Name: N/A
  Computer: DESKTOP-UR71QBS
  Description: 
An attempt was made to access an object.

Subject:
	Security ID:		S-1-5-21-999993552-654098596-4043940906-1002
	Account Name:		evilhacker
	Account Domain:		DESKTOP-UR71QBS
	Logon ID:		0x4E7A7

Object:
	Object Server:		Security
	Object Type:		File
	Object Name:		C:\SharedFiles\CorporatePlans\productupgrades.xlsx
	Handle ID:		0x34b8
	Resource Attributes:	S:AI

Process Information:
	Process ID:		0x4
	Process Name:		

Access Request Information:
	Accesses:		ReadData (or ListDirectory)
				
	Access Mask:		0x1

Event[3123]:
  Log Name: Security
  Source: Microsoft-Windows-Security-Auditing
  Date: 2020-06-26T13:46:40.702
  Event ID: 4663
  Task: File System
  Level: Information
  Opcode: Info
  Keyword: Audit Success
  User: N/A
  User Name: N/A
  Computer: DESKTOP-UR71QBS
  Description: 
An attempt was made to access an object.

Subject:
	Security ID:		S-1-5-21-999993552-654098596-4043940906-1002
	Account Name:		evilhacker
	Account Domain:		DESKTOP-UR71QBS
	Logon ID:		0x4E7A7

Object:
	Object Server:		Security
	Object Type:		File
	Object Name:		C:\SharedFiles\CorporatePlans\StrategicPlanning.docx
	Handle ID:		0x2bd8
	Resource Attributes:	S:AI

Process Information:
	Process ID:		0x4
	Process Name:		

Access Request Information:
	Accesses:		READ_CONTROL
				
	Access Mask:		0x20000

Event[3124]:
  Log Name: Security
  Source: Microsoft-Windows-Security-Auditing
  Date: 2020-06-26T13:46:40.703
  Event ID: 4663
  Task: File System
  Level: Information
  Opcode: Info
  Keyword: Audit Success
  User: N/A
  User Name: N/A
  Computer: DESKTOP-UR71QBS
  Description: 
An attempt was made to access an object.

Subject:
	Security ID:		S-1-5-21-999993552-654098596-4043940906-1002
	Account Name:		evilhacker
	Account Domain:		DESKTOP-UR71QBS
	Logon ID:		0x4E7A7

Object:
	Object Server:		Security
	Object Type:		File
	Object Name:		C:\SharedFiles\games
	Handle ID:		0x342c
	Resource Attributes:	S:AI

Process Information:
	Process ID:		0x4
	Process Name:		

Access Request Information:
	Accesses:		ReadAttributes
				
	Access Mask:		0x80

Event[3125]:
  Log Name: Security
  Source: Microsoft-Windows-Security-Auditing
  Date: 2020-06-26T13:46:40.705
  Event ID: 4663
  Task: File System
  Level: Information
  Opcode: Info
  Keyword: Audit Success
  User: N/A
  User Name: N/A
  Computer: DESKTOP-UR71QBS
  Description: 
An attempt was made to access an object.

Subject:
	Security ID:		S-1-5-21-999993552-654098596-4043940906-1002
	Account Name:		evilhacker
	Account Domain:		DESKTOP-UR71QBS
	Logon ID:		0x4E7A7

Object:
	Object Server:		Security
	Object Type:		File
	Object Name:		C:\SharedFiles\games\approvedgames.txt
	Handle ID:		0x34b0
	Resource Attributes:	S:AI

Process Information:
	Process ID:		0x4
	Process Name:		

Access Request Information:
	Accesses:		READ_CONTROL
				
	Access Mask:		0x20000

Event[3126]:
  Log Name: Security
  Source: Microsoft-Windows-Security-Auditing
  Date: 2020-06-26T13:46:40.706
  Event ID: 4663
  Task: File System
  Level: Information
  Opcode: Info
  Keyword: Audit Success
  User: N/A
  User Name: N/A
  Computer: DESKTOP-UR71QBS
  Description: 
An attempt was made to access an object.

Subject:
	Security ID:		S-1-5-21-999993552-654098596-4043940906-1002
	Account Name:		evilhacker
	Account Domain:		DESKTOP-UR71QBS
	Logon ID:		0x4E7A7

Object:
	Object Server:		Security
	Object Type:		File
	Object Name:		C:\SharedFiles\MainDB
	Handle ID:		0x342c
	Resource Attributes:	S:AI

Process Information:
	Process ID:		0x4
	Process Name:		

Access Request Information:
	Accesses:		ReadAttributes
				
	Access Mask:		0x80

Event[3127]:
  Log Name: Security
  Source: Microsoft-Windows-Security-Auditing
  Date: 2020-06-26T13:46:40.707
  Event ID: 4663
  Task: File System
  Level: Information
  Opcode: Info
  Keyword: Audit Success
  User: N/A
  User Name: N/A
  Computer: DESKTOP-UR71QBS
  Description: 
An attempt was made to access an object.

Subject:
	Security ID:		S-1-5-21-999993552-654098596-4043940906-1002
	Account Name:		evilhacker
	Account Domain:		DESKTOP-UR71QBS
	Logon ID:		0x4E7A7

Object:
	Object Server:		Security
	Object Type:		File
	Object Name:		C:\SharedFiles\MainDB\database.db
	Handle ID:		0x342c
	Resource Attributes:	S:AI

Process Information:
	Process ID:		0x4
	Process Name:		

Access Request Information:
	Accesses:		READ_CONTROL
				
	Access Mask:		0x20000

Event[3128]:
  Log Name: Security
  Source: Microsoft-Windows-Security-Auditing
  Date: 2020-06-26T13:46:40.710
  Event ID: 4663
  Task: File System
  Level: Information
  Opcode: Info
  Keyword: Audit Success
  User: N/A
  User Name: N/A
  Computer: DESKTOP-UR71QBS
  Description: 
An attempt was made to access an object.

Subject:
	Security ID:		S-1-5-21-999993552-654098596-4043940906-1002
	Account Name:		evilhacker
	Account Domain:		DESKTOP-UR71QBS
	Logon ID:		0x4E7A7

Object:
	Object Server:		Security
	Object Type:		File
	Object Name:		C:\SharedFiles\OfficeParty
	Handle ID:		0x1598
	Resource Attributes:	S:AI

Process Information:
	Process ID:		0x4
	Process Name:		

Access Request Information:
	Accesses:		ReadAttributes
				
	Access Mask:		0x80

Event[3129]:
  Log Name: Security
  Source: Microsoft-Windows-Security-Auditing
  Date: 2020-06-26T13:46:40.712
  Event ID: 4663
  Task: File System
  Level: Information
  Opcode: Info
  Keyword: Audit Success
  User: N/A
  User Name: N/A
  Computer: DESKTOP-UR71QBS
  Description: 
An attempt was made to access an object.

Subject:
	Security ID:		S-1-5-21-999993552-654098596-4043940906-1002
	Account Name:		evilhacker
	Account Domain:		DESKTOP-UR71QBS
	Logon ID:		0x4E7A7

Object:
	Object Server:		Security
	Object Type:		File
	Object Name:		C:\SharedFiles\OfficeParty\barlist.txt
	Handle ID:		0x1598
	Resource Attributes:	S:AI

Process Information:
	Process ID:		0x4
	Process Name:		

Access Request Information:
	Accesses:		READ_CONTROL
				
	Access Mask:		0x20000

Event[3130]:
  Log Name: Security
  Source: Microsoft-Windows-Security-Auditing
  Date: 2020-06-26T13:46:40.714
  Event ID: 4663
  Task: File System
  Level: Information
  Opcode: Info
  Keyword: Audit Success
  User: N/A
  User Name: N/A
  Computer: DESKTOP-UR71QBS
  Description: 
An attempt was made to access an object.

Subject:
	Security ID:		S-1-5-21-999993552-654098596-4043940906-1002
	Account Name:		evilhacker
	Account Domain:		DESKTOP-UR71QBS
	Logon ID:		0x4E7A7

Object:
	Object Server:		Security
	Object Type:		File
	Object Name:		C:\SharedFiles\OfficeParty\bribes.docx
	Handle ID:		0x2210
	Resource Attributes:	S:AI

Process Information:
	Process ID:		0x4
	Process Name:		

Access Request Information:
	Accesses:		READ_CONTROL
				
	Access Mask:		0x20000

Event[3131]:
  Log Name: Security
  Source: Microsoft-Windows-Security-Auditing
  Date: 2020-06-26T13:46:40.715
  Event ID: 4663
  Task: File System
  Level: Information
  Opcode: Info
  Keyword: Audit Success
  User: N/A
  User Name: N/A
  Computer: DESKTOP-UR71QBS
  Description: 
An attempt was made to access an object.

Subject:
	Security ID:		S-1-5-21-999993552-654098596-4043940906-1002
	Account Name:		evilhacker
	Account Domain:		DESKTOP-UR71QBS
	Logon ID:		0x4E7A7

Object:
	Object Server:		Security
	Object Type:		File
	Object Name:		C:\SharedFiles\OfficeParty\CrongressionalFlunkies.docx
	Handle ID:		0x3458
	Resource Attributes:	S:AI

Process Information:
	Process ID:		0x4
	Process Name:		

Access Request Information:
	Accesses:		READ_CONTROL
				
	Access Mask:		0x20000

Event[3132]:
  Log Name: Security
  Source: Microsoft-Windows-Security-Auditing
  Date: 2020-06-26T13:46:40.716
  Event ID: 4663
  Task: File System
  Level: Information
  Opcode: Info
  Keyword: Audit Success
  User: N/A
  User Name: N/A
  Computer: DESKTOP-UR71QBS
  Description: 
An attempt was made to access an object.

Subject:
	Security ID:		S-1-5-21-999993552-654098596-4043940906-1002
	Account Name:		evilhacker
	Account Domain:		DESKTOP-UR71QBS
	Logon ID:		0x4E7A7

Object:
	Object Server:		Security
	Object Type:		File
	Object Name:		C:\SharedFiles\OfficeParty\entree.txt
	Handle ID:		0x2c68
	Resource Attributes:	S:AI

Process Information:
	Process ID:		0x4
	Process Name:		

Access Request Information:
	Accesses:		READ_CONTROL
				
	Access Mask:		0x20000

Event[3133]:
  Log Name: Security
  Source: Microsoft-Windows-Security-Auditing
  Date: 2020-06-26T13:46:40.717
  Event ID: 4663
  Task: File System
  Level: Information
  Opcode: Info
  Keyword: Audit Success
  User: N/A
  User Name: N/A
  Computer: DESKTOP-UR71QBS
  Description: 
An attempt was made to access an object.

Subject:
	Security ID:		S-1-5-21-999993552-654098596-4043940906-1002
	Account Name:		evilhacker
	Account Domain:		DESKTOP-UR71QBS
	Logon ID:		0x4E7A7

Object:
	Object Server:		Security
	Object Type:		File
	Object Name:		C:\SharedFiles\OfficeParty\invitelist.xlsx
	Handle ID:		0x360c
	Resource Attributes:	S:AI

Process Information:
	Process ID:		0x4
	Process Name:		

Access Request Information:
	Accesses:		READ_CONTROL
				
	Access Mask:		0x20000

Event[3134]:
  Log Name: Security
  Source: Microsoft-Windows-Security-Auditing
  Date: 2020-06-26T13:46:40.718
  Event ID: 4663
  Task: File System
  Level: Information
  Opcode: Info
  Keyword: Audit Success
  User: N/A
  User Name: N/A
  Computer: DESKTOP-UR71QBS
  Description: 
An attempt was made to access an object.

Subject:
	Security ID:		S-1-5-21-999993552-654098596-4043940906-1002
	Account Name:		evilhacker
	Account Domain:		DESKTOP-UR71QBS
	Logon ID:		0x4E7A7

Object:
	Object Server:		Security
	Object Type:		File
	Object Name:		C:\SharedFiles\OfficeParty\invitelist.xlsx
	Handle ID:		0x360c
	Resource Attributes:	S:AI

Process Information:
	Process ID:		0x4
	Process Name:		

Access Request Information:
	Accesses:		ReadData (or ListDirectory)
				
	Access Mask:		0x1

Event[3135]:
  Log Name: Security
  Source: Microsoft-Windows-Security-Auditing
  Date: 2020-06-26T13:46:40.719
  Event ID: 4663
  Task: File System
  Level: Information
  Opcode: Info
  Keyword: Audit Success
  User: N/A
  User Name: N/A
  Computer: DESKTOP-UR71QBS
  Description: 
An attempt was made to access an object.

Subject:
	Security ID:		S-1-5-21-999993552-654098596-4043940906-1002
	Account Name:		evilhacker
	Account Domain:		DESKTOP-UR71QBS
	Logon ID:		0x4E7A7

Object:
	Object Server:		Security
	Object Type:		File
	Object Name:		C:\SharedFiles\OfficeParty\locations.txt
	Handle ID:		0x2e74
	Resource Attributes:	S:AI

Process Information:
	Process ID:		0x4
	Process Name:		

Access Request Information:
	Accesses:		READ_CONTROL
				
	Access Mask:		0x20000

Event[3136]:
  Log Name: Security
  Source: Microsoft-Windows-Security-Auditing
  Date: 2020-06-26T13:46:42.359
  Event ID: 4673
  Task: Sensitive Privilege Use
  Level: Information
  Opcode: Info
  Keyword: Audit Failure
  User: N/A
  User Name: N/A
  Computer: DESKTOP-UR71QBS
  Description: 
A privileged service was called.

Subject:
	Security ID:		S-1-5-21-999993552-654098596-4043940906-1001
	Account Name:		John
	Account Domain:		DESKTOP-UR71QBS
	Logon ID:		0x1A1C3

Service:
	Server:	Security
	Service Name:	-

Process:
	Process ID:	0x1c8c
	Process Name:	C:\Windows\System32\WindowsPowerShell\v1.0\powershell.exe

Service Request Information:
	Privileges:		SeCreateGlobalPrivilege

Event[3137]:
  Log Name: Security
  Source: Microsoft-Windows-Security-Auditing
  Date: 2020-06-26T13:46:48.824
  Event ID: 4673
  Task: Sensitive Privilege Use
  Level: Information
  Opcode: Info
  Keyword: Audit Failure
  User: N/A
  User Name: N/A
  Computer: DESKTOP-UR71QBS
  Description: 
A privileged service was called.

Subject:
	Security ID:		S-1-5-21-999993552-654098596-4043940906-1001
	Account Name:		John
	Account Domain:		DESKTOP-UR71QBS
	Logon ID:		0x1A1C3

Service:
	Server:	Security
	Service Name:	-

Process:
	Process ID:	0x348
	Process Name:	C:\Windows\System32\svchost.exe

Service Request Information:
	Privileges:		SeTcbPrivilege

Event[3138]:
  Log Name: Security
  Source: Microsoft-Windows-Security-Auditing
  Date: 2020-06-26T13:46:48.844
  Event ID: 4673
  Task: Sensitive Privilege Use
  Level: Information
  Opcode: Info
  Keyword: Audit Failure
  User: N/A
  User Name: N/A
  Computer: DESKTOP-UR71QBS
  Description: 
A privileged service was called.

Subject:
	Security ID:		S-1-5-21-999993552-654098596-4043940906-1001
	Account Name:		John
	Account Domain:		DESKTOP-UR71QBS
	Logon ID:		0x1A1C3

Service:
	Server:	Security
	Service Name:	-

Process:
	Process ID:	0x2d8
	Process Name:	C:\Windows\SystemApps\ShellExperienceHost_cw5n1h2txyewy\ShellExperienceHost.exe

Service Request Information:
	Privileges:		SeProfileSingleProcessPrivilege

Event[3139]:
  Log Name: Security
  Source: Microsoft-Windows-Security-Auditing
  Date: 2020-06-26T13:46:49.117
  Event ID: 4673
  Task: Sensitive Privilege Use
  Level: Information
  Opcode: Info
  Keyword: Audit Failure
  User: N/A
  User Name: N/A
  Computer: DESKTOP-UR71QBS
  Description: 
A privileged service was called.

Subject:
	Security ID:		S-1-5-21-999993552-654098596-4043940906-1001
	Account Name:		John
	Account Domain:		DESKTOP-UR71QBS
	Logon ID:		0x1A1C3

Service:
	Server:	Security
	Service Name:	-

Process:
	Process ID:	0x1cbc
	Process Name:	C:\Windows\System32\RuntimeBroker.exe

Service Request Information:
	Privileges:		SeProfileSingleProcessPrivilege

Event[3140]:
  Log Name: Security
  Source: Microsoft-Windows-Security-Auditing
  Date: 2020-06-26T13:46:51.341
  Event ID: 4673
  Task: Sensitive Privilege Use
  Level: Information
  Opcode: Info
  Keyword: Audit Failure
  User: N/A
  User Name: N/A
  Computer: DESKTOP-UR71QBS
  Description: 
A privileged service was called.

Subject:
	Security ID:		S-1-5-21-999993552-654098596-4043940906-1001
	Account Name:		John
	Account Domain:		DESKTOP-UR71QBS
	Logon ID:		0x1A1C3

Service:
	Server:	Security
	Service Name:	-

Process:
	Process ID:	0x1f04
	Process Name:	C:\Windows\System32\rundll32.exe

Service Request Information:
	Privileges:		SeProfileSingleProcessPrivilege

Event[3141]:
  Log Name: Security
  Source: Microsoft-Windows-Security-Auditing
  Date: 2020-06-26T13:46:52.089
  Event ID: 4673
  Task: Sensitive Privilege Use
  Level: Information
  Opcode: Info
  Keyword: Audit Success
  User: N/A
  User Name: N/A
  Computer: DESKTOP-UR71QBS
  Description: 
A privileged service was called.

Subject:
	Security ID:		S-1-5-18
	Account Name:		DESKTOP-UR71QBS$
	Account Domain:		WORKGROUP
	Logon ID:		0x3E7

Service:
	Server:	NT Local Security Authority / Authentication Service
	Service Name:	LsaRegisterLogonProcess()

Process:
	Process ID:	0x280
	Process Name:	C:\Windows\System32\lsass.exe

Service Request Information:
	Privileges:		SeTcbPrivilege

Event[3142]:
  Log Name: Security
  Source: Microsoft-Windows-Security-Auditing
  Date: 2020-06-26T13:46:52.345
  Event ID: 4673
  Task: Sensitive Privilege Use
  Level: Information
  Opcode: Info
  Keyword: Audit Failure
  User: N/A
  User Name: N/A
  Computer: DESKTOP-UR71QBS
  Description: 
A privileged service was called.

Subject:
	Security ID:		S-1-5-19
	Account Name:		LOCAL SERVICE
	Account Domain:		NT AUTHORITY
	Logon ID:		0x3E5

Service:
	Server:	Security
	Service Name:	-

Process:
	Process ID:	0x2360
	Process Name:	C:\Windows\System32\audiodg.exe

Service Request Information:
	Privileges:		SeProfileSingleProcessPrivilege

Event[3143]:
  Log Name: Security
  Source: Microsoft-Windows-Security-Auditing
  Date: 2020-06-26T13:46:52.368
  Event ID: 4673
  Task: Sensitive Privilege Use
  Level: Information
  Opcode: Info
  Keyword: Audit Failure
  User: N/A
  User Name: N/A
  Computer: DESKTOP-UR71QBS
  Description: 
A privileged service was called.

Subject:
	Security ID:		S-1-5-19
	Account Name:		LOCAL SERVICE
	Account Domain:		NT AUTHORITY
	Logon ID:		0x3E5

Service:
	Server:	Security
	Service Name:	-

Process:
	Process ID:	0x2360
	Process Name:	C:\Windows\System32\audiodg.exe

Service Request Information:
	Privileges:		SeIncreaseBasePriorityPrivilege

Event[3144]:
  Log Name: Security
  Source: Microsoft-Windows-Security-Auditing
  Date: 2020-06-26T13:46:52.524
  Event ID: 4673
  Task: Sensitive Privilege Use
  Level: Information
  Opcode: Info
  Keyword: Audit Success
  User: N/A
  User Name: N/A
  Computer: DESKTOP-UR71QBS
  Description: 
A privileged service was called.

Subject:
	Security ID:		S-1-5-19
	Account Name:		LOCAL SERVICE
	Account Domain:		NT AUTHORITY
	Logon ID:		0x3E5

Service:
	Server:	Security
	Service Name:	PsWorkingSetAdjust

Process:
	Process ID:	0x2360
	Process Name:	C:\Windows\System32\audiodg.exe

Service Request Information:
	Privileges:		SeIncreaseWorkingSetPrivilege

Event[3145]:
  Log Name: Security
  Source: Microsoft-Windows-Security-Auditing
  Date: 2020-06-26T13:46:53.023
  Event ID: 4673
  Task: Sensitive Privilege Use
  Level: Information
  Opcode: Info
  Keyword: Audit Failure
  User: N/A
  User Name: N/A
  Computer: DESKTOP-UR71QBS
  Description: 
A privileged service was called.

Subject:
	Security ID:		S-1-5-19
	Account Name:		LOCAL SERVICE
	Account Domain:		NT AUTHORITY
	Logon ID:		0x3E5

Service:
	Server:	Security
	Service Name:	-

Process:
	Process ID:	0x888
	Process Name:	C:\Windows\System32\svchost.exe

Service Request Information:
	Privileges:		SeIncreaseBasePriorityPrivilege

Event[3146]:
  Log Name: Security
  Source: Microsoft-Windows-Security-Auditing
  Date: 2020-06-26T13:46:54.480
  Event ID: 4673
  Task: Sensitive Privilege Use
  Level: Information
  Opcode: Info
  Keyword: Audit Failure
  User: N/A
  User Name: N/A
  Computer: DESKTOP-UR71QBS
  Description: 
A privileged service was called.

Subject:
	Security ID:		S-1-5-21-999993552-654098596-4043940906-1001
	Account Name:		John
	Account Domain:		DESKTOP-UR71QBS
	Logon ID:		0x1A155

Service:
	Server:	Security
	Service Name:	-

Process:
	Process ID:	0x4b0
	Process Name:	C:\Windows\System32\svchost.exe

Service Request Information:
	Privileges:		SeTcbPrivilege

Event[3147]:
  Log Name: Security
  Source: Microsoft-Windows-Security-Auditing
  Date: 2020-06-26T13:46:54.489
  Event ID: 4673
  Task: Sensitive Privilege Use
  Level: Information
  Opcode: Info
  Keyword: Audit Success
  User: N/A
  User Name: N/A
  Computer: DESKTOP-UR71QBS
  Description: 
A privileged service was called.

Subject:
	Security ID:		S-1-5-18
	Account Name:		DESKTOP-UR71QBS$
	Account Domain:		WORKGROUP
	Logon ID:		0x3E7

Service:
	Server:	NT Local Security Authority / Authentication Service
	Service Name:	LsaRegisterLogonProcess()

Process:
	Process ID:	0x280
	Process Name:	C:\Windows\System32\lsass.exe

Service Request Information:
	Privileges:		SeTcbPrivilege

Event[3148]:
  Log Name: Security
  Source: Microsoft-Windows-Security-Auditing
  Date: 2020-06-26T13:46:54.554
  Event ID: 4673
  Task: Sensitive Privilege Use
  Level: Information
  Opcode: Info
  Keyword: Audit Failure
  User: N/A
  User Name: N/A
  Computer: DESKTOP-UR71QBS
  Description: 
A privileged service was called.

Subject:
	Security ID:		S-1-5-21-999993552-654098596-4043940906-1001
	Account Name:		John
	Account Domain:		DESKTOP-UR71QBS
	Logon ID:		0x1A155

Service:
	Server:	Security
	Service Name:	-

Process:
	Process ID:	0x4b0
	Process Name:	C:\Windows\System32\svchost.exe

Service Request Information:
	Privileges:		SeTcbPrivilege

Event[3149]:
  Log Name: Security
  Source: Microsoft-Windows-Security-Auditing
  Date: 2020-06-26T13:46:54.899
  Event ID: 4673
  Task: Sensitive Privilege Use
  Level: Information
  Opcode: Info
  Keyword: Audit Failure
  User: N/A
  User Name: N/A
  Computer: DESKTOP-UR71QBS
  Description: 
A privileged service was called.

Subject:
	Security ID:		S-1-5-21-999993552-654098596-4043940906-1001
	Account Name:		John
	Account Domain:		DESKTOP-UR71QBS
	Logon ID:		0x1A155

Service:
	Server:	Security
	Service Name:	-

Process:
	Process ID:	0x2290
	Process Name:	C:\Windows\System32\WindowsPowerShell\v1.0\powershell.exe

Service Request Information:
	Privileges:		SeTcbPrivilege

Event[3150]:
  Log Name: Security
  Source: Microsoft-Windows-Security-Auditing
  Date: 2020-06-26T13:46:54.952
  Event ID: 4673
  Task: Sensitive Privilege Use
  Level: Information
  Opcode: Info
  Keyword: Audit Success
  User: N/A
  User Name: N/A
  Computer: DESKTOP-UR71QBS
  Description: 
A privileged service was called.

Subject:
	Security ID:		S-1-5-21-999993552-654098596-4043940906-1001
	Account Name:		John
	Account Domain:		DESKTOP-UR71QBS
	Logon ID:		0x1A155

Service:
	Server:	Security
	Service Name:	-

Process:
	Process ID:	0x2290
	Process Name:	C:\Windows\System32\WindowsPowerShell\v1.0\powershell.exe

Service Request Information:
	Privileges:		SeCreateGlobalPrivilege

Event[3151]:
  Log Name: Security
  Source: Microsoft-Windows-Security-Auditing
  Date: 2020-06-26T13:46:58.242
  Event ID: 4673
  Task: Sensitive Privilege Use
  Level: Information
  Opcode: Info
  Keyword: Audit Success
  User: N/A
  User Name: N/A
  Computer: DESKTOP-UR71QBS
  Description: 
A privileged service was called.

Subject:
	Security ID:		S-1-5-21-999993552-654098596-4043940906-1001
	Account Name:		John
	Account Domain:		DESKTOP-UR71QBS
	Logon ID:		0x1A155

Service:
	Server:	Security
	Service Name:	-

Process:
	Process ID:	0x2290
	Process Name:	C:\Windows\System32\WindowsPowerShell\v1.0\powershell.exe

Service Request Information:
	Privileges:		SeCreateGlobalPrivilege

Event[3152]:
  Log Name: Security
  Source: Microsoft-Windows-Security-Auditing
  Date: 2020-06-26T13:47:38.853
  Event ID: 4673
  Task: Sensitive Privilege Use
  Level: Information
  Opcode: Info
  Keyword: Audit Failure
  User: N/A
  User Name: N/A
  Computer: DESKTOP-UR71QBS
  Description: 
A privileged service was called.

Subject:
	Security ID:		S-1-5-21-999993552-654098596-4043940906-1001
	Account Name:		John
	Account Domain:		DESKTOP-UR71QBS
	Logon ID:		0x1A1C3

Service:
	Server:	Security
	Service Name:	-

Process:
	Process ID:	0x1ce0
	Process Name:	C:\Windows\System32\SecurityHealthHost.exe

Service Request Information:
	Privileges:		SeProfileSingleProcessPrivilege

Event[3153]:
  Log Name: Security
  Source: Microsoft-Windows-Security-Auditing
  Date: 2020-06-26T13:47:39.913
  Event ID: 4673
  Task: Sensitive Privilege Use
  Level: Information
  Opcode: Info
  Keyword: Audit Failure
  User: N/A
  User Name: N/A
  Computer: DESKTOP-UR71QBS
  Description: 
A privileged service was called.

Subject:
	Security ID:		S-1-5-19
	Account Name:		LOCAL SERVICE
	Account Domain:		NT AUTHORITY
	Logon ID:		0x3E5

Service:
	Server:	Security
	Service Name:	-

Process:
	Process ID:	0x888
	Process Name:	C:\Windows\System32\svchost.exe

Service Request Information:
	Privileges:		SeIncreaseBasePriorityPrivilege

Event[3154]:
  Log Name: Security
  Source: Microsoft-Windows-Security-Auditing
  Date: 2020-06-26T13:48:36.076
  Event ID: 4673
  Task: Sensitive Privilege Use
  Level: Information
  Opcode: Info
  Keyword: Audit Failure
  User: N/A
  User Name: N/A
  Computer: DESKTOP-UR71QBS
  Description: 
A privileged service was called.

Subject:
	Security ID:		S-1-5-21-999993552-654098596-4043940906-1001
	Account Name:		John
	Account Domain:		DESKTOP-UR71QBS
	Logon ID:		0x1A1C3

Service:
	Server:	Security
	Service Name:	-

Process:
	Process ID:	0x18c8
	Process Name:	C:\Windows\System32\taskhostw.exe

Service Request Information:
	Privileges:		SeProfileSingleProcessPrivilege

