  Log Name: Security
  Source: Microsoft-Windows-Security-Auditing
  Date: 2020-06-26T13:45:48.682
  Event ID: 4663
  Task: File System
  Level: Information
  Opcode: Info
  Keyword: Audit Success
  User: N/A
  User Name: N/A
  Computer: DESKTOP-UR71QBS
  Description: 
An attempt was made to access an object.

Subject:
	Security ID:		S-1-5-21-999993552-654098596-4043940906-1002
	Account Name:		evilhacker
	Account Domain:		DESKTOP-UR71QBS
	Logon ID:		0x4E7A7

Object:
	Object Server:		Security
	Object Type:		File
	Object Name:		C:\SharedFiles\SecretProject\customerlist.txt
	Handle ID:		0x349c
	Resource Attributes:	S:AI

Process Information:
	Process ID:		0x4
	Process Name:		

Access Request Information:
	Accesses:		READ_CONTROL
				
	Access Mask:		0x20000

Event[3036]:
  Log Name: Security
  Source: Microsoft-Windows-Security-Auditing
  Date: 2020-06-26T13:45:48.687
  Event ID: 4663
  Task: File System
  Level: Information
  Opcode: Info
  Keyword: Audit Success
  User: N/A
  User Name: N/A
  Computer: DESKTOP-UR71QBS
  Description: 
An attempt was made to access an object.

Subject:
	Security ID:		S-1-5-21-999993552-654098596-4043940906-1002
	Account Name:		evilhacker
	Account Domain:		DESKTOP-UR71QBS
	Logon ID:		0x4E7A7

Object:
	Object Server:		Security
	Object Type:		File
	Object Name:		C:\SharedFiles\SecretProject\EmployeeAssignnents.docx
	Handle ID:		0x2d7c
	Resource Attributes:	S:AI

Process Information:
	Process ID:		0x4
	Process Name:		

Access Request Information:
	Accesses:		READ_CONTROL
				
	Access Mask:		0x20000

Event[3037]:
  Log Name: Security
  Source: Microsoft-Windows-Security-Auditing
  Date: 2020-06-26T13:45:48.691
  Event ID: 4663
  Task: File System
  Level: Information
  Opcode: Info
  Keyword: Audit Success
  User: N/A
  User Name: N/A
  Computer: DESKTOP-UR71QBS
  Description: 
An attempt was made to access an object.

Subject:
	Security ID:		S-1-5-21-999993552-654098596-4043940906-1002
	Account Name:		evilhacker
	Account Domain:		DESKTOP-UR71QBS
	Logon ID:		0x4E7A7

Object:
	Object Server:		Security
	Object Type:		File
	Object Name:		C:\SharedFiles\SecretProject\projectbudget.xlsx
	Handle ID:		0x1e1c
	Resource Attributes:	S:AI

Process Information:
	Process ID:		0x4
	Process Name:		

Access Request Information:
	Accesses:		READ_CONTROL
				
	Access Mask:		0x20000

Event[3038]:
  Log Name: Security
  Source: Microsoft-Windows-Security-Auditing
  Date: 2020-06-26T13:45:48.692
  Event ID: 4663
  Task: File System
  Level: Information
  Opcode: Info
  Keyword: Audit Success
  User: N/A
  User Name: N/A
  Computer: DESKTOP-UR71QBS
  Description: 
An attempt was made to access an object.

Subject:
	Security ID:		S-1-5-21-999993552-654098596-4043940906-1002
	Account Name:		evilhacker
	Account Domain:		DESKTOP-UR71QBS
	Logon ID:		0x4E7A7

Object:
	Object Server:		Security
	Object Type:		File
	Object Name:		C:\SharedFiles\SecretProject\projectbudget.xlsx
	Handle ID:		0x1e1c
	Resource Attributes:	S:AI

Process Information:
	Process ID:		0x4
	Process Name:		

Access Request Information:
	Accesses:		ReadData (or ListDirectory)
				
	Access Mask:		0x1

Event[3039]:
  Log Name: Security
  Source: Microsoft-Windows-Security-Auditing
  Date: 2020-06-26T13:45:48.699
  Event ID: 4663
  Task: File System
  Level: Information
  Opcode: Info
  Keyword: Audit Success
  User: N/A
  User Name: N/A
  Computer: DESKTOP-UR71QBS
  Description: 
An attempt was made to access an object.

Subject:
	Security ID:		S-1-5-21-999993552-654098596-4043940906-1002
	Account Name:		evilhacker
	Account Domain:		DESKTOP-UR71QBS
	Logon ID:		0x4E7A7

Object:
	Object Server:		Security
	Object Type:		File
	Object Name:		C:\SharedFiles\SecretProject\ProjectDesign.docx
	Handle ID:		0xf44
	Resource Attributes:	S:AI

Process Information:
	Process ID:		0x4
	Process Name:		

Access Request Information:
	Accesses:		READ_CONTROL
				
	Access Mask:		0x20000

Event[3040]:
  Log Name: Security
  Source: Microsoft-Windows-Security-Auditing
  Date: 2020-06-26T13:45:48.704
  Event ID: 4663
  Task: File System
  Level: Information
  Opcode: Info
  Keyword: Audit Success
  User: N/A
  User Name: N/A
  Computer: DESKTOP-UR71QBS
  Description: 
An attempt was made to access an object.

Subject:
	Security ID:		S-1-5-21-999993552-654098596-4043940906-1002
	Account Name:		evilhacker
	Account Domain:		DESKTOP-UR71QBS
	Logon ID:		0x4E7A7

Object:
	Object Server:		Security
	Object Type:		File
	Object Name:		C:\SharedFiles\Accounting
	Handle ID:		0x1e1c
	Resource Attributes:	S:AI

Process Information:
	Process ID:		0x4
	Process Name:		

Access Request Information:
	Accesses:		READ_CONTROL
				
	Access Mask:		0x20000

Event[3041]:
  Log Name: Security
  Source: Microsoft-Windows-Security-Auditing
  Date: 2020-06-26T13:45:48.709
  Event ID: 4663
  Task: File System
  Level: Information
  Opcode: Info
  Keyword: Audit Success
  User: N/A
  User Name: N/A
  Computer: DESKTOP-UR71QBS
  Description: 
An attempt was made to access an object.

Subject:
	Security ID:		S-1-5-21-999993552-654098596-4043940906-1002
	Account Name:		evilhacker
	Account Domain:		DESKTOP-UR71QBS
	Logon ID:		0x4E7A7

Object:
	Object Server:		Security
	Object Type:		File
	Object Name:		C:\SharedFiles\Accounting\CEOobjectives.docx
	Handle ID:		0x1e1c
	Resource Attributes:	S:AI

Process Information:
	Process ID:		0x4
	Process Name:		

Access Request Information:
	Accesses:		READ_CONTROL
				
	Access Mask:		0x20000

Event[3042]:
  Log Name: Security
  Source: Microsoft-Windows-Security-Auditing
  Date: 2020-06-26T13:45:48.713
  Event ID: 4663
  Task: File System
  Level: Information
  Opcode: Info
  Keyword: Audit Success
  User: N/A
  User Name: N/A
  Computer: DESKTOP-UR71QBS
  Description: 
An attempt was made to access an object.

Subject:
	Security ID:		S-1-5-21-999993552-654098596-4043940906-1002
	Account Name:		evilhacker
	Account Domain:		DESKTOP-UR71QBS
	Logon ID:		0x4E7A7

Object:
	Object Server:		Security
	Object Type:		File
	Object Name:		C:\SharedFiles\Accounting\DisciplineRecords.docx
	Handle ID:		0x2d7c
	Resource Attributes:	S:AI

Process Information:
	Process ID:		0x4
	Process Name:		

Access Request Information:
	Accesses:		READ_CONTROL
				
	Access Mask:		0x20000

Event[3043]:
  Log Name: Security
  Source: Microsoft-Windows-Security-Auditing
  Date: 2020-06-26T13:45:48.717
  Event ID: 4663
  Task: File System
  Level: Information
  Opcode: Info
  Keyword: Audit Success
  User: N/A
  User Name: N/A
  Computer: DESKTOP-UR71QBS
  Description: 
An attempt was made to access an object.

Subject:
	Security ID:		S-1-5-21-999993552-654098596-4043940906-1002
	Account Name:		evilhacker
	Account Domain:		DESKTOP-UR71QBS
	Logon ID:		0x4E7A7

Object:
	Object Server:		Security
	Object Type:		File
	Object Name:		C:\SharedFiles\Accounting\EmployeeSalaries.xlsx
	Handle ID:		0x34e0
	Resource Attributes:	S:AI

Process Information:
	Process ID:		0x4
	Process Name:		

Access Request Information:
	Accesses:		READ_CONTROL
				
	Access Mask:		0x20000

Event[3044]:
  Log Name: Security
  Source: Microsoft-Windows-Security-Auditing
  Date: 2020-06-26T13:45:48.718
  Event ID: 4663
  Task: File System
  Level: Information
  Opcode: Info
  Keyword: Audit Success
  User: N/A
  User Name: N/A
  Computer: DESKTOP-UR71QBS
  Description: 
An attempt was made to access an object.

Subject:
	Security ID:		S-1-5-21-999993552-654098596-4043940906-1002
	Account Name:		evilhacker
	Account Domain:		DESKTOP-UR71QBS
	Logon ID:		0x4E7A7

Object:
	Object Server:		Security
	Object Type:		File
	Object Name:		C:\SharedFiles\Accounting\EmployeeSalaries.xlsx
	Handle ID:		0x34e0
	Resource Attributes:	S:AI

Process Information:
	Process ID:		0x4
	Process Name:		

Access Request Information:
	Accesses:		ReadData (or ListDirectory)
				
	Access Mask:		0x1

Event[3045]:
  Log Name: Security
  Source: Microsoft-Windows-Security-Auditing
  Date: 2020-06-26T13:45:48.771
  Event ID: 4663
  Task: File System
  Level: Information
  Opcode: Info
  Keyword: Audit Success
  User: N/A
  User Name: N/A
  Computer: DESKTOP-UR71QBS
  Description: 
An attempt was made to access an object.

Subject:
	Security ID:		S-1-5-21-999993552-654098596-4043940906-1002
	Account Name:		evilhacker
	Account Domain:		DESKTOP-UR71QBS
	Logon ID:		0x4E7A7

Object:
	Object Server:		Security
	Object Type:		File
	Object Name:		C:\SharedFiles\Accounting\EvilPlans.docx
	Handle ID:		0x34e0
	Resource Attributes:	S:AI

Process Information:
	Process ID:		0x4
	Process Name:		

Access Request Information:
	Accesses:		READ_CONTROL
				
	Access Mask:		0x20000

Event[3046]:
  Log Name: Security
  Source: Microsoft-Windows-Security-Auditing
  Date: 2020-06-26T13:45:48.786
  Event ID: 4663
  Task: File System
  Level: Information
  Opcode: Info
  Keyword: Audit Success
  User: N/A
  User Name: N/A
  Computer: DESKTOP-UR71QBS
  Description: 
An attempt was made to access an object.

Subject:
	Security ID:		S-1-5-21-999993552-654098596-4043940906-1002
	Account Name:		evilhacker
	Account Domain:		DESKTOP-UR71QBS
	Logon ID:		0x4E7A7

Object:
	Object Server:		Security
	Object Type:		File
	Object Name:		C:\SharedFiles\Accounting\securitystinks.xlsx
	Handle ID:		0x34e0
	Resource Attributes:	S:AI

Process Information:
	Process ID:		0x4
	Process Name:		

Access Request Information:
	Accesses:		READ_CONTROL
				
	Access Mask:		0x20000

Event[3047]:
  Log Name: Security
  Source: Microsoft-Windows-Security-Auditing
  Date: 2020-06-26T13:45:48.789
  Event ID: 4663
  Task: File System
  Level: Information
  Opcode: Info
  Keyword: Audit Success
  User: N/A
  User Name: N/A
  Computer: DESKTOP-UR71QBS
  Description: 
An attempt was made to access an object.

Subject:
	Security ID:		S-1-5-21-999993552-654098596-4043940906-1002
	Account Name:		evilhacker
	Account Domain:		DESKTOP-UR71QBS
	Logon ID:		0x4E7A7

Object:
	Object Server:		Security
	Object Type:		File
	Object Name:		C:\SharedFiles\Accounting\securitystinks.xlsx
	Handle ID:		0x34e0
	Resource Attributes:	S:AI

Process Information:
	Process ID:		0x4
	Process Name:		

Access Request Information:
	Accesses:		ReadData (or ListDirectory)
				
	Access Mask:		0x1

Event[3048]:
  Log Name: Security
  Source: Microsoft-Windows-Security-Auditing
  Date: 2020-06-26T13:45:48.798
  Event ID: 4663
  Task: File System
  Level: Information
  Opcode: Info
  Keyword: Audit Success
  User: N/A
  User Name: N/A
  Computer: DESKTOP-UR71QBS
  Description: 
An attempt was made to access an object.

Subject:
	Security ID:		S-1-5-21-999993552-654098596-4043940906-1002
	Account Name:		evilhacker
	Account Domain:		DESKTOP-UR71QBS
	Logon ID:		0x4E7A7

Object:
	Object Server:		Security
	Object Type:		File
	Object Name:		C:\SharedFiles\Accounting\tasks.txt
	Handle ID:		0x2844
	Resource Attributes:	S:AI

Process Information:
	Process ID:		0x4
	Process Name:		

Access Request Information:
	Accesses:		READ_CONTROL
				
	Access Mask:		0x20000

Event[3049]:
  Log Name: Security
  Source: Microsoft-Windows-Security-Auditing
  Date: 2020-06-26T13:45:48.809
  Event ID: 4663
  Task: File System
  Level: Information
  Opcode: Info
  Keyword: Audit Success
  User: N/A
  User Name: N/A
  Computer: DESKTOP-UR71QBS
  Description: 
An attempt was made to access an object.

Subject:
	Security ID:		S-1-5-21-999993552-654098596-4043940906-1002
	Account Name:		evilhacker
	Account Domain:		DESKTOP-UR71QBS
	Logon ID:		0x4E7A7

Object:
	Object Server:		Security
	Object Type:		File
	Object Name:		C:\SharedFiles\CorporatePlans
	Handle ID:		0x34e0
	Resource Attributes:	S:AI

Process Information:
	Process ID:		0x4
	Process Name:		

Access Request Information:
	Accesses:		READ_CONTROL
				
	Access Mask:		0x20000

Event[3050]:
  Log Name: Security
  Source: Microsoft-Windows-Security-Auditing
  Date: 2020-06-26T13:45:48.815
  Event ID: 4663
  Task: File System
  Level: Information
  Opcode: Info
  Keyword: Audit Success
  User: N/A
  User Name: N/A
  Computer: DESKTOP-UR71QBS
  Description: 
An attempt was made to access an object.

Subject:
	Security ID:		S-1-5-21-999993552-654098596-4043940906-1002
	Account Name:		evilhacker
	Account Domain:		DESKTOP-UR71QBS
	Logon ID:		0x4E7A7

Object:
	Object Server:		Security
	Object Type:		File
	Object Name:		C:\SharedFiles\CorporatePlans\productlist.xlsx
	Handle ID:		0x34e0
	Resource Attributes:	S:AI

Process Information:
	Process ID:		0x4
	Process Name:		

Access Request Information:
	Accesses:		READ_CONTROL
				
	Access Mask:		0x20000

Event[3051]:
  Log Name: Security
  Source: Microsoft-Windows-Security-Auditing
  Date: 2020-06-26T13:45:48.816
  Event ID: 4663
  Task: File System
  Level: Information
  Opcode: Info
  Keyword: Audit Success
  User: N/A
  User Name: N/A
  Computer: DESKTOP-UR71QBS
  Description: 
An attempt was made to access an object.

Subject:
	Security ID:		S-1-5-21-999993552-654098596-4043940906-1002
	Account Name:		evilhacker
	Account Domain:		DESKTOP-UR71QBS
	Logon ID:		0x4E7A7

Object:
	Object Server:		Security
	Object Type:		File
	Object Name:		C:\SharedFiles\CorporatePlans\productlist.xlsx
	Handle ID:		0x34e0
	Resource Attributes:	S:AI

Process Information:
	Process ID:		0x4
	Process Name:		

Access Request Information:
	Accesses:		ReadData (or ListDirectory)
				
	Access Mask:		0x1

Event[3052]:
  Log Name: Security
  Source: Microsoft-Windows-Security-Auditing
  Date: 2020-06-26T13:45:48.825
  Event ID: 4663
  Task: File System
  Level: Information
  Opcode: Info
  Keyword: Audit Success
  User: N/A
  User Name: N/A
  Computer: DESKTOP-UR71QBS
  Description: 
An attempt was made to access an object.

Subject:
	Security ID:		S-1-5-21-999993552-654098596-4043940906-1002
	Account Name:		evilhacker
	Account Domain:		DESKTOP-UR71QBS
	Logon ID:		0x4E7A7

Object:
	Object Server:		Security
	Object Type:		File
	Object Name:		C:\SharedFiles\CorporatePlans\productupgrades.xlsx
	Handle ID:		0x34e8
	Resource Attributes:	S:AI

Process Information:
	Process ID:		0x4
	Process Name:		

Access Request Information:
	Accesses:		READ_CONTROL
				
	Access Mask:		0x20000

Event[3053]:
  Log Name: Security
  Source: Microsoft-Windows-Security-Auditing
  Date: 2020-06-26T13:45:48.831
  Event ID: 4663
  Task: File System
  Level: Information
  Opcode: Info
  Keyword: Audit Success
  User: N/A
  User Name: N/A
  Computer: DESKTOP-UR71QBS
  Description: 
An attempt was made to access an object.

Subject:
	Security ID:		S-1-5-21-999993552-654098596-4043940906-1002
	Account Name:		evilhacker
	Account Domain:		DESKTOP-UR71QBS
	Logon ID:		0x4E7A7

Object:
	Object Server:		Security
	Object Type:		File
	Object Name:		C:\SharedFiles\CorporatePlans\productupgrades.xlsx
	Handle ID:		0x34e8
	Resource Attributes:	S:AI

Process Information:
	Process ID:		0x4
	Process Name:		

Access Request Information:
	Accesses:		ReadData (or ListDirectory)
				
	Access Mask:		0x1

Event[3054]:
  Log Name: Security
  Source: Microsoft-Windows-Security-Auditing
  Date: 2020-06-26T13:45:48.841
  Event ID: 4663
  Task: File System
  Level: Information
  Opcode: Info
  Keyword: Audit Success
  User: N/A
  User Name: N/A
  Computer: DESKTOP-UR71QBS
  Description: 
An attempt was made to access an object.

Subject:
	Security ID:		S-1-5-21-999993552-654098596-4043940906-1002
	Account Name:		evilhacker
	Account Domain:		DESKTOP-UR71QBS
	Logon ID:		0x4E7A7

Object:
	Object Server:		Security
	Object Type:		File
	Object Name:		C:\SharedFiles\CorporatePlans\StrategicPlanning.docx
	Handle ID:		0x34ec
	Resource Attributes:	S:AI

Process Information:
	Process ID:		0x4
	Process Name:		

Access Request Information:
	Accesses:		READ_CONTROL
				
	Access Mask:		0x20000

Event[3055]:
  Log Name: Security
  Source: Microsoft-Windows-Security-Auditing
  Date: 2020-06-26T13:45:48.851
  Event ID: 4663
  Task: File System
  Level: Information
  Opcode: Info
  Keyword: Audit Success
  User: N/A
  User Name: N/A
  Computer: DESKTOP-UR71QBS
  Description: 
An attempt was made to access an object.

Subject:
	Security ID:		S-1-5-21-999993552-654098596-4043940906-1002
	Account Name:		evilhacker
	Account Domain:		DESKTOP-UR71QBS
	Logon ID:		0x4E7A7

Object:
	Object Server:		Security
	Object Type:		File
	Object Name:		C:\SharedFiles\games
	Handle ID:		0x2844
	Resource Attributes:	S:AI

Process Information:
	Process ID:		0x4
	Process Name:		

Access Request Information:
	Accesses:		READ_CONTROL
				
	Access Mask:		0x20000

Event[3056]:
  Log Name: Security
  Source: Microsoft-Windows-Security-Auditing
  Date: 2020-06-26T13:45:48.858
  Event ID: 4663
  Task: File System
  Level: Information
  Opcode: Info
  Keyword: Audit Success
  User: N/A
  User Name: N/A
  Computer: DESKTOP-UR71QBS
  Description: 
An attempt was made to access an object.

Subject:
	Security ID:		S-1-5-21-999993552-654098596-4043940906-1002
	Account Name:		evilhacker
	Account Domain:		DESKTOP-UR71QBS
	Logon ID:		0x4E7A7

Object:
	Object Server:		Security
	Object Type:		File
	Object Name:		C:\SharedFiles\games\approvedgames.txt
	Handle ID:		0x2d7c
	Resource Attributes:	S:AI

Process Information:
	Process ID:		0x4
	Process Name:		

Access Request Information:
	Accesses:		READ_CONTROL
				
	Access Mask:		0x20000

Event[3057]:
  Log Name: Security
  Source: Microsoft-Windows-Security-Auditing
  Date: 2020-06-26T13:45:48.870
  Event ID: 4663
  Task: File System
  Level: Information
  Opcode: Info
  Keyword: Audit Success
  User: N/A
  User Name: N/A
  Computer: DESKTOP-UR71QBS
  Description: 
An attempt was made to access an object.

Subject:
	Security ID:		S-1-5-21-999993552-654098596-4043940906-1002
	Account Name:		evilhacker
	Account Domain:		DESKTOP-UR71QBS
	Logon ID:		0x4E7A7

Object:
	Object Server:		Security
	Object Type:		File
	Object Name:		C:\SharedFiles\MainDB
	Handle ID:		0x2844
	Resource Attributes:	S:AI

Process Information:
	Process ID:		0x4
	Process Name:		

Access Request Information:
	Accesses:		READ_CONTROL
				
	Access Mask:		0x20000

Event[3058]:
  Log Name: Security
  Source: Microsoft-Windows-Security-Auditing
  Date: 2020-06-26T13:45:48.877
  Event ID: 4663
  Task: File System
  Level: Information
  Opcode: Info
  Keyword: Audit Success
  User: N/A
  User Name: N/A
  Computer: DESKTOP-UR71QBS
  Description: 
An attempt was made to access an object.

Subject:
	Security ID:		S-1-5-21-999993552-654098596-4043940906-1002
	Account Name:		evilhacker
	Account Domain:		DESKTOP-UR71QBS
	Logon ID:		0x4E7A7

Object:
	Object Server:		Security
	Object Type:		File
	Object Name:		C:\SharedFiles\MainDB\database.db
	Handle ID:		0x34e8
	Resource Attributes:	S:AI

Process Information:
	Process ID:		0x4
	Process Name:		

Access Request Information:
	Accesses:		READ_CONTROL
				
	Access Mask:		0x20000

Event[3059]:
  Log Name: Security
  Source: Microsoft-Windows-Security-Auditing
  Date: 2020-06-26T13:45:48.888
  Event ID: 4663
  Task: File System
  Level: Information
  Opcode: Info
  Keyword: Audit Success
  User: N/A
  User Name: N/A
  Computer: DESKTOP-UR71QBS
  Description: 
An attempt was made to access an object.

Subject:
	Security ID:		S-1-5-21-999993552-654098596-4043940906-1002
	Account Name:		evilhacker
	Account Domain:		DESKTOP-UR71QBS
	Logon ID:		0x4E7A7

Object:
	Object Server:		Security
	Object Type:		File
	Object Name:		C:\SharedFiles\OfficeParty
	Handle ID:		0x34ec
	Resource Attributes:	S:AI

Process Information:
	Process ID:		0x4
	Process Name:		

Access Request Information:
	Accesses:		READ_CONTROL
				
	Access Mask:		0x20000

Event[3060]:
  Log Name: Security
  Source: Microsoft-Windows-Security-Auditing
  Date: 2020-06-26T13:45:48.894
  Event ID: 4663
  Task: File System
  Level: Information
  Opcode: Info
  Keyword: Audit Success
  User: N/A
  User Name: N/A
  Computer: DESKTOP-UR71QBS
  Description: 
An attempt was made to access an object.

Subject:
	Security ID:		S-1-5-21-999993552-654098596-4043940906-1002
	Account Name:		evilhacker
	Account Domain:		DESKTOP-UR71QBS
	Logon ID:		0x4E7A7

Object:
	Object Server:		Security
	Object Type:		File
	Object Name:		C:\SharedFiles\OfficeParty\barlist.txt
	Handle ID:		0x34e8
	Resource Attributes:	S:AI

Process Information:
	Process ID:		0x4
	Process Name:		

Access Request Information:
	Accesses:		READ_CONTROL
				
	Access Mask:		0x20000

Event[3061]:
  Log Name: Security
  Source: Microsoft-Windows-Security-Auditing
  Date: 2020-06-26T13:45:48.897
  Event ID: 4663
  Task: File System
  Level: Information
  Opcode: Info
  Keyword: Audit Success
  User: N/A
  User Name: N/A
  Computer: DESKTOP-UR71QBS
  Description: 
An attempt was made to access an object.

Subject:
	Security ID:		S-1-5-21-999993552-654098596-4043940906-1002
	Account Name:		evilhacker
	Account Domain:		DESKTOP-UR71QBS
	Logon ID:		0x4E7A7

Object:
	Object Server:		Security
	Object Type:		File
	Object Name:		C:\SharedFiles\OfficeParty\bribes.docx
	Handle ID:		0x2844
	Resource Attributes:	S:AI

Process Information:
	Process ID:		0x4
	Process Name:		

Access Request Information:
	Accesses:		READ_CONTROL
				
	Access Mask:		0x20000

Event[3062]:
  Log Name: Security
  Source: Microsoft-Windows-Security-Auditing
  Date: 2020-06-26T13:45:48.905
  Event ID: 4663
  Task: File System
  Level: Information
  Opcode: Info
  Keyword: Audit Success
  User: N/A
  User Name: N/A
  Computer: DESKTOP-UR71QBS
  Description: 
An attempt was made to access an object.

Subject:
	Security ID:		S-1-5-21-999993552-654098596-4043940906-1002
	Account Name:		evilhacker
	Account Domain:		DESKTOP-UR71QBS
	Logon ID:		0x4E7A7

Object:
	Object Server:		Security
	Object Type:		File
	Object Name:		C:\SharedFiles\OfficeParty\CrongressionalFlunkies.docx
	Handle ID:		0x285c
	Resource Attributes:	S:AI

Process Information:
	Process ID:		0x4
	Process Name:		

Access Request Information:
	Accesses:		READ_CONTROL
				
	Access Mask:		0x20000

Event[3063]:
  Log Name: Security
  Source: Microsoft-Windows-Security-Auditing
  Date: 2020-06-26T13:45:48.915
  Event ID: 4663
  Task: File System
  Level: Information
  Opcode: Info
  Keyword: Audit Success
  User: N/A
  User Name: N/A
  Computer: DESKTOP-UR71QBS
  Description: 
An attempt was made to access an object.

Subject:
	Security ID:		S-1-5-21-999993552-654098596-4043940906-1002
	Account Name:		evilhacker
	Account Domain:		DESKTOP-UR71QBS
	Logon ID:		0x4E7A7

Object:
	Object Server:		Security
	Object Type:		File
	Object Name:		C:\SharedFiles\OfficeParty\entree.txt
	Handle ID:		0x1a30
	Resource Attributes:	S:AI

Process Information:
	Process ID:		0x4
	Process Name:		

Access Request Information:
	Accesses:		READ_CONTROL
				
	Access Mask:		0x20000

Event[3064]:
  Log Name: Security
  Source: Microsoft-Windows-Security-Auditing
  Date: 2020-06-26T13:45:48.920
  Event ID: 4663
  Task: File System
  Level: Information
  Opcode: Info
  Keyword: Audit Success
  User: N/A
  User Name: N/A
  Computer: DESKTOP-UR71QBS
  Description: 
An attempt was made to access an object.

Subject:
	Security ID:		S-1-5-21-999993552-654098596-4043940906-1002
	Account Name:		evilhacker
	Account Domain:		DESKTOP-UR71QBS
	Logon ID:		0x4E7A7

Object:
	Object Server:		Security
	Object Type:		File
	Object Name:		C:\SharedFiles\OfficeParty\invitelist.xlsx
	Handle ID:		0x313c
	Resource Attributes:	S:AI

Process Information:
	Process ID:		0x4
	Process Name:		

Access Request Information:
	Accesses:		READ_CONTROL
				
	Access Mask:		0x20000

Event[3065]:
  Log Name: Security
  Source: Microsoft-Windows-Security-Auditing
  Date: 2020-06-26T13:45:48.921
  Event ID: 4663
  Task: File System
  Level: Information
  Opcode: Info
  Keyword: Audit Success
  User: N/A
  User Name: N/A
  Computer: DESKTOP-UR71QBS
  Description: 
An attempt was made to access an object.

Subject:
	Security ID:		S-1-5-21-999993552-654098596-4043940906-1002
	Account Name:		evilhacker
	Account Domain:		DESKTOP-UR71QBS
	Logon ID:		0x4E7A7

Object:
	Object Server:		Security
	Object Type:		File
	Object Name:		C:\SharedFiles\OfficeParty\invitelist.xlsx
	Handle ID:		0x313c
	Resource Attributes:	S:AI

Process Information:
	Process ID:		0x4
	Process Name:		

Access Request Information:
	Accesses:		ReadData (or ListDirectory)
				
	Access Mask:		0x1

Event[3066]:
  Log Name: Security
  Source: Microsoft-Windows-Security-Auditing
  Date: 2020-06-26T13:45:48.962
  Event ID: 4663
  Task: File System
  Level: Information
  Opcode: Info
  Keyword: Audit Success
  User: N/A
  User Name: N/A
  Computer: DESKTOP-UR71QBS
  Description: 
An attempt was made to access an object.

Subject:
	Security ID:		S-1-5-21-999993552-654098596-4043940906-1002
	Account Name:		evilhacker
	Account Domain:		DESKTOP-UR71QBS
	Logon ID:		0x4E7A7

Object:
	Object Server:		Security
	Object Type:		File
	Object Name:		C:\SharedFiles\OfficeParty\locations.txt
	Handle ID:		0x31b4
	Resource Attributes:	S:AI

Process Information:
	Process ID:		0x4
	Process Name:		

Access Request Information:
	Accesses:		READ_CONTROL
				
	Access Mask:		0x20000

Event[3067]:
  Log Name: Security
  Source: Microsoft-Windows-Security-Auditing
  Date: 2020-06-26T13:45:53.227
  Event ID: 4663
  Task: File System
  Level: Information
  Opcode: Info
  Keyword: Audit Success
  User: N/A
  User Name: N/A
  Computer: DESKTOP-UR71QBS
  Description: 
An attempt was made to access an object.

Subject:
	Security ID:		S-1-5-21-999993552-654098596-4043940906-1002
	Account Name:		evilhacker
	Account Domain:		DESKTOP-UR71QBS
	Logon ID:		0x4E7A7

Object:
	Object Server:		Security
	Object Type:		File
	Object Name:		C:\SharedFiles\SecretProject\customerlist.txt
	Handle ID:		0x15d4
	Resource Attributes:	S:AI

Process Information:
	Process ID:		0x4
	Process Name:		

Access Request Information:
	Accesses:		READ_CONTROL
				
	Access Mask:		0x20000

Event[3068]:
  Log Name: Security
  Source: Microsoft-Windows-Security-Auditing
  Date: 2020-06-26T13:45:53.230
  Event ID: 4663
  Task: File System
  Level: Information
  Opcode: Info
  Keyword: Audit Success
  User: N/A
  User Name: N/A
  Computer: DESKTOP-UR71QBS
  Description: 
An attempt was made to access an object.

Subject:
	Security ID:		S-1-5-21-999993552-654098596-4043940906-1002
	Account Name:		evilhacker
	Account Domain:		DESKTOP-UR71QBS
	Logon ID:		0x4E7A7

Object:
	Object Server:		Security
	Object Type:		File
	Object Name:		C:\SharedFiles\SecretProject\EmployeeAssignnents.docx
	Handle ID:		0x2678
	Resource Attributes:	S:AI

Process Information:
	Process ID:		0x4
	Process Name:		

Access Request Information:
	Accesses:		READ_CONTROL
				
	Access Mask:		0x20000

Event[3069]:
  Log Name: Security
  Source: Microsoft-Windows-Security-Auditing
  Date: 2020-06-26T13:45:53.236
  Event ID: 4663
  Task: File System
  Level: Information
  Opcode: Info
  Keyword: Audit Success
  User: N/A
  User Name: N/A
  Computer: DESKTOP-UR71QBS
  Description: 
An attempt was made to access an object.

Subject:
	Security ID:		S-1-5-21-999993552-654098596-4043940906-1002
	Account Name:		evilhacker
	Account Domain:		DESKTOP-UR71QBS
	Logon ID:		0x4E7A7

Object:
	Object Server:		Security
	Object Type:		File
	Object Name:		C:\SharedFiles\SecretProject\projectbudget.xlsx
	Handle ID:		0x15dc
	Resource Attributes:	S:AI

Process Information:
	Process ID:		0x4
	Process Name:		

Access Request Information:
	Accesses:		READ_CONTROL
				
	Access Mask:		0x20000

Event[3070]:
  Log Name: Security
  Source: Microsoft-Windows-Security-Auditing
  Date: 2020-06-26T13:45:53.240
  Event ID: 4663
  Task: File System
  Level: Information
  Opcode: Info
  Keyword: Audit Success
  User: N/A
  User Name: N/A
  Computer: DESKTOP-UR71QBS
  Description: 
An attempt was made to access an object.

Subject:
	Security ID:		S-1-5-21-999993552-654098596-4043940906-1002
	Account Name:		evilhacker
	Account Domain:		DESKTOP-UR71QBS
	Logon ID:		0x4E7A7

Object:
	Object Server:		Security
	Object Type:		File
	Object Name:		C:\SharedFiles\SecretProject\projectbudget.xlsx
	Handle ID:		0x15dc
	Resource Attributes:	S:AI

Process Information:
	Process ID:		0x4
	Process Name:		

Access Request Information:
	Accesses:		ReadData (or ListDirectory)
				
	Access Mask:		0x1

Event[3071]:
  Log Name: Security
  Source: Microsoft-Windows-Security-Auditing
  Date: 2020-06-26T13:45:53.253
  Event ID: 4663
  Task: File System
  Level: Information
  Opcode: Info
  Keyword: Audit Success
  User: N/A
  User Name: N/A
  Computer: DESKTOP-UR71QBS
  Description: 
An attempt was made to access an object.

Subject:
	Security ID:		S-1-5-21-999993552-654098596-4043940906-1002
	Account Name:		evilhacker
	Account Domain:		DESKTOP-UR71QBS
	Logon ID:		0x4E7A7

Object:
	Object Server:		Security
	Object Type:		File
	Object Name:		C:\SharedFiles\SecretProject\ProjectDesign.docx
	Handle ID:		0x31b4
	Resource Attributes:	S:AI

Process Information:
	Process ID:		0x4
	Process Name:		

Access Request Information:
	Accesses:		READ_CONTROL
				
	Access Mask:		0x20000

Event[3072]:
  Log Name: Security
  Source: Microsoft-Windows-Security-Auditing
  Date: 2020-06-26T13:45:53.254
  Event ID: 4663
  Task: File System
  Level: Information
  Opcode: Info
  Keyword: Audit Success
  User: N/A
  User Name: N/A
  Computer: DESKTOP-UR71QBS
  Description: 
An attempt was made to access an object.

Subject:
	Security ID:		S-1-5-21-999993552-654098596-4043940906-1002
	Account Name:		evilhacker
	Account Domain:		DESKTOP-UR71QBS
	Logon ID:		0x4E7A7

Object:
	Object Server:		Security
	Object Type:		File
	Object Name:		C:\SharedFiles\Accounting\CEOobjectives.docx
	Handle ID:		0x285c
	Resource Attributes:	S:AI

Process Information:
	Process ID:		0x4
	Process Name:		

Access Request Information:
	Accesses:		READ_CONTROL
				
	Access Mask:		0x20000

Event[3073]:
  Log Name: Security
  Source: Microsoft-Windows-Security-Auditing
  Date: 2020-06-26T13:45:53.257
  Event ID: 4663
  Task: File System
  Level: Information
  Opcode: Info
  Keyword: Audit Success
  User: N/A
  User Name: N/A
  Computer: DESKTOP-UR71QBS
  Description: 
An attempt was made to access an object.

Subject:
	Security ID:		S-1-5-21-999993552-654098596-4043940906-1002
	Account Name:		evilhacker
	Account Domain:		DESKTOP-UR71QBS
	Logon ID:		0x4E7A7

Object:
	Object Server:		Security
	Object Type:		File
	Object Name:		C:\SharedFiles\Accounting\DisciplineRecords.docx
	Handle ID:		0x2c20
	Resource Attributes:	S:AI

Process Information:
	Process ID:		0x4
	Process Name:		

Access Request Information:
	Accesses:		READ_CONTROL
				
	Access Mask:		0x20000

Event[3074]:
  Log Name: Security
  Source: Microsoft-Windows-Security-Auditing
  Date: 2020-06-26T13:45:53.260
  Event ID: 4663
  Task: File System
  Level: Information
  Opcode: Info
  Keyword: Audit Success
  User: N/A
  User Name: N/A
  Computer: DESKTOP-UR71QBS
  Description: 
An attempt was made to access an object.

Subject:
	Security ID:		S-1-5-21-999993552-654098596-4043940906-1002
	Account Name:		evilhacker
	Account Domain:		DESKTOP-UR71QBS
	Logon ID:		0x4E7A7

Object:
	Object Server:		Security
	Object Type:		File
	Object Name:		C:\SharedFiles\Accounting\EmployeeSalaries.xlsx
	Handle ID:		0x3198
	Resource Attributes:	S:AI

Process Information:
	Process ID:		0x4
	Process Name:		

Access Request Information:
	Accesses:		READ_CONTROL
				
	Access Mask:		0x20000

Event[3075]:
  Log Name: Security
  Source: Microsoft-Windows-Security-Auditing
  Date: 2020-06-26T13:45:53.262
  Event ID: 4663
  Task: File System
  Level: Information
  Opcode: Info
  Keyword: Audit Success
  User: N/A
  User Name: N/A
  Computer: DESKTOP-UR71QBS
  Description: 
An attempt was made to access an object.

Subject:
	Security ID:		S-1-5-21-999993552-654098596-4043940906-1002
	Account Name:		evilhacker
	Account Domain:		DESKTOP-UR71QBS
	Logon ID:		0x4E7A7

Object:
	Object Server:		Security
	Object Type:		File
	Object Name:		C:\SharedFiles\Accounting\EmployeeSalaries.xlsx
	Handle ID:		0x3198
	Resource Attributes:	S:AI

Process Information:
	Process ID:		0x4
	Process Name:		

Access Request Information:
	Accesses:		ReadData (or ListDirectory)
				
	Access Mask:		0x1

Event[3076]:
  Log Name: Security
  Source: Microsoft-Windows-Security-Auditing
  Date: 2020-06-26T13:45:53.265
  Event ID: 4663
  Task: File System
  Level: Information
  Opcode: Info
  Keyword: Audit Success
  User: N/A
  User Name: N/A
  Computer: DESKTOP-UR71QBS
  Description: 
An attempt was made to access an object.

Subject:
	Security ID:		S-1-5-21-999993552-654098596-4043940906-1002
	Account Name:		evilhacker
	Account Domain:		DESKTOP-UR71QBS
	Logon ID:		0x4E7A7

Object:
	Object Server:		Security
	Object Type:		File
	Object Name:		C:\SharedFiles\Accounting\EvilPlans.docx
	Handle ID:		0x1e5c
	Resource Attributes:	S:AI

Process Information:
	Process ID:		0x4
	Process Name:		

Access Request Information:
	Accesses:		READ_CONTROL
				
	Access Mask:		0x20000

Event[3077]:
  Log Name: Security
  Source: Microsoft-Windows-Security-Auditing
  Date: 2020-06-26T13:45:53.267
  Event ID: 4663
  Task: File System
  Level: Information
  Opcode: Info
  Keyword: Audit Success
  User: N/A
  User Name: N/A
  Computer: DESKTOP-UR71QBS
  Description: 
An attempt was made to access an object.

Subject:
	Security ID:		S-1-5-21-999993552-654098596-4043940906-1002
	Account Name:		evilhacker
	Account Domain:		DESKTOP-UR71QBS
	Logon ID:		0x4E7A7

Object:
	Object Server:		Security
	Object Type:		File
	Object Name:		C:\SharedFiles\Accounting\securitystinks.xlsx
	Handle ID:		0x3474
	Resource Attributes:	S:AI

Process Information:
	Process ID:		0x4
	Process Name:		

Access Request Information:
	Accesses:		READ_CONTROL
				
	Access Mask:		0x20000

Event[3078]:
  Log Name: Security
  Source: Microsoft-Windows-Security-Auditing
  Date: 2020-06-26T13:45:53.268
  Event ID: 4663
  Task: File System
  Level: Information
  Opcode: Info
  Keyword: Audit Success
  User: N/A
  User Name: N/A
  Computer: DESKTOP-UR71QBS
  Description: 
An attempt was made to access an object.

Subject:
	Security ID:		S-1-5-21-999993552-654098596-4043940906-1002
	Account Name:		evilhacker
	Account Domain:		DESKTOP-UR71QBS
	Logon ID:		0x4E7A7

Object:
	Object Server:		Security
	Object Type:		File
	Object Name:		C:\SharedFiles\Accounting\securitystinks.xlsx
	Handle ID:		0x3474
	Resource Attributes:	S:AI

Process Information:
	Process ID:		0x4
	Process Name:		

Access Request Information:
	Accesses:		ReadData (or ListDirectory)
				
	Access Mask:		0x1

Event[3079]:
  Log Name: Security
  Source: Microsoft-Windows-Security-Auditing
  Date: 2020-06-26T13:45:53.270
  Event ID: 4663
  Task: File System
  Level: Information
  Opcode: Info
  Keyword: Audit Success
  User: N/A
  User Name: N/A
  Computer: DESKTOP-UR71QBS
  Description: 
An attempt was made to access an object.

Subject:
	Security ID:		S-1-5-21-999993552-654098596-4043940906-1002
	Account Name:		evilhacker
	Account Domain:		DESKTOP-UR71QBS
	Logon ID:		0x4E7A7

Object:
	Object Server:		Security
	Object Type:		File
	Object Name:		C:\SharedFiles\Accounting\tasks.txt
	Handle ID:		0x3424
	Resource Attributes:	S:AI

Process Information:
	Process ID:		0x4
	Process Name:		

Access Request Information:
	Accesses:		READ_CONTROL
				
	Access Mask:		0x20000

Event[3080]:
  Log Name: Security
  Source: Microsoft-Windows-Security-Auditing
  Date: 2020-06-26T13:45:53.271
  Event ID: 4663
  Task: File System
  Level: Information
  Opcode: Info
  Keyword: Audit Success
  User: N/A
  User Name: N/A
  Computer: DESKTOP-UR71QBS
  Description: 
An attempt was made to access an object.

Subject:
	Security ID:		S-1-5-21-999993552-654098596-4043940906-1002
	Account Name:		evilhacker
	Account Domain:		DESKTOP-UR71QBS
	Logon ID:		0x4E7A7

Object:
	Object Server:		Security
	Object Type:		File
	Object Name:		C:\SharedFiles\CorporatePlans\productlist.xlsx
	Handle ID:		0x1e6c
	Resource Attributes:	S:AI

Process Information:
	Process ID:		0x4
	Process Name:		

Access Request Information:
	Accesses:		READ_CONTROL
				
	Access Mask:		0x20000

Event[3081]:
  Log Name: Security
  Source: Microsoft-Windows-Security-Auditing
  Date: 2020-06-26T13:45:53.272
  Event ID: 4663
  Task: File System
  Level: Information
  Opcode: Info
  Keyword: Audit Success
  User: N/A
  User Name: N/A
  Computer: DESKTOP-UR71QBS
  Description: 
An attempt was made to access an object.

Subject:
	Security ID:		S-1-5-21-999993552-654098596-4043940906-1002
	Account Name:		evilhacker
	Account Domain:		DESKTOP-UR71QBS
	Logon ID:		0x4E7A7

Object:
	Object Server:		Security
	Object Type:		File
	Object Name:		C:\SharedFiles\CorporatePlans\productlist.xlsx
	Handle ID:		0x1e6c
	Resource Attributes:	S:AI

Process Information:
	Process ID:		0x4
	Process Name:		

Access Request Information:
	Accesses:		ReadData (or ListDirectory)
				
	Access Mask:		0x1

Event[3082]:
  Log Name: Security
  Source: Microsoft-Windows-Security-Auditing
  Date: 2020-06-26T13:45:53.274
  Event ID: 4663
  Task: File System
  Level: Information
  Opcode: Info
  Keyword: Audit Success
  User: N/A
  User Name: N/A
  Computer: DESKTOP-UR71QBS
  Description: 
An attempt was made to access an object.

Subject:
	Security ID:		S-1-5-21-999993552-654098596-4043940906-1002
	Account Name:		evilhacker
	Account Domain:		DESKTOP-UR71QBS
	Logon ID:		0x4E7A7

Object:
	Object Server:		Security
	Object Type:		File
	Object Name:		C:\SharedFiles\CorporatePlans\productupgrades.xlsx
	Handle ID:		0x34c4
	Resource Attributes:	S:AI

Process Information:
	Process ID:		0x4
	Process Name:		

Access Request Information:
	Accesses:		READ_CONTROL
				
	Access Mask:		0x20000

Event[3083]:
  Log Name: Security
  Source: Microsoft-Windows-Security-Auditing
  Date: 2020-06-26T13:45:53.276
  Event ID: 4663
  Task: File System
  Level: Information
  Opcode: Info
  Keyword: Audit Success
  User: N/A
  User Name: N/A
  Computer: DESKTOP-UR71QBS
  Description: 
An attempt was made to access an object.

Subject:
	Security ID:		S-1-5-21-999993552-654098596-4043940906-1002
	Account Name:		evilhacker
	Account Domain:		DESKTOP-UR71QBS
	Logon ID:		0x4E7A7

Object:
	Object Server:		Security
	Object Type:		File
	Object Name:		C:\SharedFiles\CorporatePlans\productupgrades.xlsx
	Handle ID:		0x34c4
	Resource Attributes:	S:AI

Process Information:
	Process ID:		0x4
	Process Name:		

Access Request Information:
	Accesses:		ReadData (or ListDirectory)
				
	Access Mask:		0x1

Event[3084]:
  Log Name: Security
  Source: Microsoft-Windows-Security-Auditing
  Date: 2020-06-26T13:45:53.277
  Event ID: 4663
  Task: File System
  Level: Information
  Opcode: Info
  Keyword: Audit Success
  User: N/A
  User Name: N/A
  Computer: DESKTOP-UR71QBS
  Description: 
An attempt was made to access an object.

Subject:
	Security ID:		S-1-5-21-999993552-654098596-4043940906-1002
	Account Name:		evilhacker
	Account Domain:		DESKTOP-UR71QBS
	Logon ID:		0x4E7A7

Object:
	Object Server:		Security
	Object Type:		File
	Object Name:		C:\SharedFiles\CorporatePlans\StrategicPlanning.docx
	Handle ID:		0x3154
	Resource Attributes:	S:AI

Process Information:
	Process ID:		0x4
	Process Name:		

Access Request Information:
	Accesses:		READ_CONTROL
				
	Access Mask:		0x20000

Event[3085]:
  Log Name: Security
  Source: Microsoft-Windows-Security-Auditing
  Date: 2020-06-26T13:45:53.279
  Event ID: 4663
  Task: File System
  Level: Information
  Opcode: Info
  Keyword: Audit Success
  User: N/A
  User Name: N/A
  Computer: DESKTOP-UR71QBS
  Description: 
An attempt was made to access an object.

Subject:
	Security ID:		S-1-5-21-999993552-654098596-4043940906-1002
	Account Name:		evilhacker
	Account Domain:		DESKTOP-UR71QBS
	Logon ID:		0x4E7A7

Object:
	Object Server:		Security
	Object Type:		File
	Object Name:		C:\SharedFiles\games\approvedgames.txt
	Handle ID:		0x2174
	Resource Attributes:	S:AI

Process Information:
	Process ID:		0x4
	Process Name:		

Access Request Information:
	Accesses:		READ_CONTROL
				
	Access Mask:		0x20000

Event[3086]:
  Log Name: Security
  Source: Microsoft-Windows-Security-Auditing
  Date: 2020-06-26T13:45:53.282
  Event ID: 4663
  Task: File System
  Level: Information
  Opcode: Info
  Keyword: Audit Success
  User: N/A
  User Name: N/A
  Computer: DESKTOP-UR71QBS
  Description: 
An attempt was made to access an object.

Subject:
	Security ID:		S-1-5-21-999993552-654098596-4043940906-1002
	Account Name:		evilhacker
	Account Domain:		DESKTOP-UR71QBS
	Logon ID:		0x4E7A7

Object:
	Object Server:		Security
	Object Type:		File
	Object Name:		C:\SharedFiles\MainDB\database.db
	Handle ID:		0x34bc
	Resource Attributes:	S:AI

Process Information:
	Process ID:		0x4
	Process Name:		

Access Request Information:
	Accesses:		READ_CONTROL
				
	Access Mask:		0x20000

Event[3087]:
  Log Name: Security
  Source: Microsoft-Windows-Security-Auditing
  Date: 2020-06-26T13:45:53.284
  Event ID: 4663
  Task: File System
  Level: Information
  Opcode: Info
  Keyword: Audit Success
  User: N/A
  User Name: N/A
  Computer: DESKTOP-UR71QBS
  Description: 
An attempt was made to access an object.

Subject:
	Security ID:		S-1-5-21-999993552-654098596-4043940906-1002
	Account Name:		evilhacker
	Account Domain:		DESKTOP-UR71QBS
	Logon ID:		0x4E7A7

Object:
	Object Server:		Security
	Object Type:		File
	Object Name:		C:\SharedFiles\OfficeParty\barlist.txt
	Handle ID:		0x209c
	Resource Attributes:	S:AI

Process Information:
	Process ID:		0x4
	Process Name:		

Access Request Information:
	Accesses:		READ_CONTROL
				
	Access Mask:		0x20000

Event[3088]:
  Log Name: Security
  Source: Microsoft-Windows-Security-Auditing
  Date: 2020-06-26T13:45:53.285
  Event ID: 4663
  Task: File System
  Level: Information
  Opcode: Info
  Keyword: Audit Success
  User: N/A
  User Name: N/A
  Computer: DESKTOP-UR71QBS
  Description: 
An attempt was made to access an object.

Subject:
	Security ID:		S-1-5-21-999993552-654098596-4043940906-1002
	Account Name:		evilhacker
	Account Domain:		DESKTOP-UR71QBS
	Logon ID:		0x4E7A7

Object:
	Object Server:		Security
	Object Type:		File
	Object Name:		C:\SharedFiles\OfficeParty\bribes.docx
	Handle ID:		0x1a34
	Resource Attributes:	S:AI

Process Information:
	Process ID:		0x4
	Process Name:		

Access Request Information:
	Accesses:		READ_CONTROL
				
	Access Mask:		0x20000

Event[3089]:
  Log Name: Security
  Source: Microsoft-Windows-Security-Auditing
  Date: 2020-06-26T13:45:53.286
  Event ID: 4663
  Task: File System
  Level: Information
  Opcode: Info
  Keyword: Audit Success
  User: N/A
  User Name: N/A
  Computer: DESKTOP-UR71QBS
  Description: 
An attempt was made to access an object.

Subject:
	Security ID:		S-1-5-21-999993552-654098596-4043940906-1002
	Account Name:		evilhacker
	Account Domain:		DESKTOP-UR71QBS
	Logon ID:		0x4E7A7

Object:
	Object Server:		Security
	Object Type:		File
	Object Name:		C:\SharedFiles\OfficeParty\CrongressionalFlunkies.docx
	Handle ID:		0x16dc
	Resource Attributes:	S:AI

Process Information:
	Process ID:		0x4
	Process Name:		

Access Request Information:
	Accesses:		READ_CONTROL
				
	Access Mask:		0x20000

Event[3090]:
  Log Name: Security
  Source: Microsoft-Windows-Security-Auditing
  Date: 2020-06-26T13:45:53.287
  Event ID: 4663
  Task: File System
  Level: Information
  Opcode: Info
  Keyword: Audit Success
  User: N/A
  User Name: N/A
  Computer: DESKTOP-UR71QBS
  Description: 
An attempt was made to access an object.

Subject:
	Security ID:		S-1-5-21-999993552-654098596-4043940906-1002
	Account Name:		evilhacker
	Account Domain:		DESKTOP-UR71QBS
	Logon ID:		0x4E7A7

Object:
	Object Server:		Security
	Object Type:		File
	Object Name:		C:\SharedFiles\OfficeParty\entree.txt
	Handle ID:		0x2fa0
	Resource Attributes:	S:AI

Process Information:
	Process ID:		0x4
	Process Name:		

Access Request Information:
	Accesses:		READ_CONTROL
				
	Access Mask:		0x20000

Event[3091]:
  Log Name: Security
  Source: Microsoft-Windows-Security-Auditing
  Date: 2020-06-26T13:45:53.288
  Event ID: 4663
  Task: File System
  Level: Information
  Opcode: Info
  Keyword: Audit Success
  User: N/A
  User Name: N/A
  Computer: DESKTOP-UR71QBS
  Description: 
An attempt was made to access an object.

Subject:
	Security ID:		S-1-5-21-999993552-654098596-4043940906-1002
	Account Name:		evilhacker
	Account Domain:		DESKTOP-UR71QBS
	Logon ID:		0x4E7A7

Object:
	Object Server:		Security
	Object Type:		File
	Object Name:		C:\SharedFiles\OfficeParty\invitelist.xlsx
	Handle ID:		0x7f4
	Resource Attributes:	S:AI

Process Information:
	Process ID:		0x4
	Process Name:		

Access Request Information:
	Accesses:		READ_CONTROL
				
	Access Mask:		0x20000

Event[3092]:
  Log Name: Security
  Source: Microsoft-Windows-Security-Auditing
  Date: 2020-06-26T13:45:53.289
  Event ID: 4663
  Task: File System
  Level: Information
  Opcode: Info
  Keyword: Audit Success
  User: N/A
  User Name: N/A
  Computer: DESKTOP-UR71QBS
  Description: 
An attempt was made to access an object.

Subject:
	Security ID:		S-1-5-21-999993552-654098596-4043940906-1002
	Account Name:		evilhacker
	Account Domain:		DESKTOP-UR71QBS
	Logon ID:		0x4E7A7

Object:
	Object Server:		Security
	Object Type:		File
	Object Name:		C:\SharedFiles\OfficeParty\invitelist.xlsx
	Handle ID:		0x7f4
	Resource Attributes:	S:AI

Process Information:
	Process ID:		0x4
	Process Name:		

Access Request Information:
	Accesses:		ReadData (or ListDirectory)
				
	Access Mask:		0x1

Event[3093]:
  Log Name: Security
  Source: Microsoft-Windows-Security-Auditing
  Date: 2020-06-26T13:45:53.291
  Event ID: 4663
  Task: File System
  Level: Information
  Opcode: Info
  Keyword: Audit Success
  User: N/A
  User Name: N/A
  Computer: DESKTOP-UR71QBS
  Description: 
An attempt was made to access an object.

Subject:
	Security ID:		S-1-5-21-999993552-654098596-4043940906-1002
	Account Name:		evilhacker
	Account Domain:		DESKTOP-UR71QBS
	Logon ID:		0x4E7A7

Object:
	Object Server:		Security
	Object Type:		File
	Object Name:		C:\SharedFiles\OfficeParty\locations.txt
	Handle ID:		0x3460
	Resource Attributes:	S:AI

Process Information:
	Process ID:		0x4
	Process Name:		

Access Request Information:
	Accesses:		READ_CONTROL
				
	Access Mask:		0x20000

Event[3094]:
  Log Name: Security
  Source: Microsoft-Windows-Security-Auditing
  Date: 2020-06-26T13:45:53.731
  Event ID: 4673
  Task: Sensitive Privilege Use
  Level: Information
  Opcode: Info
  Keyword: Audit Failure
  User: N/A
  User Name: N/A
  Computer: DESKTOP-UR71QBS
  Description: 
A privileged service was called.

Subject:
	Security ID:		S-1-5-21-999993552-654098596-4043940906-1001
	Account Name:		John
	Account Domain:		DESKTOP-UR71QBS
	Logon ID:		0x1A1C3

Service:
	Server:	Security
	Service Name:	-

Process:
	Process ID:	0x348
	Process Name:	C:\Windows\System32\svchost.exe

Service Request Information:
	Privileges:		SeTcbPrivilege

Event[3095]:
  Log Name: Security
  Source: Microsoft-Windows-Security-Auditing
  Date: 2020-06-26T13:45:53.802
  Event ID: 4673
  Task: Sensitive Privilege Use
  Level: Information
  Opcode: Info
  Keyword: Audit Failure
  User: N/A
  User Name: N/A
  Computer: DESKTOP-UR71QBS
  Description: 
A privileged service was called.

Subject:
	Security ID:		S-1-5-21-999993552-654098596-4043940906-1001
	Account Name:		John
	Account Domain:		DESKTOP-UR71QBS
	Logon ID:		0x1A1C3

Service:
	Server:	Security
	Service Name:	-

Process:
	Process ID:	0xb90
	Process Name:	C:\Windows\SystemApps\InputApp_cw5n1h2txyewy\WindowsInternal.ComposableShell.Experiences.TextInput.InputApp.exe

Service Request Information:
	Privileges:		SeProfileSingleProcessPrivilege

Event[3096]:
  Log Name: Security
  Source: Microsoft-Windows-Security-Auditing
  Date: 2020-06-26T13:46:08.453
  Event ID: 4673
  Task: Sensitive Privilege Use
  Level: Information
  Opcode: Info
  Keyword: Audit Failure
  User: N/A
  User Name: N/A
  Computer: DESKTOP-UR71QBS
  Description: 
A privileged service was called.

Subject:
	Security ID:		S-1-5-21-999993552-654098596-4043940906-1001
	Account Name:		John
	Account Domain:		DESKTOP-UR71QBS
	Logon ID:		0x1A1C3

Service:
	Server:	Security
	Service Name:	-

Process:
	Process ID:	0x1c8c
	Process Name:	C:\Windows\System32\WindowsPowerShell\v1.0\powershell.exe

Service Request Information:
	Privileges:		SeProfileSingleProcessPrivilege

Event[3097]:
  Log Name: Security
  Source: Microsoft-Windows-Security-Auditing
  Date: 2020-06-26T13:46:08.468
  Event ID: 4673
  Task: Sensitive Privilege Use
  Level: Information
  Opcode: Info
  Keyword: Audit Failure
  User: N/A
  User Name: N/A
  Computer: DESKTOP-UR71QBS
  Description: 
A privileged service was called.

Subject:
	Security ID:		S-1-5-21-999993552-654098596-4043940906-1001
	Account Name:		John
	Account Domain:		DESKTOP-UR71QBS
	Logon ID:		0x1A1C3

Service:
	Server:	Security
	Service Name:	-

Process:
	Process ID:	0x2210
	Process Name:	C:\Windows\System32\conhost.exe

Service Request Information:
	Privileges:		SeProfileSingleProcessPrivilege

Event[3098]:
  Log Name: Security
  Source: Microsoft-Windows-Security-Auditing
  Date: 2020-06-26T13:46:08.770
  Event ID: 4673
  Task: Sensitive Privilege Use
  Level: Information
  Opcode: Info
  Keyword: Audit Failure
  User: N/A
  User Name: N/A
  Computer: DESKTOP-UR71QBS
  Description: 
A privileged service was called.

Subject:
	Security ID:		S-1-5-21-999993552-654098596-4043940906-1001
	Account Name:		John
	Account Domain:		DESKTOP-UR71QBS
	Logon ID:		0x1A1C3

Service:
	Server:	Security
	Service Name:	-

Process:
	Process ID:	0x1c8c
	Process Name:	C:\Windows\System32\WindowsPowerShell\v1.0\powershell.exe

Service Request Information:
	Privileges:		SeTcbPrivilege

Event[3099]:
