  Log Name: Security
  Source: Microsoft-Windows-Security-Auditing
  Date: 2020-06-26T13:43:49.423
  Event ID: 4673
  Task: Sensitive Privilege Use
  Level: Information
  Opcode: Info
  Keyword: Audit Failure
  User: N/A
  User Name: N/A
  Computer: DESKTOP-UR71QBS
  Description: 
A privileged service was called.

Subject:
	Security ID:		S-1-5-21-999993552-654098596-4043940906-1001
	Account Name:		John
	Account Domain:		DESKTOP-UR71QBS
	Logon ID:		0x1A1C3

Service:
	Server:	Security
	Service Name:	-

Process:
	Process ID:	0x1a68
	Process Name:	C:\Windows\System32\MicrosoftEdgeSH.exe

Service Request Information:
	Privileges:		SeProfileSingleProcessPrivilege

Event[2892]:
  Log Name: Security
  Source: Microsoft-Windows-Security-Auditing
  Date: 2020-06-26T13:43:49.423
  Event ID: 4673
  Task: Sensitive Privilege Use
  Level: Information
  Opcode: Info
  Keyword: Audit Failure
  User: N/A
  User Name: N/A
  Computer: DESKTOP-UR71QBS
  Description: 
A privileged service was called.

Subject:
	Security ID:		S-1-5-21-999993552-654098596-4043940906-1001
	Account Name:		John
	Account Domain:		DESKTOP-UR71QBS
	Logon ID:		0x1A1C3

Service:
	Server:	Security
	Service Name:	-

Process:
	Process ID:	0x1a68
	Process Name:	C:\Windows\System32\MicrosoftEdgeSH.exe

Service Request Information:
	Privileges:		SeProfileSingleProcessPrivilege

Event[2893]:
  Log Name: Security
  Source: Microsoft-Windows-Security-Auditing
  Date: 2020-06-26T13:43:49.936
  Event ID: 4673
  Task: Sensitive Privilege Use
  Level: Information
  Opcode: Info
  Keyword: Audit Failure
  User: N/A
  User Name: N/A
  Computer: DESKTOP-UR71QBS
  Description: 
A privileged service was called.

Subject:
	Security ID:		S-1-5-21-999993552-654098596-4043940906-1001
	Account Name:		John
	Account Domain:		DESKTOP-UR71QBS
	Logon ID:		0x1A1C3

Service:
	Server:	Security
	Service Name:	-

Process:
	Process ID:	0x1b50
	Process Name:	C:\Windows\System32\ctfmon.exe

Service Request Information:
	Privileges:		SeProfileSingleProcessPrivilege

Event[2894]:
  Log Name: Security
  Source: Microsoft-Windows-Security-Auditing
  Date: 2020-06-26T13:43:50.044
  Event ID: 4673
  Task: Sensitive Privilege Use
  Level: Information
  Opcode: Info
  Keyword: Audit Failure
  User: N/A
  User Name: N/A
  Computer: DESKTOP-UR71QBS
  Description: 
A privileged service was called.

Subject:
	Security ID:		S-1-5-21-999993552-654098596-4043940906-1001
	Account Name:		John
	Account Domain:		DESKTOP-UR71QBS
	Logon ID:		0x1A1C3

Service:
	Server:	Security
	Service Name:	-

Process:
	Process ID:	0x1b74
	Process Name:	C:\Program Files\Common Files\microsoft shared\ink\TabTip.exe

Service Request Information:
	Privileges:		SeProfileSingleProcessPrivilege

Event[2895]:
  Log Name: Security
  Source: Microsoft-Windows-Security-Auditing
  Date: 2020-06-26T13:43:50.344
  Event ID: 4673
  Task: Sensitive Privilege Use
  Level: Information
  Opcode: Info
  Keyword: Audit Failure
  User: N/A
  User Name: N/A
  Computer: DESKTOP-UR71QBS
  Description: 
A privileged service was called.

Subject:
	Security ID:		S-1-5-21-999993552-654098596-4043940906-1001
	Account Name:		John
	Account Domain:		DESKTOP-UR71QBS
	Logon ID:		0x1A1C3

Service:
	Server:	Security
	Service Name:	-

Process:
	Process ID:	0x1b74
	Process Name:	C:\Program Files\Common Files\microsoft shared\ink\TabTip.exe

Service Request Information:
	Privileges:		SeTcbPrivilege

Event[2896]:
  Log Name: Security
  Source: Microsoft-Windows-Security-Auditing
  Date: 2020-06-26T13:43:50.441
  Event ID: 4673
  Task: Sensitive Privilege Use
  Level: Information
  Opcode: Info
  Keyword: Audit Success
  User: N/A
  User Name: N/A
  Computer: DESKTOP-UR71QBS
  Description: 
A privileged service was called.

Subject:
	Security ID:		S-1-5-18
	Account Name:		DESKTOP-UR71QBS$
	Account Domain:		WORKGROUP
	Logon ID:		0x3E7

Service:
	Server:	NT Local Security Authority / Authentication Service
	Service Name:	LsaRegisterLogonProcess()

Process:
	Process ID:	0x280
	Process Name:	C:\Windows\System32\lsass.exe

Service Request Information:
	Privileges:		SeTcbPrivilege

Event[2897]:
  Log Name: Security
  Source: Microsoft-Windows-Security-Auditing
  Date: 2020-06-26T13:43:50.456
  Event ID: 4673
  Task: Sensitive Privilege Use
  Level: Information
  Opcode: Info
  Keyword: Audit Failure
  User: N/A
  User Name: N/A
  Computer: DESKTOP-UR71QBS
  Description: 
A privileged service was called.

Subject:
	Security ID:		S-1-5-21-999993552-654098596-4043940906-1001
	Account Name:		John
	Account Domain:		DESKTOP-UR71QBS
	Logon ID:		0x1A1C3

Service:
	Server:	Security
	Service Name:	-

Process:
	Process ID:	0x1bc8
	Process Name:	C:\Windows\System32\RuntimeBroker.exe

Service Request Information:
	Privileges:		SeProfileSingleProcessPrivilege

Event[2898]:
  Log Name: Security
  Source: Microsoft-Windows-Security-Auditing
  Date: 2020-06-26T13:43:50.675
  Event ID: 4673
  Task: Sensitive Privilege Use
  Level: Information
  Opcode: Info
  Keyword: Audit Failure
  User: N/A
  User Name: N/A
  Computer: DESKTOP-UR71QBS
  Description: 
A privileged service was called.

Subject:
	Security ID:		S-1-5-19
	Account Name:		LOCAL SERVICE
	Account Domain:		NT AUTHORITY
	Logon ID:		0x3E5

Service:
	Server:	Security
	Service Name:	-

Process:
	Process ID:	0x1b48
	Process Name:	C:\ProgramData\Microsoft\Windows Defender\Platform\4.18.2005.5-0\NisSrv.exe

Service Request Information:
	Privileges:		SeProfileSingleProcessPrivilege

Event[2899]:
  Log Name: Security
  Source: Microsoft-Windows-Security-Auditing
  Date: 2020-06-26T13:43:50.757
  Event ID: 4673
  Task: Sensitive Privilege Use
  Level: Information
  Opcode: Info
  Keyword: Audit Failure
  User: N/A
  User Name: N/A
  Computer: DESKTOP-UR71QBS
  Description: 
A privileged service was called.

Subject:
	Security ID:		S-1-5-18
	Account Name:		DESKTOP-UR71QBS$
	Account Domain:		WORKGROUP
	Logon ID:		0x3E7

Service:
	Server:	Security Account Manager
	Service Name:	Security Account Manager

Process:
	Process ID:	0x280
	Process Name:	C:\Windows\System32\lsass.exe

Service Request Information:
	Privileges:		SeTcbPrivilege

Event[2900]:
  Log Name: Security
  Source: Microsoft-Windows-Security-Auditing
  Date: 2020-06-26T13:43:50.963
  Event ID: 4673
  Task: Sensitive Privilege Use
  Level: Information
  Opcode: Info
  Keyword: Audit Failure
  User: N/A
  User Name: N/A
  Computer: DESKTOP-UR71QBS
  Description: 
A privileged service was called.

Subject:
	Security ID:		S-1-5-21-999993552-654098596-4043940906-1001
	Account Name:		John
	Account Domain:		DESKTOP-UR71QBS
	Logon ID:		0x1A1C3

Service:
	Server:	Security
	Service Name:	-

Process:
	Process ID:	0x348
	Process Name:	C:\Windows\System32\svchost.exe

Service Request Information:
	Privileges:		SeTcbPrivilege

Event[2901]:
  Log Name: Security
  Source: Microsoft-Windows-Security-Auditing
  Date: 2020-06-26T13:43:50.999
  Event ID: 4673
  Task: Sensitive Privilege Use
  Level: Information
  Opcode: Info
  Keyword: Audit Failure
  User: N/A
  User Name: N/A
  Computer: DESKTOP-UR71QBS
  Description: 
A privileged service was called.

Subject:
	Security ID:		S-1-5-21-999993552-654098596-4043940906-1001
	Account Name:		John
	Account Domain:		DESKTOP-UR71QBS
	Logon ID:		0x1A1C3

Service:
	Server:	Security
	Service Name:	-

Process:
	Process ID:	0x1c40
	Process Name:	C:\Windows\SystemApps\Microsoft.LockApp_cw5n1h2txyewy\LockApp.exe

Service Request Information:
	Privileges:		SeProfileSingleProcessPrivilege

Event[2902]:
  Log Name: Security
  Source: Microsoft-Windows-Security-Auditing
  Date: 2020-06-26T13:43:51.133
  Event ID: 5140
  Task: File Share
  Level: Information
  Opcode: Info
  Keyword: Audit Success
  User: N/A
  User Name: N/A
  Computer: DESKTOP-UR71QBS
  Description: 
A network share object was accessed.
	
Subject:
	Security ID:		S-1-5-21-999993552-654098596-4043940906-1002
	Account Name:		evilhacker
	Account Domain:		DESKTOP-UR71QBS
	Logon ID:		0x4E7A7

Network Information:	
	Object Type:		File
	Source Address:		192.168.77.1
	Source Port:		50037
	
Share Information:
	Share Name:		\\*\IPC$
	Share Path:		

Access Request Information:
	Access Mask:		0x1
	Accesses:		ReadData (or ListDirectory)
				


Event[2903]:
  Log Name: Security
  Source: Microsoft-Windows-Security-Auditing
  Date: 2020-06-26T13:43:51.253
  Event ID: 5140
  Task: File Share
  Level: Information
  Opcode: Info
  Keyword: Audit Success
  User: N/A
  User Name: N/A
  Computer: DESKTOP-UR71QBS
  Description: 
A network share object was accessed.
	
Subject:
	Security ID:		S-1-5-18
	Account Name:		DESKTOP-UR71QBS$
	Account Domain:		WORKGROUP
	Logon ID:		0x3E7

Network Information:	
	Object Type:		File
	Source Address:		192.168.77.131
	Source Port:		49692
	
Share Information:
	Share Name:		\\*\IPC$
	Share Path:		

Access Request Information:
	Access Mask:		0x1
	Accesses:		ReadData (or ListDirectory)
				


Event[2904]:
  Log Name: Security
  Source: Microsoft-Windows-Security-Auditing
  Date: 2020-06-26T13:43:51.422
  Event ID: 4673
  Task: Sensitive Privilege Use
  Level: Information
  Opcode: Info
  Keyword: Audit Failure
  User: N/A
  User Name: N/A
  Computer: DESKTOP-UR71QBS
  Description: 
A privileged service was called.

Subject:
	Security ID:		S-1-5-21-999993552-654098596-4043940906-1001
	Account Name:		John
	Account Domain:		DESKTOP-UR71QBS
	Logon ID:		0x1A1C3

Service:
	Server:	Security
	Service Name:	-

Process:
	Process ID:	0x1c94
	Process Name:	C:\Windows\System32\RuntimeBroker.exe

Service Request Information:
	Privileges:		SeProfileSingleProcessPrivilege

Event[2905]:
  Log Name: Security
  Source: Microsoft-Windows-Security-Auditing
  Date: 2020-06-26T13:43:51.932
  Event ID: 4673
  Task: Sensitive Privilege Use
  Level: Information
  Opcode: Info
  Keyword: Audit Failure
  User: N/A
  User Name: N/A
  Computer: DESKTOP-UR71QBS
  Description: 
A privileged service was called.

Subject:
	Security ID:		S-1-5-19
	Account Name:		LOCAL SERVICE
	Account Domain:		NT AUTHORITY
	Logon ID:		0x3E5

Service:
	Server:	Security
	Service Name:	-

Process:
	Process ID:	0x1cf8
	Process Name:	C:\Windows\System32\svchost.exe

Service Request Information:
	Privileges:		SeProfileSingleProcessPrivilege

Event[2906]:
  Log Name: Security
  Source: Microsoft-Windows-Security-Auditing
  Date: 2020-06-26T13:43:53.130
  Event ID: 4673
  Task: Sensitive Privilege Use
  Level: Information
  Opcode: Info
  Keyword: Audit Failure
  User: N/A
  User Name: N/A
  Computer: DESKTOP-UR71QBS
  Description: 
A privileged service was called.

Subject:
	Security ID:		S-1-5-21-999993552-654098596-4043940906-1001
	Account Name:		John
	Account Domain:		DESKTOP-UR71QBS
	Logon ID:		0x1A1C3

Service:
	Server:	Security
	Service Name:	-

Process:
	Process ID:	0x1600
	Process Name:	C:\Windows\SystemApps\Microsoft.Windows.Cortana_cw5n1h2txyewy\SearchUI.exe

Service Request Information:
	Privileges:		SeTcbPrivilege

Event[2907]:
  Log Name: Security
  Source: Microsoft-Windows-Security-Auditing
  Date: 2020-06-26T13:43:53.800
  Event ID: 4673
  Task: Sensitive Privilege Use
  Level: Information
  Opcode: Info
  Keyword: Audit Failure
  User: N/A
  User Name: N/A
  Computer: DESKTOP-UR71QBS
  Description: 
A privileged service was called.

Subject:
	Security ID:		S-1-5-21-999993552-654098596-4043940906-1001
	Account Name:		John
	Account Domain:		DESKTOP-UR71QBS
	Logon ID:		0x1A1C3

Service:
	Server:	Security
	Service Name:	-

Process:
	Process ID:	0x1d84
	Process Name:	C:\Windows\System32\mobsync.exe

Service Request Information:
	Privileges:		SeProfileSingleProcessPrivilege

Event[2908]:
  Log Name: Security
  Source: Microsoft-Windows-Security-Auditing
  Date: 2020-06-26T13:43:54.144
  Event ID: 4673
  Task: Sensitive Privilege Use
  Level: Information
  Opcode: Info
  Keyword: Audit Failure
  User: N/A
  User Name: N/A
  Computer: DESKTOP-UR71QBS
  Description: 
A privileged service was called.

Subject:
	Security ID:		S-1-5-20
	Account Name:		DESKTOP-UR71QBS$
	Account Domain:		WORKGROUP
	Logon ID:		0x3E4

Service:
	Server:	Security
	Service Name:	-

Process:
	Process ID:	0x1e28
	Process Name:	C:\Windows\System32\SppExtComObj.Exe

Service Request Information:
	Privileges:		SeProfileSingleProcessPrivilege

Event[2909]:
  Log Name: Security
  Source: Microsoft-Windows-Security-Auditing
  Date: 2020-06-26T13:43:54.387
  Event ID: 4673
  Task: Sensitive Privilege Use
  Level: Information
  Opcode: Info
  Keyword: Audit Failure
  User: N/A
  User Name: N/A
  Computer: DESKTOP-UR71QBS
  Description: 
A privileged service was called.

Subject:
	Security ID:		S-1-5-21-999993552-654098596-4043940906-1001
	Account Name:		John
	Account Domain:		DESKTOP-UR71QBS
	Logon ID:		0x1A1C3

Service:
	Server:	Security
	Service Name:	-

Process:
	Process ID:	0x1858
	Process Name:	C:\Program Files\WindowsApps\Microsoft.SkypeApp_14.56.102.0_x64__kzf8qxf38zg5c\SkypeApp.exe

Service Request Information:
	Privileges:		SeProfileSingleProcessPrivilege

Event[2910]:
  Log Name: Security
  Source: Microsoft-Windows-Security-Auditing
  Date: 2020-06-26T13:43:54.442
  Event ID: 4673
  Task: Sensitive Privilege Use
  Level: Information
  Opcode: Info
  Keyword: Audit Failure
  User: N/A
  User Name: N/A
  Computer: DESKTOP-UR71QBS
  Description: 
A privileged service was called.

Subject:
	Security ID:		S-1-5-21-999993552-654098596-4043940906-1001
	Account Name:		John
	Account Domain:		DESKTOP-UR71QBS
	Logon ID:		0x1A1C3

Service:
	Server:	Security
	Service Name:	-

Process:
	Process ID:	0x1948
	Process Name:	C:\Program Files\WindowsApps\Microsoft.YourPhone_1.20022.82.0_x64__8wekyb3d8bbwe\YourPhone.exe

Service Request Information:
	Privileges:		SeProfileSingleProcessPrivilege

Event[2911]:
  Log Name: Security
  Source: Microsoft-Windows-Security-Auditing
  Date: 2020-06-26T13:43:54.448
  Event ID: 4673
  Task: Sensitive Privilege Use
  Level: Information
  Opcode: Info
  Keyword: Audit Failure
  User: N/A
  User Name: N/A
  Computer: DESKTOP-UR71QBS
  Description: 
A privileged service was called.

Subject:
	Security ID:		S-1-5-21-999993552-654098596-4043940906-1001
	Account Name:		John
	Account Domain:		DESKTOP-UR71QBS
	Logon ID:		0x1A1C3

Service:
	Server:	Security
	Service Name:	-

Process:
	Process ID:	0x18cc
	Process Name:	C:\Program Files\WindowsApps\Microsoft.SkypeApp_14.56.102.0_x64__kzf8qxf38zg5c\SkypeBackgroundHost.exe

Service Request Information:
	Privileges:		SeProfileSingleProcessPrivilege

Event[2912]:
  Log Name: Security
  Source: Microsoft-Windows-Security-Auditing
  Date: 2020-06-26T13:43:55.322
  Event ID: 4673
  Task: Sensitive Privilege Use
  Level: Information
  Opcode: Info
  Keyword: Audit Failure
  User: N/A
  User Name: N/A
  Computer: DESKTOP-UR71QBS
  Description: 
A privileged service was called.

Subject:
	Security ID:		S-1-5-21-999993552-654098596-4043940906-1001
	Account Name:		John
	Account Domain:		DESKTOP-UR71QBS
	Logon ID:		0x1A1C3

Service:
	Server:	Security
	Service Name:	-

Process:
	Process ID:	0x1f48
	Process Name:	C:\Windows\System32\RuntimeBroker.exe

Service Request Information:
	Privileges:		SeProfileSingleProcessPrivilege

Event[2913]:
  Log Name: Security
  Source: Microsoft-Windows-Security-Auditing
  Date: 2020-06-26T13:43:55.487
  Event ID: 4663
  Task: File System
  Level: Information
  Opcode: Info
  Keyword: Audit Success
  User: N/A
  User Name: N/A
  Computer: DESKTOP-UR71QBS
  Description: 
An attempt was made to access an object.

Subject:
	Security ID:		S-1-5-21-999993552-654098596-4043940906-1002
	Account Name:		evilhacker
	Account Domain:		DESKTOP-UR71QBS
	Logon ID:		0x4E7A7

Object:
	Object Server:		Security
	Object Type:		File
	Object Name:		C:\SharedFiles\games\approvedgames.txt
	Handle ID:		0x2da8
	Resource Attributes:	S:AI

Process Information:
	Process ID:		0x4
	Process Name:		

Access Request Information:
	Accesses:		ReadAttributes
				
	Access Mask:		0x80

Event[2914]:
  Log Name: Security
  Source: Microsoft-Windows-Security-Auditing
  Date: 2020-06-26T13:43:55.525
  Event ID: 4663
  Task: File System
  Level: Information
  Opcode: Info
  Keyword: Audit Success
  User: N/A
  User Name: N/A
  Computer: DESKTOP-UR71QBS
  Description: 
An attempt was made to access an object.

Subject:
	Security ID:		S-1-5-21-999993552-654098596-4043940906-1002
	Account Name:		evilhacker
	Account Domain:		DESKTOP-UR71QBS
	Logon ID:		0x4E7A7

Object:
	Object Server:		Security
	Object Type:		File
	Object Name:		C:\SharedFiles\games\approvedgames.txt
	Handle ID:		0x2da8
	Resource Attributes:	S:AI

Process Information:
	Process ID:		0x4
	Process Name:		

Access Request Information:
	Accesses:		READ_CONTROL
				
	Access Mask:		0x20000

Event[2915]:
  Log Name: Security
  Source: Microsoft-Windows-Security-Auditing
  Date: 2020-06-26T13:43:55.802
  Event ID: 4673
  Task: Sensitive Privilege Use
  Level: Information
  Opcode: Info
  Keyword: Audit Failure
  User: N/A
  User Name: N/A
  Computer: DESKTOP-UR71QBS
  Description: 
A privileged service was called.

Subject:
	Security ID:		S-1-5-21-999993552-654098596-4043940906-1001
	Account Name:		John
	Account Domain:		DESKTOP-UR71QBS
	Logon ID:		0x1A1C3

Service:
	Server:	Security
	Service Name:	-

Process:
	Process ID:	0x1f7c
	Process Name:	C:\Windows\System32\RuntimeBroker.exe

Service Request Information:
	Privileges:		SeProfileSingleProcessPrivilege

Event[2916]:
  Log Name: Security
  Source: Microsoft-Windows-Security-Auditing
  Date: 2020-06-26T13:43:55.822
  Event ID: 4663
  Task: File System
  Level: Information
  Opcode: Info
  Keyword: Audit Success
  User: N/A
  User Name: N/A
  Computer: DESKTOP-UR71QBS
  Description: 
An attempt was made to access an object.

Subject:
	Security ID:		S-1-5-21-999993552-654098596-4043940906-1002
	Account Name:		evilhacker
	Account Domain:		DESKTOP-UR71QBS
	Logon ID:		0x4E7A7

Object:
	Object Server:		Security
	Object Type:		File
	Object Name:		C:\SharedFiles\games
	Handle ID:		0x2ef0
	Resource Attributes:	S:AI

Process Information:
	Process ID:		0x4
	Process Name:		

Access Request Information:
	Accesses:		ReadAttributes
				
	Access Mask:		0x80

Event[2917]:
  Log Name: Security
  Source: Microsoft-Windows-Security-Auditing
  Date: 2020-06-26T13:43:57.154
  Event ID: 4673
  Task: Sensitive Privilege Use
  Level: Information
  Opcode: Info
  Keyword: Audit Success
  User: N/A
  User Name: N/A
  Computer: DESKTOP-UR71QBS
  Description: 
A privileged service was called.

Subject:
	Security ID:		S-1-5-18
	Account Name:		DESKTOP-UR71QBS$
	Account Domain:		WORKGROUP
	Logon ID:		0x3E7

Service:
	Server:	NT Local Security Authority / Authentication Service
	Service Name:	LsaRegisterLogonProcess()

Process:
	Process ID:	0x280
	Process Name:	C:\Windows\System32\lsass.exe

Service Request Information:
	Privileges:		SeTcbPrivilege

Event[2918]:
  Log Name: Security
  Source: Microsoft-Windows-Security-Auditing
  Date: 2020-06-26T13:43:57.823
  Event ID: 4673
  Task: Sensitive Privilege Use
  Level: Information
  Opcode: Info
  Keyword: Audit Failure
  User: N/A
  User Name: N/A
  Computer: DESKTOP-UR71QBS
  Description: 
A privileged service was called.

Subject:
	Security ID:		S-1-5-19
	Account Name:		LOCAL SERVICE
	Account Domain:		NT AUTHORITY
	Logon ID:		0x3E5

Service:
	Server:	Security
	Service Name:	-

Process:
	Process ID:	0x1dac
	Process Name:	C:\Windows\System32\svchost.exe

Service Request Information:
	Privileges:		SeProfileSingleProcessPrivilege

Event[2919]:
  Log Name: Security
  Source: Microsoft-Windows-Security-Auditing
  Date: 2020-06-26T13:43:58.170
  Event ID: 4673
  Task: Sensitive Privilege Use
  Level: Information
  Opcode: Info
  Keyword: Audit Success
  User: N/A
  User Name: N/A
  Computer: DESKTOP-UR71QBS
  Description: 
A privileged service was called.

Subject:
	Security ID:		S-1-5-18
	Account Name:		DESKTOP-UR71QBS$
	Account Domain:		WORKGROUP
	Logon ID:		0x3E7

Service:
	Server:	NT Local Security Authority / Authentication Service
	Service Name:	LsaRegisterLogonProcess()

Process:
	Process ID:	0x280
	Process Name:	C:\Windows\System32\lsass.exe

Service Request Information:
	Privileges:		SeTcbPrivilege

Event[2920]:
  Log Name: Security
  Source: Microsoft-Windows-Security-Auditing
  Date: 2020-06-26T13:44:00.054
  Event ID: 4673
  Task: Sensitive Privilege Use
  Level: Information
  Opcode: Info
  Keyword: Audit Failure
  User: N/A
  User Name: N/A
  Computer: DESKTOP-UR71QBS
  Description: 
A privileged service was called.

Subject:
	Security ID:		S-1-5-21-999993552-654098596-4043940906-1001
	Account Name:		John
	Account Domain:		DESKTOP-UR71QBS
	Logon ID:		0x1A1C3

Service:
	Server:	Security
	Service Name:	-

Process:
	Process ID:	0x1e24
	Process Name:	C:\Windows\System32\smartscreen.exe

Service Request Information:
	Privileges:		SeProfileSingleProcessPrivilege

Event[2921]:
  Log Name: Security
  Source: Microsoft-Windows-Security-Auditing
  Date: 2020-06-26T13:44:00.119
  Event ID: 4673
  Task: Sensitive Privilege Use
  Level: Information
  Opcode: Info
  Keyword: Audit Failure
  User: N/A
  User Name: N/A
  Computer: DESKTOP-UR71QBS
  Description: 
A privileged service was called.

Subject:
	Security ID:		S-1-5-21-999993552-654098596-4043940906-1001
	Account Name:		John
	Account Domain:		DESKTOP-UR71QBS
	Logon ID:		0x1A1C3

Service:
	Server:	Security
	Service Name:	-

Process:
	Process ID:	0x1164
	Process Name:	C:\Windows\System32\SecurityHealthSystray.exe

Service Request Information:
	Privileges:		SeProfileSingleProcessPrivilege

Event[2922]:
  Log Name: Security
  Source: Microsoft-Windows-Security-Auditing
  Date: 2020-06-26T13:44:00.484
  Event ID: 4673
  Task: Sensitive Privilege Use
  Level: Information
  Opcode: Info
  Keyword: Audit Failure
  User: N/A
  User Name: N/A
  Computer: DESKTOP-UR71QBS
  Description: 
A privileged service was called.

Subject:
	Security ID:		S-1-5-21-999993552-654098596-4043940906-1001
	Account Name:		John
	Account Domain:		DESKTOP-UR71QBS
	Logon ID:		0x1A1C3

Service:
	Server:	Security
	Service Name:	-

Process:
	Process ID:	0x1e94
	Process Name:	C:\Program Files\VMware\VMware Tools\vmtoolsd.exe

Service Request Information:
	Privileges:		SeProfileSingleProcessPrivilege

Event[2923]:
  Log Name: Security
  Source: Microsoft-Windows-Security-Auditing
  Date: 2020-06-26T13:44:02.272
  Event ID: 4673
  Task: Sensitive Privilege Use
  Level: Information
  Opcode: Info
  Keyword: Audit Success
  User: N/A
  User Name: N/A
  Computer: DESKTOP-UR71QBS
  Description: 
A privileged service was called.

Subject:
	Security ID:		S-1-5-18
	Account Name:		DESKTOP-UR71QBS$
	Account Domain:		WORKGROUP
	Logon ID:		0x3E7

Service:
	Server:	NT Local Security Authority / Authentication Service
	Service Name:	LsaRegisterLogonProcess()

Process:
	Process ID:	0x280
	Process Name:	C:\Windows\System32\lsass.exe

Service Request Information:
	Privileges:		SeTcbPrivilege

Event[2924]:
  Log Name: Security
  Source: Microsoft-Windows-Security-Auditing
  Date: 2020-06-26T13:44:04.579
  Event ID: 4673
  Task: Sensitive Privilege Use
  Level: Information
  Opcode: Info
  Keyword: Audit Failure
  User: N/A
  User Name: N/A
  Computer: DESKTOP-UR71QBS
  Description: 
A privileged service was called.

Subject:
	Security ID:		S-1-5-18
	Account Name:		DESKTOP-UR71QBS$
	Account Domain:		WORKGROUP
	Logon ID:		0x3E7

Service:
	Server:	Security Account Manager
	Service Name:	Security Account Manager

Process:
	Process ID:	0x280
	Process Name:	C:\Windows\System32\lsass.exe

Service Request Information:
	Privileges:		SeTcbPrivilege

Event[2925]:
  Log Name: Security
  Source: Microsoft-Windows-Security-Auditing
  Date: 2020-06-26T13:44:06.807
  Event ID: 4673
  Task: Sensitive Privilege Use
  Level: Information
  Opcode: Info
  Keyword: Audit Failure
  User: N/A
  User Name: N/A
  Computer: DESKTOP-UR71QBS
  Description: 
A privileged service was called.

Subject:
	Security ID:		S-1-5-21-999993552-654098596-4043940906-1001
	Account Name:		John
	Account Domain:		DESKTOP-UR71QBS
	Logon ID:		0x1A1C3

Service:
	Server:	Security
	Service Name:	-

Process:
	Process ID:	0x1550
	Process Name:	C:\Users\John\AppData\Local\Microsoft\OneDrive\OneDrive.exe

Service Request Information:
	Privileges:		SeProfileSingleProcessPrivilege

Event[2926]:
  Log Name: Security
  Source: Microsoft-Windows-Security-Auditing
  Date: 2020-06-26T13:44:06.809
  Event ID: 4673
  Task: Sensitive Privilege Use
  Level: Information
  Opcode: Info
  Keyword: Audit Failure
  User: N/A
  User Name: N/A
  Computer: DESKTOP-UR71QBS
  Description: 
A privileged service was called.

Subject:
	Security ID:		S-1-5-21-999993552-654098596-4043940906-1001
	Account Name:		John
	Account Domain:		DESKTOP-UR71QBS
	Logon ID:		0x1A1C3

Service:
	Server:	Security
	Service Name:	-

Process:
	Process ID:	0x1550
	Process Name:	C:\Users\John\AppData\Local\Microsoft\OneDrive\OneDrive.exe

Service Request Information:
	Privileges:		SeProfileSingleProcessPrivilege

Event[2927]:
  Log Name: Security
  Source: Microsoft-Windows-Security-Auditing
  Date: 2020-06-26T13:44:08.170
  Event ID: 4673
  Task: Sensitive Privilege Use
  Level: Information
  Opcode: Info
  Keyword: Audit Success
  User: N/A
  User Name: N/A
  Computer: DESKTOP-UR71QBS
  Description: 
A privileged service was called.

Subject:
	Security ID:		S-1-5-18
	Account Name:		DESKTOP-UR71QBS$
	Account Domain:		WORKGROUP
	Logon ID:		0x3E7

Service:
	Server:	NT Local Security Authority / Authentication Service
	Service Name:	LsaRegisterLogonProcess()

Process:
	Process ID:	0x280
	Process Name:	C:\Windows\System32\lsass.exe

Service Request Information:
	Privileges:		SeTcbPrivilege

Event[2928]:
  Log Name: Security
  Source: Microsoft-Windows-Security-Auditing
  Date: 2020-06-26T13:44:08.174
  Event ID: 4673
  Task: Sensitive Privilege Use
  Level: Information
  Opcode: Info
  Keyword: Audit Success
  User: N/A
  User Name: N/A
  Computer: DESKTOP-UR71QBS
  Description: 
A privileged service was called.

Subject:
	Security ID:		S-1-5-18
	Account Name:		DESKTOP-UR71QBS$
	Account Domain:		WORKGROUP
	Logon ID:		0x3E7

Service:
	Server:	NT Local Security Authority / Authentication Service
	Service Name:	LsaRegisterLogonProcess()

Process:
	Process ID:	0x280
	Process Name:	C:\Windows\System32\lsass.exe

Service Request Information:
	Privileges:		SeTcbPrivilege

Event[2929]:
  Log Name: Security
  Source: Microsoft-Windows-Security-Auditing
  Date: 2020-06-26T13:44:08.185
  Event ID: 4673
  Task: Sensitive Privilege Use
  Level: Information
  Opcode: Info
  Keyword: Audit Failure
  User: N/A
  User Name: N/A
  Computer: DESKTOP-UR71QBS
  Description: 
A privileged service was called.

Subject:
	Security ID:		S-1-5-18
	Account Name:		DESKTOP-UR71QBS$
	Account Domain:		WORKGROUP
	Logon ID:		0x3E7

Service:
	Server:	Security Account Manager
	Service Name:	Security Account Manager

Process:
	Process ID:	0x280
	Process Name:	C:\Windows\System32\lsass.exe

Service Request Information:
	Privileges:		SeTcbPrivilege

Event[2930]:
  Log Name: Security
  Source: Microsoft-Windows-Security-Auditing
  Date: 2020-06-26T13:44:08.314
  Event ID: 4673
  Task: Sensitive Privilege Use
  Level: Information
  Opcode: Info
  Keyword: Audit Failure
  User: N/A
  User Name: N/A
  Computer: DESKTOP-UR71QBS
  Description: 
A privileged service was called.

Subject:
	Security ID:		S-1-5-21-999993552-654098596-4043940906-1001
	Account Name:		John
	Account Domain:		DESKTOP-UR71QBS
	Logon ID:		0x1A1C3

Service:
	Server:	Security
	Service Name:	-

Process:
	Process ID:	0x9c0
	Process Name:	C:\Windows\System32\dllhost.exe

Service Request Information:
	Privileges:		SeProfileSingleProcessPrivilege

Event[2931]:
  Log Name: Security
  Source: Microsoft-Windows-Security-Auditing
  Date: 2020-06-26T13:44:08.337
  Event ID: 4673
  Task: Sensitive Privilege Use
  Level: Information
  Opcode: Info
  Keyword: Audit Failure
  User: N/A
  User Name: N/A
  Computer: DESKTOP-UR71QBS
  Description: 
A privileged service was called.

Subject:
	Security ID:		S-1-5-21-999993552-654098596-4043940906-1001
	Account Name:		John
	Account Domain:		DESKTOP-UR71QBS
	Logon ID:		0x1A1C3

Service:
	Server:	Security
	Service Name:	-

Process:
	Process ID:	0x1ad0
	Process Name:	C:\Windows\System32\taskhostw.exe

Service Request Information:
	Privileges:		SeProfileSingleProcessPrivilege

Event[2932]:
  Log Name: Security
  Source: Microsoft-Windows-Security-Auditing
  Date: 2020-06-26T13:44:11.282
  Event ID: 4673
  Task: Sensitive Privilege Use
  Level: Information
  Opcode: Info
  Keyword: Audit Failure
  User: N/A
  User Name: N/A
  Computer: DESKTOP-UR71QBS
  Description: 
A privileged service was called.

Subject:
	Security ID:		S-1-5-21-999993552-654098596-4043940906-1001
	Account Name:		John
	Account Domain:		DESKTOP-UR71QBS
	Logon ID:		0x1A1C3

Service:
	Server:	Security
	Service Name:	-

Process:
	Process ID:	0x348
	Process Name:	C:\Windows\System32\svchost.exe

Service Request Information:
	Privileges:		SeTcbPrivilege

Event[2933]:
  Log Name: Security
  Source: Microsoft-Windows-Security-Auditing
  Date: 2020-06-26T13:44:11.391
  Event ID: 4673
  Task: Sensitive Privilege Use
  Level: Information
  Opcode: Info
  Keyword: Audit Failure
  User: N/A
  User Name: N/A
  Computer: DESKTOP-UR71QBS
  Description: 
A privileged service was called.

Subject:
	Security ID:		S-1-5-21-999993552-654098596-4043940906-1001
	Account Name:		John
	Account Domain:		DESKTOP-UR71QBS
	Logon ID:		0x1A1C3

Service:
	Server:	Security
	Service Name:	-

Process:
	Process ID:	0x16bc
	Process Name:	C:\Windows\System32\dllhost.exe

Service Request Information:
	Privileges:		SeProfileSingleProcessPrivilege

Event[2934]:
  Log Name: Security
  Source: Microsoft-Windows-Security-Auditing
  Date: 2020-06-26T13:44:11.397
  Event ID: 4673
  Task: Sensitive Privilege Use
  Level: Information
  Opcode: Info
  Keyword: Audit Failure
  User: N/A
  User Name: N/A
  Computer: DESKTOP-UR71QBS
  Description: 
A privileged service was called.

Subject:
	Security ID:		S-1-5-21-999993552-654098596-4043940906-1001
	Account Name:		John
	Account Domain:		DESKTOP-UR71QBS
	Logon ID:		0x1A1C3

Service:
	Server:	Security
	Service Name:	-

Process:
	Process ID:	0x121c
	Process Name:	C:\Windows\System32\backgroundTaskHost.exe

Service Request Information:
	Privileges:		SeProfileSingleProcessPrivilege

Event[2935]:
  Log Name: Security
  Source: Microsoft-Windows-Security-Auditing
  Date: 2020-06-26T13:44:11.637
  Event ID: 4673
  Task: Sensitive Privilege Use
  Level: Information
  Opcode: Info
  Keyword: Audit Failure
  User: N/A
  User Name: N/A
  Computer: DESKTOP-UR71QBS
  Description: 
A privileged service was called.

Subject:
	Security ID:		S-1-5-21-999993552-654098596-4043940906-1001
	Account Name:		John
	Account Domain:		DESKTOP-UR71QBS
	Logon ID:		0x1A1C3

Service:
	Server:	Security
	Service Name:	-

Process:
	Process ID:	0x19b4
	Process Name:	C:\Windows\System32\dllhost.exe

Service Request Information:
	Privileges:		SeProfileSingleProcessPrivilege

Event[2936]:
  Log Name: Security
  Source: Microsoft-Windows-Security-Auditing
  Date: 2020-06-26T13:44:11.840
  Event ID: 4673
  Task: Sensitive Privilege Use
  Level: Information
  Opcode: Info
  Keyword: Audit Failure
  User: N/A
  User Name: N/A
  Computer: DESKTOP-UR71QBS
  Description: 
A privileged service was called.

Subject:
	Security ID:		S-1-5-21-999993552-654098596-4043940906-1001
	Account Name:		John
	Account Domain:		DESKTOP-UR71QBS
	Logon ID:		0x1A1C3

Service:
	Server:	Security
	Service Name:	-

Process:
	Process ID:	0x12e4
	Process Name:	C:\Windows\System32\RuntimeBroker.exe

Service Request Information:
	Privileges:		SeProfileSingleProcessPrivilege

Event[2937]:
  Log Name: Security
  Source: Microsoft-Windows-Security-Auditing
  Date: 2020-06-26T13:44:11.937
  Event ID: 4673
  Task: Sensitive Privilege Use
  Level: Information
  Opcode: Info
  Keyword: Audit Failure
  User: N/A
  User Name: N/A
  Computer: DESKTOP-UR71QBS
  Description: 
A privileged service was called.

Subject:
	Security ID:		S-1-5-21-999993552-654098596-4043940906-1001
	Account Name:		John
	Account Domain:		DESKTOP-UR71QBS
	Logon ID:		0x1A1C3

Service:
	Server:	Security
	Service Name:	-

Process:
	Process ID:	0x19b4
	Process Name:	C:\Windows\System32\dllhost.exe

Service Request Information:
	Privileges:		SeProfileSingleProcessPrivilege

Event[2938]:
  Log Name: Security
  Source: Microsoft-Windows-Security-Auditing
  Date: 2020-06-26T13:44:11.937
  Event ID: 4673
  Task: Sensitive Privilege Use
  Level: Information
  Opcode: Info
  Keyword: Audit Failure
  User: N/A
  User Name: N/A
  Computer: DESKTOP-UR71QBS
  Description: 
A privileged service was called.

Subject:
	Security ID:		S-1-5-21-999993552-654098596-4043940906-1001
	Account Name:		John
	Account Domain:		DESKTOP-UR71QBS
	Logon ID:		0x1A1C3

Service:
	Server:	Security
	Service Name:	-

Process:
	Process ID:	0x19b4
	Process Name:	C:\Windows\System32\dllhost.exe

Service Request Information:
	Privileges:		SeProfileSingleProcessPrivilege

Event[2939]:
  Log Name: Security
  Source: Microsoft-Windows-Security-Auditing
  Date: 2020-06-26T13:44:11.937
  Event ID: 4673
  Task: Sensitive Privilege Use
  Level: Information
  Opcode: Info
  Keyword: Audit Failure
  User: N/A
  User Name: N/A
  Computer: DESKTOP-UR71QBS
  Description: 
A privileged service was called.

Subject:
	Security ID:		S-1-5-21-999993552-654098596-4043940906-1001
	Account Name:		John
	Account Domain:		DESKTOP-UR71QBS
	Logon ID:		0x1A1C3

Service:
	Server:	Security
	Service Name:	-

Process:
	Process ID:	0x19b4
	Process Name:	C:\Windows\System32\dllhost.exe

Service Request Information:
	Privileges:		SeProfileSingleProcessPrivilege

Event[2940]:
  Log Name: Security
  Source: Microsoft-Windows-Security-Auditing
  Date: 2020-06-26T13:44:11.937
  Event ID: 4673
  Task: Sensitive Privilege Use
  Level: Information
  Opcode: Info
  Keyword: Audit Failure
  User: N/A
  User Name: N/A
  Computer: DESKTOP-UR71QBS
  Description: 
A privileged service was called.

Subject:
	Security ID:		S-1-5-21-999993552-654098596-4043940906-1001
	Account Name:		John
	Account Domain:		DESKTOP-UR71QBS
	Logon ID:		0x1A1C3

Service:
	Server:	Security
	Service Name:	-

Process:
	Process ID:	0x19b4
	Process Name:	C:\Windows\System32\dllhost.exe

Service Request Information:
	Privileges:		SeProfileSingleProcessPrivilege

Event[2941]:
  Log Name: Security
  Source: Microsoft-Windows-Security-Auditing
  Date: 2020-06-26T13:44:11.937
  Event ID: 4673
  Task: Sensitive Privilege Use
  Level: Information
  Opcode: Info
  Keyword: Audit Failure
  User: N/A
  User Name: N/A
  Computer: DESKTOP-UR71QBS
  Description: 
A privileged service was called.

Subject:
	Security ID:		S-1-5-21-999993552-654098596-4043940906-1001
	Account Name:		John
	Account Domain:		DESKTOP-UR71QBS
	Logon ID:		0x1A1C3

Service:
	Server:	Security
	Service Name:	-

Process:
	Process ID:	0x19b4
	Process Name:	C:\Windows\System32\dllhost.exe

Service Request Information:
	Privileges:		SeProfileSingleProcessPrivilege

Event[2942]:
  Log Name: Security
  Source: Microsoft-Windows-Security-Auditing
  Date: 2020-06-26T13:44:11.937
  Event ID: 4673
  Task: Sensitive Privilege Use
  Level: Information
  Opcode: Info
  Keyword: Audit Failure
  User: N/A
  User Name: N/A
  Computer: DESKTOP-UR71QBS
  Description: 
A privileged service was called.

Subject:
	Security ID:		S-1-5-21-999993552-654098596-4043940906-1001
	Account Name:		John
	Account Domain:		DESKTOP-UR71QBS
	Logon ID:		0x1A1C3

Service:
	Server:	Security
	Service Name:	-

Process:
	Process ID:	0x19b4
	Process Name:	C:\Windows\System32\dllhost.exe

Service Request Information:
	Privileges:		SeProfileSingleProcessPrivilege

Event[2943]:
  Log Name: Security
  Source: Microsoft-Windows-Security-Auditing
  Date: 2020-06-26T13:44:11.937
  Event ID: 4673
  Task: Sensitive Privilege Use
  Level: Information
  Opcode: Info
  Keyword: Audit Failure
  User: N/A
  User Name: N/A
  Computer: DESKTOP-UR71QBS
  Description: 
A privileged service was called.

Subject:
	Security ID:		S-1-5-21-999993552-654098596-4043940906-1001
	Account Name:		John
	Account Domain:		DESKTOP-UR71QBS
	Logon ID:		0x1A1C3

Service:
	Server:	Security
	Service Name:	-

Process:
	Process ID:	0x19b4
	Process Name:	C:\Windows\System32\dllhost.exe

Service Request Information:
	Privileges:		SeProfileSingleProcessPrivilege

Event[2944]:
  Log Name: Security
  Source: Microsoft-Windows-Security-Auditing
  Date: 2020-06-26T13:44:11.937
  Event ID: 4673
  Task: Sensitive Privilege Use
  Level: Information
  Opcode: Info
  Keyword: Audit Failure
  User: N/A
  User Name: N/A
  Computer: DESKTOP-UR71QBS
  Description: 
A privileged service was called.

Subject:
	Security ID:		S-1-5-21-999993552-654098596-4043940906-1001
	Account Name:		John
	Account Domain:		DESKTOP-UR71QBS
	Logon ID:		0x1A1C3

Service:
	Server:	Security
	Service Name:	-

Process:
	Process ID:	0x19b4
	Process Name:	C:\Windows\System32\dllhost.exe

Service Request Information:
	Privileges:		SeProfileSingleProcessPrivilege

Event[2945]:
  Log Name: Security
  Source: Microsoft-Windows-Security-Auditing
  Date: 2020-06-26T13:44:11.938
  Event ID: 4673
  Task: Sensitive Privilege Use
  Level: Information
  Opcode: Info
  Keyword: Audit Failure
  User: N/A
  User Name: N/A
  Computer: DESKTOP-UR71QBS
  Description: 
A privileged service was called.

Subject:
	Security ID:		S-1-5-21-999993552-654098596-4043940906-1001
	Account Name:		John
	Account Domain:		DESKTOP-UR71QBS
	Logon ID:		0x1A1C3

Service:
	Server:	Security
	Service Name:	-

Process:
	Process ID:	0x19b4
	Process Name:	C:\Windows\System32\dllhost.exe

Service Request Information:
	Privileges:		SeProfileSingleProcessPrivilege

Event[2946]:
  Log Name: Security
  Source: Microsoft-Windows-Security-Auditing
  Date: 2020-06-26T13:44:11.938
  Event ID: 4673
  Task: Sensitive Privilege Use
  Level: Information
  Opcode: Info
  Keyword: Audit Failure
  User: N/A
  User Name: N/A
  Computer: DESKTOP-UR71QBS
  Description: 
A privileged service was called.

Subject:
	Security ID:		S-1-5-21-999993552-654098596-4043940906-1001
	Account Name:		John
	Account Domain:		DESKTOP-UR71QBS
	Logon ID:		0x1A1C3

Service:
	Server:	Security
	Service Name:	-

Process:
	Process ID:	0x19b4
	Process Name:	C:\Windows\System32\dllhost.exe

Service Request Information:
	Privileges:		SeProfileSingleProcessPrivilege

Event[2947]:
  Log Name: Security
  Source: Microsoft-Windows-Security-Auditing
  Date: 2020-06-26T13:44:11.938
  Event ID: 4673
  Task: Sensitive Privilege Use
  Level: Information
  Opcode: Info
  Keyword: Audit Failure
  User: N/A
  User Name: N/A
  Computer: DESKTOP-UR71QBS
  Description: 
A privileged service was called.

Subject:
	Security ID:		S-1-5-21-999993552-654098596-4043940906-1001
	Account Name:		John
	Account Domain:		DESKTOP-UR71QBS
	Logon ID:		0x1A1C3

Service:
	Server:	Security
	Service Name:	-

Process:
	Process ID:	0x19b4
	Process Name:	C:\Windows\System32\dllhost.exe

Service Request Information:
	Privileges:		SeProfileSingleProcessPrivilege

Event[2948]:
  Log Name: Security
  Source: Microsoft-Windows-Security-Auditing
  Date: 2020-06-26T13:44:11.938
  Event ID: 4673
  Task: Sensitive Privilege Use
  Level: Information
  Opcode: Info
  Keyword: Audit Failure
  User: N/A
  User Name: N/A
  Computer: DESKTOP-UR71QBS
  Description: 
A privileged service was called.

Subject:
	Security ID:		S-1-5-21-999993552-654098596-4043940906-1001
	Account Name:		John
	Account Domain:		DESKTOP-UR71QBS
	Logon ID:		0x1A1C3

Service:
	Server:	Security
	Service Name:	-

Process:
	Process ID:	0x19b4
	Process Name:	C:\Windows\System32\dllhost.exe

Service Request Information:
	Privileges:		SeProfileSingleProcessPrivilege

Event[2949]:
  Log Name: Security
  Source: Microsoft-Windows-Security-Auditing
  Date: 2020-06-26T13:44:11.938
  Event ID: 4673
  Task: Sensitive Privilege Use
  Level: Information
  Opcode: Info
  Keyword: Audit Failure
  User: N/A
  User Name: N/A
  Computer: DESKTOP-UR71QBS
  Description: 
A privileged service was called.

Subject:
	Security ID:		S-1-5-21-999993552-654098596-4043940906-1001
	Account Name:		John
	Account Domain:		DESKTOP-UR71QBS
	Logon ID:		0x1A1C3

Service:
	Server:	Security
	Service Name:	-

Process:
	Process ID:	0x19b4
	Process Name:	C:\Windows\System32\dllhost.exe

Service Request Information:
	Privileges:		SeProfileSingleProcessPrivilege

Event[2950]:
  Log Name: Security
  Source: Microsoft-Windows-Security-Auditing
  Date: 2020-06-26T13:44:11.938
  Event ID: 4673
  Task: Sensitive Privilege Use
  Level: Information
  Opcode: Info
  Keyword: Audit Failure
  User: N/A
  User Name: N/A
  Computer: DESKTOP-UR71QBS
  Description: 
A privileged service was called.

Subject:
	Security ID:		S-1-5-21-999993552-654098596-4043940906-1001
	Account Name:		John
	Account Domain:		DESKTOP-UR71QBS
	Logon ID:		0x1A1C3

Service:
	Server:	Security
	Service Name:	-

Process:
	Process ID:	0x19b4
	Process Name:	C:\Windows\System32\dllhost.exe

Service Request Information:
	Privileges:		SeProfileSingleProcessPrivilege

Event[2951]:
  Log Name: Security
  Source: Microsoft-Windows-Security-Auditing
  Date: 2020-06-26T13:44:11.972
  Event ID: 4673
  Task: Sensitive Privilege Use
  Level: Information
  Opcode: Info
  Keyword: Audit Failure
  User: N/A
  User Name: N/A
  Computer: DESKTOP-UR71QBS
  Description: 
A privileged service was called.

Subject:
	Security ID:		S-1-5-21-999993552-654098596-4043940906-1001
	Account Name:		John
	Account Domain:		DESKTOP-UR71QBS
	Logon ID:		0x1A1C3

Service:
	Server:	Security
	Service Name:	-

Process:
	Process ID:	0x19b4
	Process Name:	C:\Windows\System32\dllhost.exe

Service Request Information:
	Privileges:		SeProfileSingleProcessPrivilege

Event[2952]:
  Log Name: Security
  Source: Microsoft-Windows-Security-Auditing
  Date: 2020-06-26T13:44:11.972
  Event ID: 4673
  Task: Sensitive Privilege Use
  Level: Information
  Opcode: Info
  Keyword: Audit Failure
  User: N/A
  User Name: N/A
  Computer: DESKTOP-UR71QBS
  Description: 
A privileged service was called.

Subject:
	Security ID:		S-1-5-21-999993552-654098596-4043940906-1001
	Account Name:		John
	Account Domain:		DESKTOP-UR71QBS
	Logon ID:		0x1A1C3

Service:
	Server:	Security
	Service Name:	-

Process:
	Process ID:	0x19b4
	Process Name:	C:\Windows\System32\dllhost.exe

Service Request Information:
	Privileges:		SeProfileSingleProcessPrivilege

Event[2953]:
  Log Name: Security
  Source: Microsoft-Windows-Security-Auditing
  Date: 2020-06-26T13:44:11.972
  Event ID: 4673
  Task: Sensitive Privilege Use
  Level: Information
  Opcode: Info
  Keyword: Audit Failure
  User: N/A
  User Name: N/A
  Computer: DESKTOP-UR71QBS
  Description: 
A privileged service was called.

Subject:
	Security ID:		S-1-5-21-999993552-654098596-4043940906-1001
	Account Name:		John
	Account Domain:		DESKTOP-UR71QBS
	Logon ID:		0x1A1C3

Service:
	Server:	Security
	Service Name:	-

Process:
	Process ID:	0x19b4
	Process Name:	C:\Windows\System32\dllhost.exe

Service Request Information:
	Privileges:		SeProfileSingleProcessPrivilege

Event[2954]:
  Log Name: Security
  Source: Microsoft-Windows-Security-Auditing
  Date: 2020-06-26T13:44:11.972
  Event ID: 4673
  Task: Sensitive Privilege Use
  Level: Information
  Opcode: Info
  Keyword: Audit Failure
  User: N/A
  User Name: N/A
  Computer: DESKTOP-UR71QBS
  Description: 
A privileged service was called.

Subject:
	Security ID:		S-1-5-21-999993552-654098596-4043940906-1001
	Account Name:		John
	Account Domain:		DESKTOP-UR71QBS
	Logon ID:		0x1A1C3

Service:
	Server:	Security
	Service Name:	-

Process:
	Process ID:	0x19b4
	Process Name:	C:\Windows\System32\dllhost.exe

Service Request Information:
	Privileges:		SeProfileSingleProcessPrivilege

Event[2955]:
  Log Name: Security
  Source: Microsoft-Windows-Security-Auditing
  Date: 2020-06-26T13:44:11.972
  Event ID: 4673
  Task: Sensitive Privilege Use
  Level: Information
  Opcode: Info
  Keyword: Audit Failure
  User: N/A
  User Name: N/A
  Computer: DESKTOP-UR71QBS
  Description: 
A privileged service was called.

Subject:
	Security ID:		S-1-5-21-999993552-654098596-4043940906-1001
	Account Name:		John
	Account Domain:		DESKTOP-UR71QBS
	Logon ID:		0x1A1C3

Service:
	Server:	Security
	Service Name:	-

Process:
	Process ID:	0x19b4
	Process Name:	C:\Windows\System32\dllhost.exe

Service Request Information:
	Privileges:		SeProfileSingleProcessPrivilege

Event[2956]:
  Log Name: Security
  Source: Microsoft-Windows-Security-Auditing
  Date: 2020-06-26T13:44:11.972
  Event ID: 4673
  Task: Sensitive Privilege Use
  Level: Information
  Opcode: Info
  Keyword: Audit Failure
  User: N/A
  User Name: N/A
  Computer: DESKTOP-UR71QBS
  Description: 
A privileged service was called.

Subject:
	Security ID:		S-1-5-21-999993552-654098596-4043940906-1001
	Account Name:		John
	Account Domain:		DESKTOP-UR71QBS
	Logon ID:		0x1A1C3

Service:
	Server:	Security
	Service Name:	-

Process:
	Process ID:	0x19b4
	Process Name:	C:\Windows\System32\dllhost.exe

Service Request Information:
	Privileges:		SeProfileSingleProcessPrivilege

Event[2957]:
  Log Name: Security
  Source: Microsoft-Windows-Security-Auditing
  Date: 2020-06-26T13:44:11.972
  Event ID: 4673
  Task: Sensitive Privilege Use
  Level: Information
  Opcode: Info
  Keyword: Audit Failure
  User: N/A
  User Name: N/A
  Computer: DESKTOP-UR71QBS
  Description: 
A privileged service was called.

Subject:
	Security ID:		S-1-5-21-999993552-654098596-4043940906-1001
	Account Name:		John
	Account Domain:		DESKTOP-UR71QBS
	Logon ID:		0x1A1C3

Service:
	Server:	Security
	Service Name:	-

Process:
	Process ID:	0x19b4
	Process Name:	C:\Windows\System32\dllhost.exe

Service Request Information:
	Privileges:		SeProfileSingleProcessPrivilege

Event[2958]:
  Log Name: Security
  Source: Microsoft-Windows-Security-Auditing
  Date: 2020-06-26T13:44:11.972
  Event ID: 4673
  Task: Sensitive Privilege Use
  Level: Information
  Opcode: Info
  Keyword: Audit Failure
  User: N/A
  User Name: N/A
  Computer: DESKTOP-UR71QBS
  Description: 
A privileged service was called.

Subject:
	Security ID:		S-1-5-21-999993552-654098596-4043940906-1001
	Account Name:		John
	Account Domain:		DESKTOP-UR71QBS
	Logon ID:		0x1A1C3

Service:
	Server:	Security
	Service Name:	-

Process:
	Process ID:	0x19b4
	Process Name:	C:\Windows\System32\dllhost.exe

Service Request Information:
	Privileges:		SeProfileSingleProcessPrivilege

Event[2959]:
  Log Name: Security
  Source: Microsoft-Windows-Security-Auditing
  Date: 2020-06-26T13:44:11.972
  Event ID: 4673
  Task: Sensitive Privilege Use
  Level: Information
  Opcode: Info
  Keyword: Audit Failure
  User: N/A
  User Name: N/A
  Computer: DESKTOP-UR71QBS
  Description: 
A privileged service was called.

Subject:
	Security ID:		S-1-5-21-999993552-654098596-4043940906-1001
	Account Name:		John
	Account Domain:		DESKTOP-UR71QBS
	Logon ID:		0x1A1C3

Service:
	Server:	Security
	Service Name:	-

Process:
	Process ID:	0x19b4
	Process Name:	C:\Windows\System32\dllhost.exe

Service Request Information:
	Privileges:		SeProfileSingleProcessPrivilege

Event[2960]:
  Log Name: Security
  Source: Microsoft-Windows-Security-Auditing
  Date: 2020-06-26T13:44:11.972
  Event ID: 4673
  Task: Sensitive Privilege Use
  Level: Information
  Opcode: Info
  Keyword: Audit Failure
  User: N/A
  User Name: N/A
  Computer: DESKTOP-UR71QBS
  Description: 
A privileged service was called.

Subject:
	Security ID:		S-1-5-21-999993552-654098596-4043940906-1001
	Account Name:		John
	Account Domain:		DESKTOP-UR71QBS
	Logon ID:		0x1A1C3

Service:
	Server:	Security
	Service Name:	-

Process:
	Process ID:	0x19b4
	Process Name:	C:\Windows\System32\dllhost.exe

Service Request Information:
	Privileges:		SeProfileSingleProcessPrivilege

Event[2961]:
  Log Name: Security
  Source: Microsoft-Windows-Security-Auditing
  Date: 2020-06-26T13:44:11.972
  Event ID: 4673
  Task: Sensitive Privilege Use
  Level: Information
  Opcode: Info
  Keyword: Audit Failure
  User: N/A
  User Name: N/A
  Computer: DESKTOP-UR71QBS
  Description: 
A privileged service was called.

Subject:
	Security ID:		S-1-5-21-999993552-654098596-4043940906-1001
	Account Name:		John
	Account Domain:		DESKTOP-UR71QBS
	Logon ID:		0x1A1C3

Service:
	Server:	Security
	Service Name:	-

Process:
	Process ID:	0x19b4
	Process Name:	C:\Windows\System32\dllhost.exe

Service Request Information:
	Privileges:		SeProfileSingleProcessPrivilege

Event[2962]:
  Log Name: Security
  Source: Microsoft-Windows-Security-Auditing
  Date: 2020-06-26T13:44:11.972
  Event ID: 4673
  Task: Sensitive Privilege Use
  Level: Information
  Opcode: Info
  Keyword: Audit Failure
  User: N/A
  User Name: N/A
  Computer: DESKTOP-UR71QBS
  Description: 
A privileged service was called.

Subject:
	Security ID:		S-1-5-21-999993552-654098596-4043940906-1001
	Account Name:		John
	Account Domain:		DESKTOP-UR71QBS
	Logon ID:		0x1A1C3

Service:
	Server:	Security
	Service Name:	-

Process:
	Process ID:	0x19b4
	Process Name:	C:\Windows\System32\dllhost.exe

Service Request Information:
	Privileges:		SeProfileSingleProcessPrivilege

Event[2963]:
  Log Name: Security
  Source: Microsoft-Windows-Security-Auditing
  Date: 2020-06-26T13:44:11.973
  Event ID: 4673
  Task: Sensitive Privilege Use
  Level: Information
  Opcode: Info
  Keyword: Audit Failure
  User: N/A
  User Name: N/A
  Computer: DESKTOP-UR71QBS
  Description: 
A privileged service was called.

Subject:
	Security ID:		S-1-5-21-999993552-654098596-4043940906-1001
	Account Name:		John
	Account Domain:		DESKTOP-UR71QBS
	Logon ID:		0x1A1C3

Service:
	Server:	Security
	Service Name:	-

Process:
	Process ID:	0x19b4
	Process Name:	C:\Windows\System32\dllhost.exe

Service Request Information:
	Privileges:		SeProfileSingleProcessPrivilege

Event[2964]:
