  Log Name: Security
  Source: Microsoft-Windows-Security-Auditing
  Date: 2020-06-26T13:44:11.973
  Event ID: 4673
  Task: Sensitive Privilege Use
  Level: Information
  Opcode: Info
  Keyword: Audit Failure
  User: N/A
  User Name: N/A
  Computer: DESKTOP-UR71QBS
  Description: 
A privileged service was called.

Subject:
	Security ID:		S-1-5-21-999993552-654098596-4043940906-1001
	Account Name:		John
	Account Domain:		DESKTOP-UR71QBS
	Logon ID:		0x1A1C3

Service:
	Server:	Security
	Service Name:	-

Process:
	Process ID:	0x19b4
	Process Name:	C:\Windows\System32\dllhost.exe

Service Request Information:
	Privileges:		SeProfileSingleProcessPrivilege

Event[2965]:
  Log Name: Security
  Source: Microsoft-Windows-Security-Auditing
  Date: 2020-06-26T13:44:12.733
  Event ID: 4673
  Task: Sensitive Privilege Use
  Level: Information
  Opcode: Info
  Keyword: Audit Failure
  User: N/A
  User Name: N/A
  Computer: DESKTOP-UR71QBS
  Description: 
A privileged service was called.

Subject:
	Security ID:		S-1-5-21-999993552-654098596-4043940906-1001
	Account Name:		John
	Account Domain:		DESKTOP-UR71QBS
	Logon ID:		0x1A1C3

Service:
	Server:	Security
	Service Name:	-

Process:
	Process ID:	0x16a8
	Process Name:	C:\Windows\System32\SearchIndexer.exe

Service Request Information:
	Privileges:		SeProfileSingleProcessPrivilege

Event[2966]:
  Log Name: Security
  Source: Microsoft-Windows-Security-Auditing
  Date: 2020-06-26T13:44:12.733
  Event ID: 4673
  Task: Sensitive Privilege Use
  Level: Information
  Opcode: Info
  Keyword: Audit Failure
  User: N/A
  User Name: N/A
  Computer: DESKTOP-UR71QBS
  Description: 
A privileged service was called.

Subject:
	Security ID:		S-1-5-21-999993552-654098596-4043940906-1001
	Account Name:		John
	Account Domain:		DESKTOP-UR71QBS
	Logon ID:		0x1A1C3

Service:
	Server:	Security
	Service Name:	-

Process:
	Process ID:	0x16a8
	Process Name:	C:\Windows\System32\SearchIndexer.exe

Service Request Information:
	Privileges:		SeProfileSingleProcessPrivilege

Event[2967]:
  Log Name: Security
  Source: Microsoft-Windows-Security-Auditing
  Date: 2020-06-26T13:44:12.733
  Event ID: 4673
  Task: Sensitive Privilege Use
  Level: Information
  Opcode: Info
  Keyword: Audit Failure
  User: N/A
  User Name: N/A
  Computer: DESKTOP-UR71QBS
  Description: 
A privileged service was called.

Subject:
	Security ID:		S-1-5-21-999993552-654098596-4043940906-1001
	Account Name:		John
	Account Domain:		DESKTOP-UR71QBS
	Logon ID:		0x1A1C3

Service:
	Server:	Security
	Service Name:	-

Process:
	Process ID:	0x16a8
	Process Name:	C:\Windows\System32\SearchIndexer.exe

Service Request Information:
	Privileges:		SeProfileSingleProcessPrivilege

Event[2968]:
  Log Name: Security
  Source: Microsoft-Windows-Security-Auditing
  Date: 2020-06-26T13:44:12.733
  Event ID: 4673
  Task: Sensitive Privilege Use
  Level: Information
  Opcode: Info
  Keyword: Audit Failure
  User: N/A
  User Name: N/A
  Computer: DESKTOP-UR71QBS
  Description: 
A privileged service was called.

Subject:
	Security ID:		S-1-5-21-999993552-654098596-4043940906-1001
	Account Name:		John
	Account Domain:		DESKTOP-UR71QBS
	Logon ID:		0x1A1C3

Service:
	Server:	Security
	Service Name:	-

Process:
	Process ID:	0x16a8
	Process Name:	C:\Windows\System32\SearchIndexer.exe

Service Request Information:
	Privileges:		SeProfileSingleProcessPrivilege

Event[2969]:
  Log Name: Security
  Source: Microsoft-Windows-Security-Auditing
  Date: 2020-06-26T13:44:12.734
  Event ID: 4673
  Task: Sensitive Privilege Use
  Level: Information
  Opcode: Info
  Keyword: Audit Failure
  User: N/A
  User Name: N/A
  Computer: DESKTOP-UR71QBS
  Description: 
A privileged service was called.

Subject:
	Security ID:		S-1-5-21-999993552-654098596-4043940906-1001
	Account Name:		John
	Account Domain:		DESKTOP-UR71QBS
	Logon ID:		0x1A1C3

Service:
	Server:	Security
	Service Name:	-

Process:
	Process ID:	0x177c
	Process Name:	C:\Windows\System32\RuntimeBroker.exe

Service Request Information:
	Privileges:		SeTcbPrivilege

Event[2970]:
  Log Name: Security
  Source: Microsoft-Windows-Security-Auditing
  Date: 2020-06-26T13:44:13.169
  Event ID: 4673
  Task: Sensitive Privilege Use
  Level: Information
  Opcode: Info
  Keyword: Audit Failure
  User: N/A
  User Name: N/A
  Computer: DESKTOP-UR71QBS
  Description: 
A privileged service was called.

Subject:
	Security ID:		S-1-5-21-999993552-654098596-4043940906-1001
	Account Name:		John
	Account Domain:		DESKTOP-UR71QBS
	Logon ID:		0x1A1C3

Service:
	Server:	Security
	Service Name:	-

Process:
	Process ID:	0x2040
	Process Name:	C:\Windows\SysWOW64\runonce.exe

Service Request Information:
	Privileges:		SeProfileSingleProcessPrivilege

Event[2971]:
  Log Name: Security
  Source: Microsoft-Windows-Security-Auditing
  Date: 2020-06-26T13:44:13.173
  Event ID: 4673
  Task: Sensitive Privilege Use
  Level: Information
  Opcode: Info
  Keyword: Audit Failure
  User: N/A
  User Name: N/A
  Computer: DESKTOP-UR71QBS
  Description: 
A privileged service was called.

Subject:
	Security ID:		S-1-5-21-999993552-654098596-4043940906-1001
	Account Name:		John
	Account Domain:		DESKTOP-UR71QBS
	Logon ID:		0x1A1C3

Service:
	Server:	Security
	Service Name:	-

Process:
	Process ID:	0x2040
	Process Name:	C:\Windows\SysWOW64\runonce.exe

Service Request Information:
	Privileges:		SeProfileSingleProcessPrivilege

Event[2972]:
  Log Name: Security
  Source: Microsoft-Windows-Security-Auditing
  Date: 2020-06-26T13:44:13.276
  Event ID: 4673
  Task: Sensitive Privilege Use
  Level: Information
  Opcode: Info
  Keyword: Audit Failure
  User: N/A
  User Name: N/A
  Computer: DESKTOP-UR71QBS
  Description: 
A privileged service was called.

Subject:
	Security ID:		S-1-5-21-999993552-654098596-4043940906-1001
	Account Name:		John
	Account Domain:		DESKTOP-UR71QBS
	Logon ID:		0x1A1C3

Service:
	Server:	Security
	Service Name:	-

Process:
	Process ID:	0x16a8
	Process Name:	C:\Windows\System32\SearchIndexer.exe

Service Request Information:
	Privileges:		SeProfileSingleProcessPrivilege

Event[2973]:
  Log Name: Security
  Source: Microsoft-Windows-Security-Auditing
  Date: 2020-06-26T13:44:13.883
  Event ID: 4673
  Task: Sensitive Privilege Use
  Level: Information
  Opcode: Info
  Keyword: Audit Failure
  User: N/A
  User Name: N/A
  Computer: DESKTOP-UR71QBS
  Description: 
A privileged service was called.

Subject:
	Security ID:		S-1-5-21-999993552-654098596-4043940906-1001
	Account Name:		John
	Account Domain:		DESKTOP-UR71QBS
	Logon ID:		0x1A1C3

Service:
	Server:	Security
	Service Name:	-

Process:
	Process ID:	0x207c
	Process Name:	C:\Program Files (x86)\Common Files\Java\Java Update\jusched.exe

Service Request Information:
	Privileges:		SeProfileSingleProcessPrivilege

Event[2974]:
  Log Name: Security
  Source: Microsoft-Windows-Security-Auditing
  Date: 2020-06-26T13:44:13.884
  Event ID: 4673
  Task: Sensitive Privilege Use
  Level: Information
  Opcode: Info
  Keyword: Audit Failure
  User: N/A
  User Name: N/A
  Computer: DESKTOP-UR71QBS
  Description: 
A privileged service was called.

Subject:
	Security ID:		S-1-5-21-999993552-654098596-4043940906-1001
	Account Name:		John
	Account Domain:		DESKTOP-UR71QBS
	Logon ID:		0x1A1C3

Service:
	Server:	Security
	Service Name:	-

Process:
	Process ID:	0x207c
	Process Name:	C:\Program Files (x86)\Common Files\Java\Java Update\jusched.exe

Service Request Information:
	Privileges:		SeProfileSingleProcessPrivilege

Event[2975]:
  Log Name: Security
  Source: Microsoft-Windows-Security-Auditing
  Date: 2020-06-26T13:44:16.671
  Event ID: 4673
  Task: Sensitive Privilege Use
  Level: Information
  Opcode: Info
  Keyword: Audit Failure
  User: N/A
  User Name: N/A
  Computer: DESKTOP-UR71QBS
  Description: 
A privileged service was called.

Subject:
	Security ID:		S-1-5-21-999993552-654098596-4043940906-1001
	Account Name:		John
	Account Domain:		DESKTOP-UR71QBS
	Logon ID:		0x1A1C3

Service:
	Server:	Security
	Service Name:	-

Process:
	Process ID:	0x19b4
	Process Name:	C:\Windows\System32\dllhost.exe

Service Request Information:
	Privileges:		SeProfileSingleProcessPrivilege

Event[2976]:
  Log Name: Security
  Source: Microsoft-Windows-Security-Auditing
  Date: 2020-06-26T13:44:16.671
  Event ID: 4673
  Task: Sensitive Privilege Use
  Level: Information
  Opcode: Info
  Keyword: Audit Failure
  User: N/A
  User Name: N/A
  Computer: DESKTOP-UR71QBS
  Description: 
A privileged service was called.

Subject:
	Security ID:		S-1-5-21-999993552-654098596-4043940906-1001
	Account Name:		John
	Account Domain:		DESKTOP-UR71QBS
	Logon ID:		0x1A1C3

Service:
	Server:	Security
	Service Name:	-

Process:
	Process ID:	0x19b4
	Process Name:	C:\Windows\System32\dllhost.exe

Service Request Information:
	Privileges:		SeProfileSingleProcessPrivilege

Event[2977]:
  Log Name: Security
  Source: Microsoft-Windows-Security-Auditing
  Date: 2020-06-26T13:44:17.158
  Event ID: 4673
  Task: Sensitive Privilege Use
  Level: Information
  Opcode: Info
  Keyword: Audit Success
  User: N/A
  User Name: N/A
  Computer: DESKTOP-UR71QBS
  Description: 
A privileged service was called.

Subject:
	Security ID:		S-1-5-18
	Account Name:		DESKTOP-UR71QBS$
	Account Domain:		WORKGROUP
	Logon ID:		0x3E7

Service:
	Server:	NT Local Security Authority / Authentication Service
	Service Name:	LsaRegisterLogonProcess()

Process:
	Process ID:	0x280
	Process Name:	C:\Windows\System32\lsass.exe

Service Request Information:
	Privileges:		SeTcbPrivilege

Event[2978]:
  Log Name: Security
  Source: Microsoft-Windows-Security-Auditing
  Date: 2020-06-26T13:44:17.226
  Event ID: 4673
  Task: Sensitive Privilege Use
  Level: Information
  Opcode: Info
  Keyword: Audit Failure
  User: N/A
  User Name: N/A
  Computer: DESKTOP-UR71QBS
  Description: 
A privileged service was called.

Subject:
	Security ID:		S-1-5-21-999993552-654098596-4043940906-1001
	Account Name:		John
	Account Domain:		DESKTOP-UR71QBS
	Logon ID:		0x1A155

Service:
	Server:	Security
	Service Name:	-

Process:
	Process ID:	0x4b0
	Process Name:	C:\Windows\System32\svchost.exe

Service Request Information:
	Privileges:		SeTcbPrivilege

Event[2979]:
  Log Name: Security
  Source: Microsoft-Windows-Security-Auditing
  Date: 2020-06-26T13:44:17.234
  Event ID: 4673
  Task: Sensitive Privilege Use
  Level: Information
  Opcode: Info
  Keyword: Audit Success
  User: N/A
  User Name: N/A
  Computer: DESKTOP-UR71QBS
  Description: 
A privileged service was called.

Subject:
	Security ID:		S-1-5-18
	Account Name:		DESKTOP-UR71QBS$
	Account Domain:		WORKGROUP
	Logon ID:		0x3E7

Service:
	Server:	NT Local Security Authority / Authentication Service
	Service Name:	LsaRegisterLogonProcess()

Process:
	Process ID:	0x280
	Process Name:	C:\Windows\System32\lsass.exe

Service Request Information:
	Privileges:		SeTcbPrivilege

Event[2980]:
  Log Name: Security
  Source: Microsoft-Windows-Security-Auditing
  Date: 2020-06-26T13:44:17.251
  Event ID: 4673
  Task: Sensitive Privilege Use
  Level: Information
  Opcode: Info
  Keyword: Audit Failure
  User: N/A
  User Name: N/A
  Computer: DESKTOP-UR71QBS
  Description: 
A privileged service was called.

Subject:
	Security ID:		S-1-5-21-999993552-654098596-4043940906-1001
	Account Name:		John
	Account Domain:		DESKTOP-UR71QBS
	Logon ID:		0x1A155

Service:
	Server:	Security
	Service Name:	-

Process:
	Process ID:	0x4b0
	Process Name:	C:\Windows\System32\svchost.exe

Service Request Information:
	Privileges:		SeTcbPrivilege

Event[2981]:
  Log Name: Security
  Source: Microsoft-Windows-Security-Auditing
  Date: 2020-06-26T13:44:17.524
  Event ID: 4673
  Task: Sensitive Privilege Use
  Level: Information
  Opcode: Info
  Keyword: Audit Success
  User: N/A
  User Name: N/A
  Computer: DESKTOP-UR71QBS
  Description: 
A privileged service was called.

Subject:
	Security ID:		S-1-5-21-999993552-654098596-4043940906-1001
	Account Name:		John
	Account Domain:		DESKTOP-UR71QBS
	Logon ID:		0x1A155

Service:
	Server:	Security
	Service Name:	-

Process:
	Process ID:	0x2120
	Process Name:	C:\Windows\System32\mmc.exe

Service Request Information:
	Privileges:		SeCreateGlobalPrivilege

Event[2982]:
  Log Name: Security
  Source: Microsoft-Windows-Security-Auditing
  Date: 2020-06-26T13:44:19.777
  Event ID: 4673
  Task: Sensitive Privilege Use
  Level: Information
  Opcode: Info
  Keyword: Audit Failure
  User: N/A
  User Name: N/A
  Computer: DESKTOP-UR71QBS
  Description: 
A privileged service was called.

Subject:
	Security ID:		S-1-5-21-999993552-654098596-4043940906-1001
	Account Name:		John
	Account Domain:		DESKTOP-UR71QBS
	Logon ID:		0x1A1C3

Service:
	Server:	Security
	Service Name:	-

Process:
	Process ID:	0x8e0
	Process Name:	C:\Windows\System32\taskhostw.exe

Service Request Information:
	Privileges:		SeProfileSingleProcessPrivilege

Event[2983]:
  Log Name: Security
  Source: Microsoft-Windows-Security-Auditing
  Date: 2020-06-26T13:44:38.244
  Event ID: 4673
  Task: Sensitive Privilege Use
  Level: Information
  Opcode: Info
  Keyword: Audit Failure
  User: N/A
  User Name: N/A
  Computer: DESKTOP-UR71QBS
  Description: 
A privileged service was called.

Subject:
	Security ID:		S-1-5-21-999993552-654098596-4043940906-1001
	Account Name:		John
	Account Domain:		DESKTOP-UR71QBS
	Logon ID:		0x1A1C3

Service:
	Server:	Security
	Service Name:	-

Process:
	Process ID:	0x2208
	Process Name:	C:\Windows\System32\wlrmdr.exe

Service Request Information:
	Privileges:		SeProfileSingleProcessPrivilege

Event[2984]:
  Log Name: Security
  Source: Microsoft-Windows-Security-Auditing
  Date: 2020-06-26T13:44:45.526
  Event ID: 4673
  Task: Sensitive Privilege Use
  Level: Information
  Opcode: Info
  Keyword: Audit Success
  User: N/A
  User Name: N/A
  Computer: DESKTOP-UR71QBS
  Description: 
A privileged service was called.

Subject:
	Security ID:		S-1-5-21-999993552-654098596-4043940906-1001
	Account Name:		John
	Account Domain:		DESKTOP-UR71QBS
	Logon ID:		0x1A155

Service:
	Server:	Security
	Service Name:	-

Process:
	Process ID:	0x2120
	Process Name:	C:\Windows\System32\mmc.exe

Service Request Information:
	Privileges:		SeCreateGlobalPrivilege

Event[2985]:
  Log Name: Security
  Source: Microsoft-Windows-Security-Auditing
  Date: 2020-06-26T13:44:54.047
  Event ID: 5140
  Task: File Share
  Level: Information
  Opcode: Info
  Keyword: Audit Success
  User: N/A
  User Name: N/A
  Computer: DESKTOP-UR71QBS
  Description: 
A network share object was accessed.
	
Subject:
	Security ID:		S-1-5-21-999993552-654098596-4043940906-1002
	Account Name:		evilhacker
	Account Domain:		DESKTOP-UR71QBS
	Logon ID:		0x4E7A7

Network Information:	
	Object Type:		File
	Source Address:		192.168.77.1
	Source Port:		50037
	
Share Information:
	Share Name:		\\*\IPC$
	Share Path:		

Access Request Information:
	Access Mask:		0x1
	Accesses:		ReadData (or ListDirectory)
				


Event[2986]:
  Log Name: Security
  Source: Microsoft-Windows-Security-Auditing
  Date: 2020-06-26T13:44:54.064
  Event ID: 5140
  Task: File Share
  Level: Information
  Opcode: Info
  Keyword: Audit Success
  User: N/A
  User Name: N/A
  Computer: DESKTOP-UR71QBS
  Description: 
A network share object was accessed.
	
Subject:
	Security ID:		S-1-5-18
	Account Name:		DESKTOP-UR71QBS$
	Account Domain:		WORKGROUP
	Logon ID:		0x3E7

Network Information:	
	Object Type:		File
	Source Address:		192.168.77.131
	Source Port:		49705
	
Share Information:
	Share Name:		\\*\IPC$
	Share Path:		

Access Request Information:
	Access Mask:		0x1
	Accesses:		ReadData (or ListDirectory)
				


Event[2987]:
  Log Name: Security
  Source: Microsoft-Windows-Security-Auditing
  Date: 2020-06-26T13:44:56.575
  Event ID: 4663
  Task: File System
  Level: Information
  Opcode: Info
  Keyword: Audit Success
  User: N/A
  User Name: N/A
  Computer: DESKTOP-UR71QBS
  Description: 
An attempt was made to access an object.

Subject:
	Security ID:		S-1-5-21-999993552-654098596-4043940906-1002
	Account Name:		evilhacker
	Account Domain:		DESKTOP-UR71QBS
	Logon ID:		0x4E7A7

Object:
	Object Server:		Security
	Object Type:		File
	Object Name:		C:\SharedFiles\CorporatePlans\productupgrades.xlsx
	Handle ID:		0x15a4
	Resource Attributes:	S:AI

Process Information:
	Process ID:		0x4
	Process Name:		

Access Request Information:
	Accesses:		READ_CONTROL
				
	Access Mask:		0x20000

Event[2988]:
  Log Name: Security
  Source: Microsoft-Windows-Security-Auditing
  Date: 2020-06-26T13:44:56.576
  Event ID: 4663
  Task: File System
  Level: Information
  Opcode: Info
  Keyword: Audit Success
  User: N/A
  User Name: N/A
  Computer: DESKTOP-UR71QBS
  Description: 
An attempt was made to access an object.

Subject:
	Security ID:		S-1-5-21-999993552-654098596-4043940906-1002
	Account Name:		evilhacker
	Account Domain:		DESKTOP-UR71QBS
	Logon ID:		0x4E7A7

Object:
	Object Server:		Security
	Object Type:		File
	Object Name:		C:\SharedFiles\CorporatePlans\productupgrades.xlsx
	Handle ID:		0x15a4
	Resource Attributes:	S:AI

Process Information:
	Process ID:		0x4
	Process Name:		

Access Request Information:
	Accesses:		ReadData (or ListDirectory)
				
	Access Mask:		0x1

Event[2989]:
  Log Name: Security
  Source: Microsoft-Windows-Security-Auditing
  Date: 2020-06-26T13:44:57.551
  Event ID: 4663
  Task: File System
  Level: Information
  Opcode: Info
  Keyword: Audit Success
  User: N/A
  User Name: N/A
  Computer: DESKTOP-UR71QBS
  Description: 
An attempt was made to access an object.

Subject:
	Security ID:		S-1-5-21-999993552-654098596-4043940906-1002
	Account Name:		evilhacker
	Account Domain:		DESKTOP-UR71QBS
	Logon ID:		0x4E7A7

Object:
	Object Server:		Security
	Object Type:		File
	Object Name:		C:\SharedFiles\CorporatePlans\productupgrades.xlsx
	Handle ID:		0x3230
	Resource Attributes:	S:AI

Process Information:
	Process ID:		0x4
	Process Name:		

Access Request Information:
	Accesses:		READ_CONTROL
				
	Access Mask:		0x20000

Event[2990]:
  Log Name: Security
  Source: Microsoft-Windows-Security-Auditing
  Date: 2020-06-26T13:44:57.552
  Event ID: 4663
  Task: File System
  Level: Information
  Opcode: Info
  Keyword: Audit Success
  User: N/A
  User Name: N/A
  Computer: DESKTOP-UR71QBS
  Description: 
An attempt was made to access an object.

Subject:
	Security ID:		S-1-5-21-999993552-654098596-4043940906-1002
	Account Name:		evilhacker
	Account Domain:		DESKTOP-UR71QBS
	Logon ID:		0x4E7A7

Object:
	Object Server:		Security
	Object Type:		File
	Object Name:		C:\SharedFiles\CorporatePlans\productupgrades.xlsx
	Handle ID:		0x2fcc
	Resource Attributes:	S:AI

Process Information:
	Process ID:		0x4
	Process Name:		

Access Request Information:
	Accesses:		READ_CONTROL
				
	Access Mask:		0x20000

Event[2991]:
  Log Name: Security
  Source: Microsoft-Windows-Security-Auditing
  Date: 2020-06-26T13:44:57.554
  Event ID: 4663
  Task: File System
  Level: Information
  Opcode: Info
  Keyword: Audit Success
  User: N/A
  User Name: N/A
  Computer: DESKTOP-UR71QBS
  Description: 
An attempt was made to access an object.

Subject:
	Security ID:		S-1-5-21-999993552-654098596-4043940906-1002
	Account Name:		evilhacker
	Account Domain:		DESKTOP-UR71QBS
	Logon ID:		0x4E7A7

Object:
	Object Server:		Security
	Object Type:		File
	Object Name:		C:\SharedFiles\CorporatePlans\productupgrades.xlsx
	Handle ID:		0x2fcc
	Resource Attributes:	S:AI

Process Information:
	Process ID:		0x4
	Process Name:		

Access Request Information:
	Accesses:		ReadData (or ListDirectory)
				
	Access Mask:		0x1

Event[2992]:
  Log Name: Security
  Source: Microsoft-Windows-Security-Auditing
  Date: 2020-06-26T13:44:57.560
  Event ID: 4663
  Task: File System
  Level: Information
  Opcode: Info
  Keyword: Audit Success
  User: N/A
  User Name: N/A
  Computer: DESKTOP-UR71QBS
  Description: 
An attempt was made to access an object.

Subject:
	Security ID:		S-1-5-21-999993552-654098596-4043940906-1002
	Account Name:		evilhacker
	Account Domain:		DESKTOP-UR71QBS
	Logon ID:		0x4E7A7

Object:
	Object Server:		Security
	Object Type:		File
	Object Name:		C:\SharedFiles\CorporatePlans\productupgrades.xlsx
	Handle ID:		0x32d0
	Resource Attributes:	S:AI

Process Information:
	Process ID:		0x4
	Process Name:		

Access Request Information:
	Accesses:		READ_CONTROL
				
	Access Mask:		0x20000

Event[2993]:
  Log Name: Security
  Source: Microsoft-Windows-Security-Auditing
  Date: 2020-06-26T13:44:57.562
  Event ID: 4663
  Task: File System
  Level: Information
  Opcode: Info
  Keyword: Audit Success
  User: N/A
  User Name: N/A
  Computer: DESKTOP-UR71QBS
  Description: 
An attempt was made to access an object.

Subject:
	Security ID:		S-1-5-21-999993552-654098596-4043940906-1002
	Account Name:		evilhacker
	Account Domain:		DESKTOP-UR71QBS
	Logon ID:		0x4E7A7

Object:
	Object Server:		Security
	Object Type:		File
	Object Name:		C:\SharedFiles\CorporatePlans\productupgrades.xlsx
	Handle ID:		0x32d0
	Resource Attributes:	S:AI

Process Information:
	Process ID:		0x4
	Process Name:		

Access Request Information:
	Accesses:		ReadData (or ListDirectory)
				
	Access Mask:		0x1

Event[2994]:
  Log Name: Security
  Source: Microsoft-Windows-Security-Auditing
  Date: 2020-06-26T13:44:58.648
  Event ID: 4663
  Task: File System
  Level: Information
  Opcode: Info
  Keyword: Audit Success
  User: N/A
  User Name: N/A
  Computer: DESKTOP-UR71QBS
  Description: 
An attempt was made to access an object.

Subject:
	Security ID:		S-1-5-21-999993552-654098596-4043940906-1002
	Account Name:		evilhacker
	Account Domain:		DESKTOP-UR71QBS
	Logon ID:		0x4E7A7

Object:
	Object Server:		Security
	Object Type:		File
	Object Name:		C:\SharedFiles\CorporatePlans\productupgrades.xlsx
	Handle ID:		0x1e70
	Resource Attributes:	S:AI

Process Information:
	Process ID:		0x4
	Process Name:		

Access Request Information:
	Accesses:		ReadAttributes
				
	Access Mask:		0x80

Event[2995]:
  Log Name: Security
  Source: Microsoft-Windows-Security-Auditing
  Date: 2020-06-26T13:44:58.716
  Event ID: 4663
  Task: File System
  Level: Information
  Opcode: Info
  Keyword: Audit Success
  User: N/A
  User Name: N/A
  Computer: DESKTOP-UR71QBS
  Description: 
An attempt was made to access an object.

Subject:
	Security ID:		S-1-5-21-999993552-654098596-4043940906-1002
	Account Name:		evilhacker
	Account Domain:		DESKTOP-UR71QBS
	Logon ID:		0x4E7A7

Object:
	Object Server:		Security
	Object Type:		File
	Object Name:		C:\SharedFiles\CorporatePlans\productupgrades.xlsx
	Handle ID:		0x1e70
	Resource Attributes:	S:AI

Process Information:
	Process ID:		0x4
	Process Name:		

Access Request Information:
	Accesses:		ReadAttributes
				
	Access Mask:		0x80

Event[2996]:
  Log Name: Security
  Source: Microsoft-Windows-Security-Auditing
  Date: 2020-06-26T13:45:11.583
  Event ID: 4673
  Task: Sensitive Privilege Use
  Level: Information
  Opcode: Info
  Keyword: Audit Failure
  User: N/A
  User Name: N/A
  Computer: DESKTOP-UR71QBS
  Description: 
A privileged service was called.

Subject:
	Security ID:		S-1-5-19
	Account Name:		LOCAL SERVICE
	Account Domain:		NT AUTHORITY
	Logon ID:		0x3E5

Service:
	Server:	Security
	Service Name:	-

Process:
	Process ID:	0xee4
	Process Name:	C:\Windows\System32\svchost.exe

Service Request Information:
	Privileges:		SeTcbPrivilege

Event[2997]:
  Log Name: Security
  Source: Microsoft-Windows-Security-Auditing
  Date: 2020-06-26T13:45:13.629
  Event ID: 4673
  Task: Sensitive Privilege Use
  Level: Information
  Opcode: Info
  Keyword: Audit Failure
  User: N/A
  User Name: N/A
  Computer: DESKTOP-UR71QBS
  Description: 
A privileged service was called.

Subject:
	Security ID:		S-1-5-21-999993552-654098596-4043940906-1001
	Account Name:		John
	Account Domain:		DESKTOP-UR71QBS
	Logon ID:		0x1A1C3

Service:
	Server:	Security
	Service Name:	-

Process:
	Process ID:	0x348
	Process Name:	C:\Windows\System32\svchost.exe

Service Request Information:
	Privileges:		SeTcbPrivilege

Event[2998]:
  Log Name: Security
  Source: Microsoft-Windows-Security-Auditing
  Date: 2020-06-26T13:45:13.643
  Event ID: 4673
  Task: Sensitive Privilege Use
  Level: Information
  Opcode: Info
  Keyword: Audit Failure
  User: N/A
  User Name: N/A
  Computer: DESKTOP-UR71QBS
  Description: 
A privileged service was called.

Subject:
	Security ID:		S-1-5-21-999993552-654098596-4043940906-1001
	Account Name:		John
	Account Domain:		DESKTOP-UR71QBS
	Logon ID:		0x1A1C3

Service:
	Server:	Security
	Service Name:	-

Process:
	Process ID:	0x348
	Process Name:	C:\Windows\System32\svchost.exe

Service Request Information:
	Privileges:		SeTcbPrivilege

Event[2999]:
  Log Name: Security
  Source: Microsoft-Windows-Security-Auditing
  Date: 2020-06-26T13:45:13.661
  Event ID: 4673
  Task: Sensitive Privilege Use
  Level: Information
  Opcode: Info
  Keyword: Audit Failure
  User: N/A
  User Name: N/A
  Computer: DESKTOP-UR71QBS
  Description: 
A privileged service was called.

Subject:
	Security ID:		S-1-5-21-999993552-654098596-4043940906-1001
	Account Name:		John
	Account Domain:		DESKTOP-UR71QBS
	Logon ID:		0x1A1C3

Service:
	Server:	Security
	Service Name:	-

Process:
	Process ID:	0x348
	Process Name:	C:\Windows\System32\svchost.exe

Service Request Information:
	Privileges:		SeTcbPrivilege

Event[3000]:
  Log Name: Security
  Source: Microsoft-Windows-Security-Auditing
  Date: 2020-06-26T13:45:13.668
  Event ID: 4673
  Task: Sensitive Privilege Use
  Level: Information
  Opcode: Info
  Keyword: Audit Failure
  User: N/A
  User Name: N/A
  Computer: DESKTOP-UR71QBS
  Description: 
A privileged service was called.

Subject:
	Security ID:		S-1-5-21-999993552-654098596-4043940906-1001
	Account Name:		John
	Account Domain:		DESKTOP-UR71QBS
	Logon ID:		0x1A1C3

Service:
	Server:	Security
	Service Name:	-

Process:
	Process ID:	0x348
	Process Name:	C:\Windows\System32\svchost.exe

Service Request Information:
	Privileges:		SeTcbPrivilege

Event[3001]:
  Log Name: Security
  Source: Microsoft-Windows-Security-Auditing
  Date: 2020-06-26T13:45:13.673
  Event ID: 4673
  Task: Sensitive Privilege Use
  Level: Information
  Opcode: Info
  Keyword: Audit Failure
  User: N/A
  User Name: N/A
  Computer: DESKTOP-UR71QBS
  Description: 
A privileged service was called.

Subject:
	Security ID:		S-1-5-21-999993552-654098596-4043940906-1001
	Account Name:		John
	Account Domain:		DESKTOP-UR71QBS
	Logon ID:		0x1A1C3

Service:
	Server:	Security
	Service Name:	-

Process:
	Process ID:	0x2328
	Process Name:	C:\Windows\System32\backgroundTaskHost.exe

Service Request Information:
	Privileges:		SeProfileSingleProcessPrivilege

Event[3002]:
  Log Name: Security
  Source: Microsoft-Windows-Security-Auditing
  Date: 2020-06-26T13:45:13.675
  Event ID: 4673
  Task: Sensitive Privilege Use
  Level: Information
  Opcode: Info
  Keyword: Audit Failure
  User: N/A
  User Name: N/A
  Computer: DESKTOP-UR71QBS
  Description: 
A privileged service was called.

Subject:
	Security ID:		S-1-5-21-999993552-654098596-4043940906-1001
	Account Name:		John
	Account Domain:		DESKTOP-UR71QBS
	Logon ID:		0x1A1C3

Service:
	Server:	Security
	Service Name:	-

Process:
	Process ID:	0x2308
	Process Name:	C:\Windows\System32\backgroundTaskHost.exe

Service Request Information:
	Privileges:		SeProfileSingleProcessPrivilege

Event[3003]:
  Log Name: Security
  Source: Microsoft-Windows-Security-Auditing
  Date: 2020-06-26T13:45:13.679
  Event ID: 4673
  Task: Sensitive Privilege Use
  Level: Information
  Opcode: Info
  Keyword: Audit Failure
  User: N/A
  User Name: N/A
  Computer: DESKTOP-UR71QBS
  Description: 
A privileged service was called.

Subject:
	Security ID:		S-1-5-21-999993552-654098596-4043940906-1001
	Account Name:		John
	Account Domain:		DESKTOP-UR71QBS
	Logon ID:		0x1A1C3

Service:
	Server:	Security
	Service Name:	-

Process:
	Process ID:	0x2340
	Process Name:	C:\Program Files\WindowsApps\microsoft.windowscommunicationsapps_16005.12827.20400.0_x64__8wekyb3d8bbwe\HxTsr.exe

Service Request Information:
	Privileges:		SeProfileSingleProcessPrivilege

Event[3004]:
  Log Name: Security
  Source: Microsoft-Windows-Security-Auditing
  Date: 2020-06-26T13:45:13.679
  Event ID: 4673
  Task: Sensitive Privilege Use
  Level: Information
  Opcode: Info
  Keyword: Audit Failure
  User: N/A
  User Name: N/A
  Computer: DESKTOP-UR71QBS
  Description: 
A privileged service was called.

Subject:
	Security ID:		S-1-5-21-999993552-654098596-4043940906-1001
	Account Name:		John
	Account Domain:		DESKTOP-UR71QBS
	Logon ID:		0x1A1C3

Service:
	Server:	Security
	Service Name:	-

Process:
	Process ID:	0x22e8
	Process Name:	C:\Windows\System32\backgroundTaskHost.exe

Service Request Information:
	Privileges:		SeProfileSingleProcessPrivilege

Event[3005]:
  Log Name: Security
  Source: Microsoft-Windows-Security-Auditing
  Date: 2020-06-26T13:45:13.850
  Event ID: 4673
  Task: Sensitive Privilege Use
  Level: Information
  Opcode: Info
  Keyword: Audit Failure
  User: N/A
  User Name: N/A
  Computer: DESKTOP-UR71QBS
  Description: 
A privileged service was called.

Subject:
	Security ID:		S-1-5-21-999993552-654098596-4043940906-1001
	Account Name:		John
	Account Domain:		DESKTOP-UR71QBS
	Logon ID:		0x1A1C3

Service:
	Server:	Security
	Service Name:	-

Process:
	Process ID:	0x348
	Process Name:	C:\Windows\System32\svchost.exe

Service Request Information:
	Privileges:		SeTcbPrivilege

Event[3006]:
  Log Name: Security
  Source: Microsoft-Windows-Security-Auditing
  Date: 2020-06-26T13:45:13.858
  Event ID: 4673
  Task: Sensitive Privilege Use
  Level: Information
  Opcode: Info
  Keyword: Audit Failure
  User: N/A
  User Name: N/A
  Computer: DESKTOP-UR71QBS
  Description: 
A privileged service was called.

Subject:
	Security ID:		S-1-5-21-999993552-654098596-4043940906-1001
	Account Name:		John
	Account Domain:		DESKTOP-UR71QBS
	Logon ID:		0x1A1C3

Service:
	Server:	Security
	Service Name:	-

Process:
	Process ID:	0x23c0
	Process Name:	C:\Windows\System32\backgroundTaskHost.exe

Service Request Information:
	Privileges:		SeProfileSingleProcessPrivilege

Event[3007]:
  Log Name: Security
  Source: Microsoft-Windows-Security-Auditing
  Date: 2020-06-26T13:45:14.022
  Event ID: 4673
  Task: Sensitive Privilege Use
  Level: Information
  Opcode: Info
  Keyword: Audit Failure
  User: N/A
  User Name: N/A
  Computer: DESKTOP-UR71QBS
  Description: 
A privileged service was called.

Subject:
	Security ID:		S-1-5-21-999993552-654098596-4043940906-1001
	Account Name:		John
	Account Domain:		DESKTOP-UR71QBS
	Logon ID:		0x1A1C3

Service:
	Server:	Security
	Service Name:	-

Process:
	Process ID:	0x23fc
	Process Name:	C:\Windows\System32\RuntimeBroker.exe

Service Request Information:
	Privileges:		SeProfileSingleProcessPrivilege

Event[3008]:
  Log Name: Security
  Source: Microsoft-Windows-Security-Auditing
  Date: 2020-06-26T13:45:14.326
  Event ID: 4673
  Task: Sensitive Privilege Use
  Level: Information
  Opcode: Info
  Keyword: Audit Failure
  User: N/A
  User Name: N/A
  Computer: DESKTOP-UR71QBS
  Description: 
A privileged service was called.

Subject:
	Security ID:		S-1-5-21-999993552-654098596-4043940906-1001
	Account Name:		John
	Account Domain:		DESKTOP-UR71QBS
	Logon ID:		0x1A1C3

Service:
	Server:	Security
	Service Name:	-

Process:
	Process ID:	0x1880
	Process Name:	C:\Windows\System32\RuntimeBroker.exe

Service Request Information:
	Privileges:		SeProfileSingleProcessPrivilege

Event[3009]:
  Log Name: Security
  Source: Microsoft-Windows-Security-Auditing
  Date: 2020-06-26T13:45:14.692
  Event ID: 4673
  Task: Sensitive Privilege Use
  Level: Information
  Opcode: Info
  Keyword: Audit Failure
  User: N/A
  User Name: N/A
  Computer: DESKTOP-UR71QBS
  Description: 
A privileged service was called.

Subject:
	Security ID:		S-1-5-21-999993552-654098596-4043940906-1001
	Account Name:		John
	Account Domain:		DESKTOP-UR71QBS
	Logon ID:		0x1A1C3

Service:
	Server:	Security
	Service Name:	-

Process:
	Process ID:	0x204c
	Process Name:	C:\Windows\System32\RuntimeBroker.exe

Service Request Information:
	Privileges:		SeProfileSingleProcessPrivilege

Event[3010]:
  Log Name: Security
  Source: Microsoft-Windows-Security-Auditing
  Date: 2020-06-26T13:45:14.972
  Event ID: 4673
  Task: Sensitive Privilege Use
  Level: Information
  Opcode: Info
  Keyword: Audit Failure
  User: N/A
  User Name: N/A
  Computer: DESKTOP-UR71QBS
  Description: 
A privileged service was called.

Subject:
	Security ID:		S-1-5-21-999993552-654098596-4043940906-1001
	Account Name:		John
	Account Domain:		DESKTOP-UR71QBS
	Logon ID:		0x1A1C3

Service:
	Server:	Security
	Service Name:	-

Process:
	Process ID:	0x20b4
	Process Name:	C:\Windows\System32\svchost.exe

Service Request Information:
	Privileges:		SeTcbPrivilege

Event[3011]:
  Log Name: Security
  Source: Microsoft-Windows-Security-Auditing
  Date: 2020-06-26T13:45:15.034
  Event ID: 4673
  Task: Sensitive Privilege Use
  Level: Information
  Opcode: Info
  Keyword: Audit Failure
  User: N/A
  User Name: N/A
  Computer: DESKTOP-UR71QBS
  Description: 
A privileged service was called.

Subject:
	Security ID:		S-1-5-21-999993552-654098596-4043940906-1001
	Account Name:		John
	Account Domain:		DESKTOP-UR71QBS
	Logon ID:		0x1A1C3

Service:
	Server:	Security
	Service Name:	-

Process:
	Process ID:	0x1814
	Process Name:	C:\Program Files\WindowsApps\Microsoft.MicrosoftOfficeHub_18.2002.1101.0_x64__8wekyb3d8bbwe\LocalBridge.exe

Service Request Information:
	Privileges:		SeProfileSingleProcessPrivilege

Event[3012]:
  Log Name: Security
  Source: Microsoft-Windows-Security-Auditing
  Date: 2020-06-26T13:45:15.034
  Event ID: 4673
  Task: Sensitive Privilege Use
  Level: Information
  Opcode: Info
  Keyword: Audit Failure
  User: N/A
  User Name: N/A
  Computer: DESKTOP-UR71QBS
  Description: 
A privileged service was called.

Subject:
	Security ID:		S-1-5-21-999993552-654098596-4043940906-1001
	Account Name:		John
	Account Domain:		DESKTOP-UR71QBS
	Logon ID:		0x1A1C3

Service:
	Server:	Security
	Service Name:	-

Process:
	Process ID:	0x1880
	Process Name:	C:\Windows\System32\RuntimeBroker.exe

Service Request Information:
	Privileges:		SeTcbPrivilege

Event[3013]:
  Log Name: Security
  Source: Microsoft-Windows-Security-Auditing
  Date: 2020-06-26T13:45:15.060
  Event ID: 4673
  Task: Sensitive Privilege Use
  Level: Information
  Opcode: Info
  Keyword: Audit Failure
  User: N/A
  User Name: N/A
  Computer: DESKTOP-UR71QBS
  Description: 
A privileged service was called.

Subject:
	Security ID:		S-1-5-21-999993552-654098596-4043940906-1001
	Account Name:		John
	Account Domain:		DESKTOP-UR71QBS
	Logon ID:		0x1A1C3

Service:
	Server:	Security
	Service Name:	-

Process:
	Process ID:	0x1814
	Process Name:	C:\Program Files\WindowsApps\Microsoft.MicrosoftOfficeHub_18.2002.1101.0_x64__8wekyb3d8bbwe\LocalBridge.exe

Service Request Information:
	Privileges:		SeCreateGlobalPrivilege

Event[3014]:
  Log Name: Security
  Source: Microsoft-Windows-Security-Auditing
  Date: 2020-06-26T13:45:15.140
  Event ID: 4673
  Task: Sensitive Privilege Use
  Level: Information
  Opcode: Info
  Keyword: Audit Failure
  User: N/A
  User Name: N/A
  Computer: DESKTOP-UR71QBS
  Description: 
A privileged service was called.

Subject:
	Security ID:		S-1-5-21-999993552-654098596-4043940906-1001
	Account Name:		John
	Account Domain:		DESKTOP-UR71QBS
	Logon ID:		0x1A1C3

Service:
	Server:	Security
	Service Name:	-

Process:
	Process ID:	0x1880
	Process Name:	C:\Windows\System32\RuntimeBroker.exe

Service Request Information:
	Privileges:		SeTcbPrivilege

Event[3015]:
  Log Name: Security
  Source: Microsoft-Windows-Security-Auditing
  Date: 2020-06-26T13:45:29.051
  Event ID: 4663
  Task: File System
  Level: Information
  Opcode: Info
  Keyword: Audit Success
  User: N/A
  User Name: N/A
  Computer: DESKTOP-UR71QBS
  Description: 
An attempt was made to access an object.

Subject:
	Security ID:		S-1-5-21-999993552-654098596-4043940906-1002
	Account Name:		evilhacker
	Account Domain:		DESKTOP-UR71QBS
	Logon ID:		0x4E7A7

Object:
	Object Server:		Security
	Object Type:		File
	Object Name:		C:\SharedFiles\games
	Handle ID:		0x3320
	Resource Attributes:	S:AI

Process Information:
	Process ID:		0x4
	Process Name:		

Access Request Information:
	Accesses:		ReadAttributes
				
	Access Mask:		0x80

Event[3016]:
  Log Name: Security
  Source: Microsoft-Windows-Security-Auditing
  Date: 2020-06-26T13:45:29.052
  Event ID: 4663
  Task: File System
  Level: Information
  Opcode: Info
  Keyword: Audit Success
  User: N/A
  User Name: N/A
  Computer: DESKTOP-UR71QBS
  Description: 
An attempt was made to access an object.

Subject:
	Security ID:		S-1-5-21-999993552-654098596-4043940906-1002
	Account Name:		evilhacker
	Account Domain:		DESKTOP-UR71QBS
	Logon ID:		0x4E7A7

Object:
	Object Server:		Security
	Object Type:		File
	Object Name:		C:\SharedFiles\OfficeParty
	Handle ID:		0x3320
	Resource Attributes:	S:AI

Process Information:
	Process ID:		0x4
	Process Name:		

Access Request Information:
	Accesses:		ReadAttributes
				
	Access Mask:		0x80

Event[3017]:
  Log Name: Security
  Source: Microsoft-Windows-Security-Auditing
  Date: 2020-06-26T13:45:31.344
  Event ID: 5140
  Task: File Share
  Level: Information
  Opcode: Info
  Keyword: Audit Success
  User: N/A
  User Name: N/A
  Computer: DESKTOP-UR71QBS
  Description: 
A network share object was accessed.
	
Subject:
	Security ID:		S-1-5-21-999993552-654098596-4043940906-1002
	Account Name:		evilhacker
	Account Domain:		DESKTOP-UR71QBS
	Logon ID:		0x4E7A7

Network Information:	
	Object Type:		File
	Source Address:		192.168.77.1
	Source Port:		50037
	
Share Information:
	Share Name:		\\*\IPC$
	Share Path:		

Access Request Information:
	Access Mask:		0x1
	Accesses:		ReadData (or ListDirectory)
				


Event[3018]:
  Log Name: Security
  Source: Microsoft-Windows-Security-Auditing
  Date: 2020-06-26T13:45:31.350
  Event ID: 5140
  Task: File Share
  Level: Information
  Opcode: Info
  Keyword: Audit Success
  User: N/A
  User Name: N/A
  Computer: DESKTOP-UR71QBS
  Description: 
A network share object was accessed.
	
Subject:
	Security ID:		S-1-5-18
	Account Name:		DESKTOP-UR71QBS$
	Account Domain:		WORKGROUP
	Logon ID:		0x3E7

Network Information:	
	Object Type:		File
	Source Address:		192.168.77.131
	Source Port:		49707
	
Share Information:
	Share Name:		\\*\IPC$
	Share Path:		

Access Request Information:
	Access Mask:		0x1
	Accesses:		ReadData (or ListDirectory)
				


Event[3019]:
  Log Name: Security
  Source: Microsoft-Windows-Security-Auditing
  Date: 2020-06-26T13:45:35.586
  Event ID: 4673
  Task: Sensitive Privilege Use
  Level: Information
  Opcode: Info
  Keyword: Audit Failure
  User: N/A
  User Name: N/A
  Computer: DESKTOP-UR71QBS
  Description: 
A privileged service was called.

Subject:
	Security ID:		S-1-5-21-999993552-654098596-4043940906-1001
	Account Name:		John
	Account Domain:		DESKTOP-UR71QBS
	Logon ID:		0x1A1C3

Service:
	Server:	Security
	Service Name:	-

Process:
	Process ID:	0x2114
	Process Name:	C:\Windows\System32\svchost.exe

Service Request Information:
	Privileges:		SeProfileSingleProcessPrivilege

Event[3020]:
  Log Name: Security
  Source: Microsoft-Windows-Security-Auditing
  Date: 2020-06-26T13:45:37.424
  Event ID: 4673
  Task: Sensitive Privilege Use
  Level: Information
  Opcode: Info
  Keyword: Audit Failure
  User: N/A
  User Name: N/A
  Computer: DESKTOP-UR71QBS
  Description: 
A privileged service was called.

Subject:
	Security ID:		S-1-5-20
	Account Name:		DESKTOP-UR71QBS$
	Account Domain:		WORKGROUP
	Logon ID:		0x3E4

Service:
	Server:	Security
	Service Name:	-

Process:
	Process ID:	0x19d0
	Process Name:	C:\Windows\System32\svchost.exe

Service Request Information:
	Privileges:		SeProfileSingleProcessPrivilege

Event[3021]:
  Log Name: Security
  Source: Microsoft-Windows-Security-Auditing
  Date: 2020-06-26T13:45:37.803
  Event ID: 4673
  Task: Sensitive Privilege Use
  Level: Information
  Opcode: Info
  Keyword: Audit Failure
  User: N/A
  User Name: N/A
  Computer: DESKTOP-UR71QBS
  Description: 
A privileged service was called.

Subject:
	Security ID:		S-1-5-20
	Account Name:		DESKTOP-UR71QBS$
	Account Domain:		WORKGROUP
	Logon ID:		0x3E4

Service:
	Server:	Security
	Service Name:	-

Process:
	Process ID:	0xbc4
	Process Name:	C:\Windows\System32\sppsvc.exe

Service Request Information:
	Privileges:		SeProfileSingleProcessPrivilege

Event[3022]:
  Log Name: Security
  Source: Microsoft-Windows-Security-Auditing
  Date: 2020-06-26T13:45:38.072
  Event ID: 4673
  Task: Sensitive Privilege Use
  Level: Information
  Opcode: Info
  Keyword: Audit Success
  User: N/A
  User Name: N/A
  Computer: DESKTOP-UR71QBS
  Description: 
A privileged service was called.

Subject:
	Security ID:		S-1-5-18
	Account Name:		DESKTOP-UR71QBS$
	Account Domain:		WORKGROUP
	Logon ID:		0x3E7

Service:
	Server:	NT Local Security Authority / Authentication Service
	Service Name:	LsaRegisterLogonProcess()

Process:
	Process ID:	0x280
	Process Name:	C:\Windows\System32\lsass.exe

Service Request Information:
	Privileges:		SeTcbPrivilege

Event[3023]:
  Log Name: Security
  Source: Microsoft-Windows-Security-Auditing
  Date: 2020-06-26T13:45:38.209
  Event ID: 4673
  Task: Sensitive Privilege Use
  Level: Information
  Opcode: Info
  Keyword: Audit Failure
  User: N/A
  User Name: N/A
  Computer: DESKTOP-UR71QBS
  Description: 
A privileged service was called.

Subject:
	Security ID:		S-1-5-19
	Account Name:		LOCAL SERVICE
	Account Domain:		NT AUTHORITY
	Logon ID:		0x3E5

Service:
	Server:	Security
	Service Name:	-

Process:
	Process ID:	0xec8
	Process Name:	C:\Windows\System32\svchost.exe

Service Request Information:
	Privileges:		SeProfileSingleProcessPrivilege

Event[3024]:
  Log Name: Security
  Source: Microsoft-Windows-Security-Auditing
  Date: 2020-06-26T13:45:38.260
  Event ID: 4673
  Task: Sensitive Privilege Use
  Level: Information
  Opcode: Info
  Keyword: Audit Success
  User: N/A
  User Name: N/A
  Computer: DESKTOP-UR71QBS
  Description: 
A privileged service was called.

Subject:
	Security ID:		S-1-5-18
	Account Name:		DESKTOP-UR71QBS$
	Account Domain:		WORKGROUP
	Logon ID:		0x3E7

Service:
	Server:	NT Local Security Authority / Authentication Service
	Service Name:	LsaRegisterLogonProcess()

Process:
	Process ID:	0x280
	Process Name:	C:\Windows\System32\lsass.exe

Service Request Information:
	Privileges:		SeTcbPrivilege

Event[3025]:
  Log Name: Security
  Source: Microsoft-Windows-Security-Auditing
  Date: 2020-06-26T13:45:46.836
  Event ID: 4673
  Task: Sensitive Privilege Use
  Level: Information
  Opcode: Info
  Keyword: Audit Failure
  User: N/A
  User Name: N/A
  Computer: DESKTOP-UR71QBS
  Description: 
A privileged service was called.

Subject:
	Security ID:		S-1-5-21-999993552-654098596-4043940906-1001
	Account Name:		John
	Account Domain:		DESKTOP-UR71QBS
	Logon ID:		0x1A1C3

Service:
	Server:	Security
	Service Name:	-

Process:
	Process ID:	0x348
	Process Name:	C:\Windows\System32\svchost.exe

Service Request Information:
	Privileges:		SeTcbPrivilege

Event[3026]:
  Log Name: Security
  Source: Microsoft-Windows-Security-Auditing
  Date: 2020-06-26T13:45:46.849
  Event ID: 4673
  Task: Sensitive Privilege Use
  Level: Information
  Opcode: Info
  Keyword: Audit Failure
  User: N/A
  User Name: N/A
  Computer: DESKTOP-UR71QBS
  Description: 
A privileged service was called.

Subject:
	Security ID:		S-1-5-21-999993552-654098596-4043940906-1001
	Account Name:		John
	Account Domain:		DESKTOP-UR71QBS
	Logon ID:		0x1A1C3

Service:
	Server:	Security
	Service Name:	-

Process:
	Process ID:	0x4a0
	Process Name:	C:\Windows\System32\backgroundTaskHost.exe

Service Request Information:
	Privileges:		SeProfileSingleProcessPrivilege

Event[3027]:
  Log Name: Security
  Source: Microsoft-Windows-Security-Auditing
  Date: 2020-06-26T13:45:47.027
  Event ID: 4673
  Task: Sensitive Privilege Use
  Level: Information
  Opcode: Info
  Keyword: Audit Failure
  User: N/A
  User Name: N/A
  Computer: DESKTOP-UR71QBS
  Description: 
A privileged service was called.

Subject:
	Security ID:		S-1-5-21-999993552-654098596-4043940906-1001
	Account Name:		John
	Account Domain:		DESKTOP-UR71QBS
	Logon ID:		0x1A1C3

Service:
	Server:	Security
	Service Name:	-

Process:
	Process ID:	0x600
	Process Name:	C:\Windows\System32\RuntimeBroker.exe

Service Request Information:
	Privileges:		SeProfileSingleProcessPrivilege

Event[3028]:
  Log Name: Security
  Source: Microsoft-Windows-Security-Auditing
  Date: 2020-06-26T13:45:47.339
  Event ID: 4673
  Task: Sensitive Privilege Use
  Level: Information
  Opcode: Info
  Keyword: Audit Failure
  User: N/A
  User Name: N/A
  Computer: DESKTOP-UR71QBS
  Description: 
A privileged service was called.

Subject:
	Security ID:		S-1-5-21-999993552-654098596-4043940906-1001
	Account Name:		John
	Account Domain:		DESKTOP-UR71QBS
	Logon ID:		0x1A1C3

Service:
	Server:	Security
	Service Name:	-

Process:
	Process ID:	0x4a0
	Process Name:	C:\Windows\System32\backgroundTaskHost.exe

Service Request Information:
	Privileges:		SeTcbPrivilege

Event[3029]:
  Log Name: Security
  Source: Microsoft-Windows-Security-Auditing
  Date: 2020-06-26T13:45:47.771
  Event ID: 4673
  Task: Sensitive Privilege Use
  Level: Information
  Opcode: Info
  Keyword: Audit Failure
  User: N/A
  User Name: N/A
  Computer: DESKTOP-UR71QBS
  Description: 
A privileged service was called.

Subject:
	Security ID:		S-1-5-21-999993552-654098596-4043940906-1001
	Account Name:		John
	Account Domain:		DESKTOP-UR71QBS
	Logon ID:		0x1A1C3

Service:
	Server:	Security
	Service Name:	-

Process:
	Process ID:	0x4a0
	Process Name:	C:\Windows\System32\backgroundTaskHost.exe

Service Request Information:
	Privileges:		SeTcbPrivilege

Event[3030]:
  Log Name: Security
  Source: Microsoft-Windows-Security-Auditing
  Date: 2020-06-26T13:45:48.636
  Event ID: 4663
  Task: File System
  Level: Information
  Opcode: Info
  Keyword: Audit Success
  User: N/A
  User Name: N/A
  Computer: DESKTOP-UR71QBS
  Description: 
An attempt was made to access an object.

Subject:
	Security ID:		S-1-5-21-999993552-654098596-4043940906-1002
	Account Name:		evilhacker
	Account Domain:		DESKTOP-UR71QBS
	Logon ID:		0x4E7A7

Object:
	Object Server:		Security
	Object Type:		File
	Object Name:		C:\SharedFiles\SecretProject
	Handle ID:		0x4c0
	Resource Attributes:	S:AI

Process Information:
	Process ID:		0x4
	Process Name:		

Access Request Information:
	Accesses:		ReadAttributes
				
	Access Mask:		0x80

Event[3031]:
  Log Name: Security
  Source: Microsoft-Windows-Security-Auditing
  Date: 2020-06-26T13:45:48.651
  Event ID: 4663
  Task: File System
  Level: Information
  Opcode: Info
  Keyword: Audit Success
  User: N/A
  User Name: N/A
  Computer: DESKTOP-UR71QBS
  Description: 
An attempt was made to access an object.

Subject:
	Security ID:		S-1-5-21-999993552-654098596-4043940906-1002
	Account Name:		evilhacker
	Account Domain:		DESKTOP-UR71QBS
	Logon ID:		0x4E7A7

Object:
	Object Server:		Security
	Object Type:		File
	Object Name:		C:\SharedFiles\CorporatePlans
	Handle ID:		0x2f50
	Resource Attributes:	S:AI

Process Information:
	Process ID:		0x4
	Process Name:		

Access Request Information:
	Accesses:		ReadAttributes
				
	Access Mask:		0x80

Event[3032]:
  Log Name: Security
  Source: Microsoft-Windows-Security-Auditing
  Date: 2020-06-26T13:45:48.654
  Event ID: 4663
  Task: File System
  Level: Information
  Opcode: Info
  Keyword: Audit Success
  User: N/A
  User Name: N/A
  Computer: DESKTOP-UR71QBS
  Description: 
An attempt was made to access an object.

Subject:
	Security ID:		S-1-5-21-999993552-654098596-4043940906-1002
	Account Name:		evilhacker
	Account Domain:		DESKTOP-UR71QBS
	Logon ID:		0x4E7A7

Object:
	Object Server:		Security
	Object Type:		File
	Object Name:		C:\SharedFiles\games
	Handle ID:		0x2d58
	Resource Attributes:	S:AI

Process Information:
	Process ID:		0x4
	Process Name:		

Access Request Information:
	Accesses:		ReadAttributes
				
	Access Mask:		0x80

Event[3033]:
  Log Name: Security
  Source: Microsoft-Windows-Security-Auditing
  Date: 2020-06-26T13:45:48.667
  Event ID: 4663
  Task: File System
  Level: Information
  Opcode: Info
  Keyword: Audit Success
  User: N/A
  User Name: N/A
  Computer: DESKTOP-UR71QBS
  Description: 
An attempt was made to access an object.

Subject:
	Security ID:		S-1-5-21-999993552-654098596-4043940906-1002
	Account Name:		evilhacker
	Account Domain:		DESKTOP-UR71QBS
	Logon ID:		0x4E7A7

Object:
	Object Server:		Security
	Object Type:		File
	Object Name:		C:\SharedFiles
	Handle ID:		0x1e1c
	Resource Attributes:	S:AI

Process Information:
	Process ID:		0x4
	Process Name:		

Access Request Information:
	Accesses:		READ_CONTROL
				
	Access Mask:		0x20000

Event[3034]:
  Log Name: Security
  Source: Microsoft-Windows-Security-Auditing
  Date: 2020-06-26T13:45:48.675
  Event ID: 4663
  Task: File System
  Level: Information
  Opcode: Info
  Keyword: Audit Success
  User: N/A
  User Name: N/A
  Computer: DESKTOP-UR71QBS
  Description: 
An attempt was made to access an object.

Subject:
	Security ID:		S-1-5-21-999993552-654098596-4043940906-1002
	Account Name:		evilhacker
	Account Domain:		DESKTOP-UR71QBS
	Logon ID:		0x4E7A7

Object:
	Object Server:		Security
	Object Type:		File
	Object Name:		C:\SharedFiles\SecretProject
	Handle ID:		0x2d7c
	Resource Attributes:	S:AI

Process Information:
	Process ID:		0x4
	Process Name:		

Access Request Information:
	Accesses:		READ_CONTROL
				
	Access Mask:		0x20000

Event[3035]:
